139.87
139.69
139.48
139.34
139.13
138.99
138.82
138.67
138.54
138.43
138.25
138.11
137.94
137.80
137.66
137.52
137.34
137.20
137.06
136.89
136.71
136.58
136.40
136.26
136.09
135.95
135.81
135.63
135.49
135.32
135.18
135.04
134.86
134.69
134.55
134.41
134.30
134.16
134.02
133.88
133.74
133.64
133.53
133.39
133.29
133.15
133.04
132.94
132.80
132.66
132.55
132.45
132.31
132.24
132.13
131.96
131.82
131.75
131.65
131.54
131.40
131.30
131.09
130.98
130.84
130.74
130.60
130.46
130.35
130.21
130.07
129.97
129.83
129.72
129.58
129.48
129.38
129.27
129.10
129.03
128.89
128.75
128.64
128.54
128.40
128.26
128.15
128.05
127.91
127.80
127.67
127.60
127.46
127.35
127.21
127.14
127.00
126.90
126.76
126.69
126.58
126.44
126.34
126.23
126.17
126.03
125.89
125.78
125.68
125.54
125.43
125.36
125.22
125.08
125.01
124.91
124.77
124.67
124.56
124.46
124.35
124.25
124.18
124.04
123.93
123.79
123.72
123.59
123.48
123.38
123.27
123.13
122.99
122.92
122.78
122.71
122.61
122.51
122.40
122.26
122.09
121.98
121.88
121.74
121.60
121.50
121.43
121.29
121.18
121.08
121.01
120.94
120.83
120.73
120.66
120.52
120.38
120.28
120.21
120.07
119.93
119.82
119.75
119.65
119.51
119.44
119.37
119.30
119.20
119.13
119.06
118.99
118.92
118.85
118.75
118.68
118.64
118.54
118.47
118.36
118.26
118.19
118.12
118.01
117.91
117.84
117.67
117.60
117.49
117.35
117.32
117.18
117.08
117.04
116.90
116.83
116.69
116.55
116.45
116.34
116.24
116.14
116.03
115.93
115.79
115.68
115.61
115.51
115.37
115.30
115.23
115.06
115.02
115.09
114.92
114.71
114.61
114.50
114.40
114.33
114.22
114.15
114.02
113.95
113.88
113.77
113.70
113.60
113.53
113.46
113.39
113.25
113.18
113.08
113.01
112.94
112.83
112.73
112.66
112.59
112.52
112.45
112.38
112.35
112.24
112.14
112.07
112.00
111.90
111.86
111.76
111.76
111.65
111.62
111.55
111.58
111.52
111.45
111.41
111.34
111.27
111.24
111.17
111.20
110.96
110.79
110.65
110.54
110.44
110.33
110.27
110.16
110.06
109.95
109.85
109.74
109.64
109.57
109.47
109.36
109.26
109.12
109.09
109.09
109.02
108.91
108.98
109.05
108.98
108.91
108.84
108.74
108.67
108.57
108.91
108.88
108.77
108.67
108.57
108.46
108.36
108.25
108.15
108.08
107.98
107.87
107.80
107.70
107.59
107.52
107.42
107.35
107.25
107.14
107.04
106.97
106.87
106.80
106.69
106.59
106.52
106.45
106.38
106.28
106.24
106.14
106.07
105.93
105.90
105.83
105.72
105.65
105.55
105.51
105.41
105.34
105.31
105.24
105.20
105.13
105.06
104.99
104.92
104.86
104.79
104.72
104.65
104.58
104.51
104.44
104.37
104.34
104.27
104.20
104.13
104.09
103.99
103.92
103.89
103.82
103.78
103.71
103.64
103.57
103.50
103.50
103.40
103.37
103.33
103.19
103.19
103.12
103.02
102.98
102.92
102.88
102.81
102.71
102.71
102.64
102.53
102.50
102.43
102.36
102.29
102.26
102.19
102.12
102.02
101.95
101.88
101.84
101.74
101.67
101.57
101.53
101.43
101.32
101.25
101.15
101.08
101.01
100.91
100.84
100.80
100.70
100.67
100.63
100.60
100.49
100.46
100.39
100.32
100.25
100.25
100.18
100.15
100.08
100.04
99.97
99.97
99.90
99.87
99.84
99.77
99.73
99.73
99.70
99.63
99.56
99.52
99.49
99.45
99.42
99.35
99.32
99.25
99.18
99.14
99.07
99.04
98.97
98.90
98.87
98.80
98.76
98.69
98.62
98.59
98.52
98.45
98.38
98.35
98.28
98.24
98.21
98.14
98.11
98.04
98.04
97.97
97.97
97.90
97.86
97.79
97.76
97.69
97.66
97.59
97.55
97.48
97.45
97.41
97.38
97.31
97.28
97.21
97.14
97.10
97.07
97.00
96.93
96.86
96.83
96.79
96.72
96.65
96.58
96.52
96.48
96.41
96.38
96.31
96.27
96.24
96.17
96.10
96.07
96.00
95.93
95.93
95.89
95.82
95.79
95.72
95.69
95.65
95.58
95.55
95.48
95.44
95.41
95.34
95.31
95.24
95.20
95.17
95.10
95.06
95.03
95.00
94.93
94.89
94.86
94.82
94.75
94.72
94.65
94.65
94.55
94.51
94.44
94.41
94.37
94.34
94.27
94.24
94.17
94.13
94.10
94.03
93.96
93.92
93.86
93.82
93.75
93.72
93.65
93.65
93.58
93.51
93.48
93.41
93.37
93.34
93.30
93.23
93.20
93.16
93.10
93.06
93.03
92.96
92.89
92.85
92.82
92.82
92.75
92.72
92.68
92.65
92.58
92.54
92.47
92.41
92.37
92.34
92.30
92.20
92.16
92.13
92.09
92.06
91.99
91.92
91.92
91.85
91.82
91.78
91.75
91.68
91.65
91.58
91.61
91.54
91.51
91.47
91.44
91.37
91.34
91.30
91.27
91.23
91.20
91.09
91.06
91.02
90.99
90.92
90.92
90.82
90.82
90.75
90.71
90.68
90.65
90.61
90.54
90.51
90.47
90.44
90.40
90.37
90.30
90.27
90.23
90.20
90.13
90.09
90.06
90.02
89.99
89.92
89.92
89.85
89.82
89.78
89.75
89.68
89.65
89.54
89.54
89.44
89.40
89.37
89.33
89.30
89.23
89.20
89.16
89.09
89.06
88.99
88.92
88.89
88.89
88.85
88.82
88.75
88.71
88.64
88.61
88.61
88.54
88.51
88.44
88.40
88.37
88.33
88.27
88.23
88.20
88.20
88.13
88.13
88.09
88.02
87.99
87.96
87.92
87.89
87.85
87.78
87.78
87.75
87.68
87.65
87.61
87.58
87.51
87.54
87.47
87.47
87.44
87.40
87.37
87.30
87.27
87.23
87.16
87.13
87.09
87.09
87.02
86.99
86.96
86.89
86.85
86.78
86.78
86.75
86.68
86.65
86.61
86.54
86.51
86.47
86.40
86.37
86.37
86.27
86.27
86.23
86.16
86.13
86.09
86.06
86.03
85.99
85.96
85.92
85.85
85.82
85.75
85.72
85.68
85.65
85.58
85.58
85.54
85.51
85.47
85.44
85.41
85.37
85.30
85.27
85.23
85.20
85.16
85.13
85.10
85.06
84.99
84.96
84.92
84.85
84.85
84.75
84.75
84.72
84.68
84.61
84.61
84.54
84.51
84.48
84.44
84.41
84.37
84.30
84.27
84.27
84.20
84.20
84.13
84.10
84.10
83.99
83.99
83.92
83.92
83.86
83.82
83.79
83.75
83.68
83.68
83.65
83.65
83.58
83.55
83.51
83.44
83.44
83.37
83.37
83.30
83.27
83.24
83.20
83.20
83.13
83.06
83.06
83.00
82.93
82.89
82.86
82.82
82.79
82.79
82.75
82.75
82.69
82.65
82.65
82.62
82.58
82.55
82.51
82.48
82.48
82.44
82.41
82.41
82.34
82.31
82.31
82.27
82.20
82.20
82.17
82.13
82.07
82.03
81.96
81.93
81.89
81.86
81.83
81.79
81.76
81.69
81.65
81.65
81.62
81.55
81.55
81.52
81.48
81.45
81.45
81.38
81.34
81.34
81.31
81.27
81.24
81.21
81.17
81.14
81.10
81.03
81.03
81.00
80.96
80.93
80.90
80.86
80.83
80.83
80.76
80.76
80.72
80.69
80.62
80.59
80.48
80.45
80.45
80.48
80.52
80.48
80.31
80.17
80.00
79.83
79.66
79.52
79.42
79.31
79.21
79.18
79.07
78.97
78.94
78.87
78.83
78.94
79.14
79.31
79.38
79.42
79.45
79.52
79.52
79.55
79.55
79.59
79.55
79.55
79.52
79.45
79.52
79.42
79.35
79.31
79.28
79.25
79.25
79.21
79.21
79.14
79.11
79.07
79.04
79.00
78.97
78.97
78.97
78.90
78.83
78.83
78.83
78.80
78.76
78.76
78.73
78.66
78.66
78.66
78.59
78.56
78.52
78.49
78.49
78.42
78.42
78.39
78.35
78.32
78.32
78.28
78.25
78.21
78.18
78.18
78.18
78.15
78.11
78.08
78.04
77.97
77.97
77.94
77.90
77.87
77.84
77.80
77.80
77.73
77.73
77.70
77.66
77.66
77.63
77.63
77.60
77.56
77.56
77.53
77.53
77.49
77.49
77.49
77.49
77.46
77.46
77.39
77.32
77.32
77.29
77.25
77.22
77.22
77.25
77.05
76.87
76.77
76.60
76.46
76.32
76.15
76.05
75.91
75.84
75.74
75.67
75.53
75.47
75.36
75.33
75.26
75.23
75.19
75.16
75.16
75.12
75.09
75.09
75.02
75.05
75.02
74.98
75.02
74.98
74.98
74.95
74.95
74.95
74.92
74.92
74.92
74.88
74.88
74.81
74.81
74.81
74.81
74.81
74.74
74.71
74.71
74.68
74.64
74.61
74.57
74.54
74.50
74.47
74.47
74.44
74.40
74.40
74.33
74.33
74.30
74.30
74.30
74.26
74.26
74.23
74.20
74.16
74.13
74.13
74.09
74.06
74.02
73.99
73.99
73.95
73.95
73.92
73.92
73.89
73.85
73.85
73.85
73.82
73.85
73.89
73.89
73.89
73.89
73.85
73.82
73.78
73.71
73.65
73.58
73.51
73.47
73.41
73.37
73.37
73.37
73.41
73.41
73.41
73.47
73.44
73.51
73.47
73.47
73.44
73.44
73.44
73.41
73.41
73.41
73.37
73.34
73.30
73.27
73.23
73.20
73.17
73.17
73.13
73.13
73.13
73.13
73.10
73.06
73.10
73.06
73.06
73.06
73.06
72.99
72.96
72.99
72.96
72.93
72.93
72.89
72.89
72.86
72.82
72.79
72.79
72.75
72.72
72.75
72.72
72.72
72.69
72.65
72.65
72.62
72.58
72.51
72.51
72.48
72.45
72.41
72.38
72.38
72.38
72.31
72.27
72.24
72.24
72.17
72.14
72.14
72.14
72.10
72.10
72.07
72.07
72.07
72.03
72.03
72.00
72.00
72.00
71.93
71.93
71.93
71.90
71.83
71.79
71.76
71.76
71.76
71.76
71.69
71.69
71.69
71.66
71.66
71.62
71.59
71.59
71.55
71.48
71.48
71.48
71.45
71.45
71.42
71.42
71.42
71.38
71.42
71.38
71.35
71.31
71.31
71.31
71.31
71.28
71.24
71.24
71.24
71.18
71.21
71.18
71.18
71.11
71.14
71.07
71.07
71.04
71.04
71.04
71.04
71.00
70.97
71.00
70.97
70.94
70.94
70.90
70.87
70.87
70.87
70.80
70.73
70.70
70.66
70.66
70.63
70.63
70.63
70.59
70.59
70.56
70.52
70.49
70.46
70.46
70.42
70.39
70.35
70.32
70.28
70.28
70.22
70.18
70.15
70.11
70.11
70.04
70.04
70.01
70.01
69.98
69.94
69.91
69.87
69.84
69.80
69.77
69.74
69.74
69.74
69.70
69.67
69.67
69.60
69.60
69.56
69.56
69.53
69.50
69.46
69.50
69.46
69.43
69.43
69.39
69.39
69.36
69.39
69.36
69.39
69.39
69.39
69.39
69.39
69.36
69.36
69.32
69.29
69.32
69.26
69.26
69.26
69.22
69.19
69.15
69.15
69.12
69.12
69.08
69.08
69.05
69.05
68.98
69.05
69.02
68.98
68.98
68.95
68.98
68.95
68.95
68.91
68.95
68.91
68.91
68.84
68.88
68.88
68.88
68.84
68.81
68.81
68.81
68.78
68.78
68.81
68.78
68.71
68.71
68.67
68.64
68.60
68.57
68.54
68.57
68.50
68.54
68.47
68.50
68.50
68.47
68.43
68.43
68.43
68.43
68.40
68.40
68.40
68.36
68.40
68.33
68.36
68.36
68.36
68.36
68.30
68.33
68.30
68.30
68.23
68.23
68.23
68.19
68.19
68.19
68.16
68.12
68.12
68.09
68.12
68.09
68.02
67.99
68.02
67.95
67.95
67.92
67.88
67.88
67.85
67.85
67.85
67.82
67.82
67.82
67.78
67.78
67.78
67.78
67.78
67.75
67.75
67.71
67.71
67.68
67.68
67.68
67.64
67.64
67.61
67.58
67.58
67.54
67.51
67.51
67.47
67.51
67.44
67.47
67.47
67.41
67.37
67.41
67.34
67.34
67.34
67.37
67.30
67.30
67.27
67.23
67.20
67.20
67.20
67.20
67.13
67.13
67.13
67.13
67.10
67.10
67.10
67.06
67.06
67.03
66.99
67.03
66.96
66.96
66.93
66.86
66.89
66.82
66.82
66.82
66.79
66.75
66.75
66.72
66.69
66.65
66.62
66.58
66.55
66.51
66.51
66.51
66.51
66.45
66.45
66.45
66.41
66.34
66.34
66.31
66.27
66.24
66.21
66.21
66.17
66.21
66.21
66.21
66.21
66.21
66.21
66.21
66.21
66.21
66.21
66.17
66.17
66.17
66.17
66.17
66.14
66.14
66.14
66.14
66.14
66.14
66.14
66.10
66.14
66.10
66.10
66.10
66.10
66.07
66.10
66.10
66.04
66.07
66.04
66.04
66.07
66.04
66.00
65.93
65.93
65.90
65.90
65.86
65.86
65.86
65.86
65.86
65.86
65.83
65.80
65.83
65.80
65.80
65.80
65.80
65.76
65.76
65.73
65.76
65.69
65.66
65.62
65.59
65.56
65.56
65.56
65.52
65.49
65.49
65.49
65.49
65.45
65.45
65.42
65.45
65.45
65.45
65.45
65.45
65.45
65.42
65.45
65.45
65.45
65.45
65.45
65.42
65.42
65.45
65.42
65.42
65.42
65.42
65.38
65.42
65.42
65.38
65.42
65.42
65.38
65.35
65.32
65.35
65.32
65.28
65.28
65.25
65.18
65.21
65.18
65.14
65.14
65.11
65.08
65.08
65.04
65.01
65.01
64.97
64.97
64.97
64.97
64.97
64.97
64.97
64.97
65.01
64.97
64.94
64.97
64.97
64.97
64.94
64.91
64.91
64.91
64.84
64.87
64.84
64.84
64.84
64.80
64.77
64.80
64.80
64.80
64.80
64.80
64.84
64.80
64.84
64.77
64.80
64.80
64.80
64.80
64.77
64.73
64.77
64.77
64.73
64.73
64.73
64.77
64.77
64.77
64.77
64.77
64.73
64.73
64.73
64.77
64.77
64.73
64.73
64.73
64.73
64.73
64.77
64.73
64.73
64.70
64.70
64.70
64.67
64.63
64.63
64.63
64.60
64.60
64.60
64.56
64.60
64.60
64.56
64.56
64.53
64.49
64.53
64.49
64.53
64.49
64.53
64.53
64.53
64.46
64.53
64.46
64.46
64.46
64.46
64.46
64.43
64.43
64.43
64.39
64.39
64.36
64.36
64.32
64.36
64.32
64.32
64.29
64.29
64.29
64.25
64.25
64.25
64.25
64.22
64.22
64.19
64.19
64.19
64.15
64.12
64.15
64.12
64.08
64.08
64.05
64.02
63.98
63.95
63.95
63.91
63.88
63.88
63.84
63.84
63.84
63.81
63.78
63.78
63.74
63.71
63.74
63.71
63.67
63.67
63.67
63.67
63.64
63.64
63.64
63.60
63.57
63.57
63.54
63.54
63.54
63.50
63.50
63.50
63.50
63.43
63.43
63.43
63.43
63.43
63.40
63.37
63.33
63.33
63.37
63.37
63.33
63.33
63.33
63.30
63.26
63.26
63.26
63.26
63.23
63.19
63.19
63.16
63.13
63.13
63.09
63.13
63.06
63.09
63.09
63.06
63.02
63.02
62.99
63.02
62.99
62.99
62.99
62.99
62.95
62.92
62.92
62.89
62.85
62.85
62.85
62.82
62.78
62.78
62.75
62.75
62.72
62.68
62.65
62.61
62.61
62.58
62.54
62.54
62.54
62.58
62.54
62.54
62.54
62.51
62.51
62.51
62.51
62.48
62.48
62.41
62.41
62.41
62.37
62.37
62.37
62.37
62.41
62.37
62.34
62.34
62.34
62.30
62.27
62.24
62.13
62.10
62.06
62.03
62.03
62.00
61.96
62.00
61.96
62.00
61.96
61.93
61.89
61.86
61.83
61.79
61.76
61.76
61.72
61.69
61.65
61.69
61.65
61.65
61.65
61.69
61.65
61.62
61.65
61.65
61.62
61.59
61.62
61.59
61.55
61.55
61.55
61.52
61.55
61.55
61.48
61.52
61.52
61.48
61.52
61.52
61.48
61.48
61.48
61.45
61.48
61.42
61.42
61.42
61.42
61.38
61.35
61.38
61.38
61.38
61.35
61.31
61.31
61.28
61.24
61.28
61.24
61.21
61.24
61.28
61.21
61.21
61.18
61.18
61.21
61.18
61.18
61.14
61.18
61.14
61.14
61.14
61.14
61.18
61.11
61.11
61.11
61.07
61.11
61.07
61.11
61.11
61.11
61.11
61.11
61.11
61.11
61.11
61.11
61.11
61.11
61.11
61.14
61.11
61.11
61.14
61.11
61.11
61.11
61.14
61.11
61.07
61.14
61.11
61.11
61.14
61.11
61.11
61.07
61.11
61.07
61.11
61.07
61.07
61.11
61.07
61.11
61.07
61.07
61.07
61.07
61.07
61.07
61.07
61.07
61.07
61.04
61.04
61.00
61.04
61.04
61.00
61.00
60.97
60.97
60.94
60.90
60.90
60.87
60.83
60.83
60.83
60.83
60.80
60.80
60.73
60.73
60.70
60.73
60.73
60.73
60.70
60.73
60.73
60.73
60.73
60.73
60.73
60.73
60.73
60.70
60.70
60.73
60.70
60.70
60.70
60.73
60.73
60.73
60.70
60.70
60.73
60.70
60.70
60.73
60.73
60.73
60.73
60.73
60.73
60.73
60.73
60.73
60.73
60.70
60.70
60.73
60.70
60.70
60.73
60.73
60.70
60.73
60.73
60.70
60.70
60.70
60.73
60.73
60.70
60.73
60.70
60.70
60.70
60.70
60.70
60.70
60.70
60.70
60.66
60.66
60.63
60.63
60.59
60.63
60.59
60.59
60.59
60.56
60.56
60.53
60.53
60.53
60.56
60.53
60.49
60.49
60.49
60.46
60.46
60.46
60.46
60.42
60.39
60.39
60.39
60.39
60.36
60.36
60.32
60.36
60.32
60.32
60.29
60.25
60.25
60.25
60.25
60.22
60.22
60.25
60.25
60.25
60.22
60.22
60.22
60.22
60.22
60.18
60.22
60.18
60.18
60.18
60.15
60.15
60.15
60.12
60.15
60.15
60.15
60.15
60.15
60.18
60.15
60.15
60.12
60.12
60.08
60.12
60.12
60.12
60.12
60.12
60.08
60.08
60.12
60.12
60.12
60.12
60.15
60.12
60.08
60.08
60.08
60.05
60.05
60.01
60.05
60.05
60.01
60.01
60.05
60.05
60.05
60.05
60.05
60.05
60.05
60.08
60.05
60.01
60.05
60.05
60.05
60.05
60.01
60.01
60.01
60.01
59.98
59.98
59.98
59.98
59.98
59.98
59.98
59.98
59.98
59.98
59.98
59.98
59.98
59.98
59.98
60.01
59.98
60.01
60.01
60.05
60.05
60.05
60.05
60.05
60.05
60.05
60.05
60.01
60.05
60.01
60.01
60.01
60.01
59.98
59.98
59.95
59.95
59.91
59.91
59.91
59.95
59.91
59.91
59.91
59.91
59.91
59.91
59.91
59.91
59.91
59.91
59.88
59.95
59.91
59.88
59.91
59.91
59.91
59.91
59.88
59.88
59.88
59.84
59.84
59.84
59.84
59.84
59.81
59.84
59.81
59.84
59.84
59.84
59.84
59.84
59.84
59.84
59.81
59.84
59.81
59.84
59.81
59.81
59.81
59.81
59.77
59.77
59.77
59.74
59.74
59.74
59.74
59.74
59.71
59.74
59.74
59.74
59.74
59.71
59.71
59.71
59.64
59.67
59.67
59.71
59.67
59.67
59.64
59.64
59.67
59.64
59.64
59.64
59.64
59.64
59.64
59.64
59.64
59.64
59.64
59.64
59.67
59.67
59.64
59.64
59.64
59.64
59.60
59.60
59.60
59.60
59.57
59.60
59.60
59.60
59.60
59.64
59.64
59.60
59.64
59.64
59.64
59.64
59.64
59.64
59.67
59.64
59.67
59.67
59.67
59.67
59.67
59.67
59.67
59.64
59.64
59.60
59.60
59.60
59.60
59.60
59.60
59.60
59.60
59.60
59.64
59.64
59.60
59.60
59.60
59.60
59.60
59.60
59.64
59.60
59.60
59.60
59.64
59.60
59.64
59.60
59.64
59.60
59.60
59.60
59.60
59.64
59.60
59.60
59.60
59.60
59.60
59.60
59.57
59.57
59.60
59.60
59.60
59.57
59.60
59.60
59.60
59.60
59.57
59.57
59.57
59.53
59.57
59.53
59.57
59.53
59.57
59.57
59.57
59.57
59.53
59.53
59.57
59.53
59.53
59.53
59.53
59.53
59.53
59.53
59.53
59.53
59.57
59.53
59.50
59.53
59.53
59.50
59.50
59.50
59.50
59.43
59.43
59.43
59.43
59.43
59.43
59.40
59.40
59.40
59.40
59.43
59.40
59.40
59.36
59.40
59.40
59.36
59.40
59.40
59.36
59.36
59.33
59.36
59.33
59.33
59.30
59.30
59.30
59.30
59.26
59.26
59.23
59.23
59.23
59.19
59.19
59.19
59.19
59.16
59.16
59.19
59.12
59.16
59.16
59.12
59.12
59.12
59.16
59.16
59.09
59.12
59.16
59.09
59.12
59.09
59.09
59.09
59.09
59.09
59.09
59.09
59.09
59.09
59.06
59.09
59.09
59.09
59.09
59.06
59.09
59.06
59.09
59.09
59.09
59.09
59.09
59.09
59.09
59.12
59.12
59.12
59.09
59.09
59.12
59.12
59.09
59.09
59.16
59.12
59.12
59.12
59.16
59.16
59.12
59.12
59.16
59.12
59.16
59.16
59.12
59.12
59.12
59.12
59.09
59.12
59.12
59.12
59.12
59.09
59.12
59.12
59.12
59.12
59.16
59.09
59.16
59.12
59.16
59.16
59.12
59.16
59.16
59.16
59.12
59.16
59.12
59.16
59.16
59.16
59.12
59.16
59.16
59.16
59.16
59.12
59.12
59.09
59.09
59.06
59.12
59.12
59.12
59.09
59.09
59.09
59.09
59.12
59.09
59.09
59.09
59.12
59.09
59.12
59.12
59.12
59.12
59.09
59.09
59.12
59.12
59.12
59.12
59.12
59.09
59.09
59.12
59.09
59.12
59.09
59.12
59.09
59.12
59.12
59.09
59.09
59.12
59.09
59.09
59.09
59.09
59.09
59.09
59.06
59.09
59.09
59.09
59.06
59.09
59.06
59.09
59.09
59.06
59.06
59.06
59.06
59.06
59.06
59.06
59.06
59.06
59.02
59.06
59.06
59.06
59.06
59.06
59.06
59.06
59.02
59.06
59.06
59.06
59.12
59.09
59.06
59.06
59.06
59.02
59.06
58.95
58.92
58.89
58.89
58.85
58.85
58.85
58.82
58.85
58.78
58.78
58.75
58.71
58.68
58.68
58.68
58.68
58.65
58.65
58.61
58.54
58.54
58.51
58.48
58.48
58.51
58.51
58.48
58.48
58.48
58.44
58.44
58.44
58.48
58.48
58.48
58.51
58.48
58.51
58.51
58.48
58.48
58.48
58.48
58.48
58.48
58.51
58.51
58.51
58.51
58.54
58.54
58.51
58.51
58.51
58.54
58.58
58.54
58.58
58.54
58.54
58.54
58.54
58.54
58.54
58.54
58.54
58.54
58.58
58.58
58.58
58.58
58.54
58.58
58.54
58.58
58.58
58.54
58.54
58.54
58.54
58.54
58.54
58.54
58.51
58.51
58.48
58.51
58.48
58.48
58.51
58.48
58.48
58.48
58.48
58.48
58.48
58.44
58.44
58.44
58.41
58.44
58.41
58.44
58.44
58.41
58.44
58.41
58.41
58.37
58.34
58.34
58.37
58.34
58.34
58.34
58.30
58.34
58.34
58.34
58.37
58.37
58.34
58.37
58.34
58.37
58.37
58.37
58.37
58.34
58.37
58.37
58.37
58.37
58.37
58.41
58.34
58.37
58.37
58.37
58.37
58.34
58.34
58.37
58.34
58.34
58.30
58.34
58.34
58.34
58.34
58.34
58.37
58.30
58.37
58.34
58.34
58.34
58.34
58.34
58.30
58.30
58.30
58.30
58.30
58.34
58.34
58.30
58.30
58.30
58.27
58.30
58.30
58.27
58.30
58.27
58.27
58.27
58.27
58.27
58.27
58.27
58.27
58.24
58.27
58.27
58.27
58.27
58.27
58.30
58.27
58.27
58.27
58.27
58.27
58.24
58.24
58.27
58.27
58.27
58.27
58.27
58.27
58.24
58.30
58.30
58.24
58.24
58.24
58.27
58.24
58.24
58.24
58.24
58.24
58.24
58.24
58.24
58.20
58.20
58.20
58.20
58.20
58.17
58.17
58.17
58.20
58.17
58.20
58.17
58.17
58.17
58.17
58.17
58.20
58.17
58.17
58.17
58.20
58.20
58.20
58.24
58.20
58.20
58.20
58.24
58.20
58.20
58.20
58.20
58.24
58.24
58.17
58.24
58.20
58.17
58.24
58.20
58.20
58.20
58.17
58.17
58.20
58.20
58.20
58.17
58.20
58.20
58.20
58.17
58.17
58.20
58.20
58.17
58.20
58.17
58.17
58.17
58.17
58.17
58.20
58.17
58.17
58.17
58.20
58.17
58.17
58.17
58.13
58.13
58.13
58.13
58.13
58.13
58.10
58.10
58.10
58.10
58.07
58.10
58.10
58.10
58.10
58.10
58.10
58.10
58.07
58.07
58.10
58.10
58.07
58.07
58.07
58.07
58.07
58.03
58.07
58.07
58.07
58.00
58.07
58.03
58.03
58.03
58.03
58.03
58.03
58.03
58.00
58.00
58.00
58.00
57.96
57.96
57.93
57.96
57.93
57.93
57.93
57.93
57.93
57.89
57.89
57.89
57.89
57.89
57.89
57.89
57.93
57.89
57.89
57.93
57.93
57.89
57.93
57.96
57.93
57.93
57.96
57.96
57.93
57.96
57.96
57.93
57.93
57.93
57.93
57.93
57.96
57.93
57.96
57.96
57.96
57.96
58.00
57.96
57.96
57.93
57.96
57.93
57.89
57.89
57.86
57.86
57.86
57.86
57.86
57.86
57.86
57.86
57.86
57.89
57.86
57.83
57.83
57.83
57.83
57.83
57.83
57.83
57.79
57.83
57.83
57.79
57.79
57.79
57.83
57.79
57.79
57.83
57.83
57.83
57.83
57.86
57.86
57.83
57.83
57.79
57.76
57.76
57.76
57.72
57.72
57.76
57.72
57.69
57.66
57.66
57.66
57.62
57.62
57.62
57.62
57.62
57.66
57.62
57.62
57.66
57.62
57.62
57.59
57.59
57.59
57.55
57.59
57.62
57.62
57.62
57.59
57.62
57.62
57.62
57.66
57.66
57.62
57.62
57.66
57.66
57.69
57.66
57.66
57.66
57.62
57.62
57.59
57.62
57.62
57.62
57.62
57.62
57.62
57.62
57.62
57.59
57.62
57.62
57.62
57.66
57.62
57.62
57.62
57.62
57.62
57.62
57.66
57.62
57.62
57.62
57.66
57.66
57.62
57.62
57.62
57.66
57.62
57.62
57.62
57.59
57.62
57.55
57.55
57.55
57.55
57.55
57.55
57.55
57.55
57.59
57.59
57.55
57.55
57.59
57.59
57.59
57.59
57.59
57.62
57.62
57.62
57.62
57.66
57.66
57.66
57.66
57.66
57.66
57.66
57.69
57.62
57.66
57.69
57.69
57.66
57.66
57.69
57.69
57.66
57.66
57.66
57.59
57.66
57.62
57.62
57.62
57.62
57.66
57.62
57.66
57.69
57.69
57.69
57.66
57.69
57.72
57.72
57.69
57.69
57.69
57.72
57.72
57.72
57.72
57.72
57.72
57.72
57.72
57.72
57.72
57.69
57.72
57.72
57.72
57.69
57.72
57.72
57.72
57.72
57.72
57.72
57.76
57.76
57.76
57.79
57.76
57.79
57.79
57.79
57.76
57.76
57.79
57.79
57.79
57.76
57.76
57.83
57.83
57.79
57.79
57.79
57.79
57.79
57.79
57.79
57.76
57.79
57.76
57.76
57.79
57.79
57.79
57.76
57.76
57.76
57.76
57.76
57.76
57.72
57.72
57.72
57.72
57.72
57.72
57.69
57.69
57.69
57.69
57.69
57.72
57.72
57.72
57.69
57.69
57.72
57.69
57.72
57.72
57.69
57.72
57.72
57.72
57.72
57.72
57.76
57.76
57.72
57.72
57.76
57.76
57.76
57.76
57.76
57.76
57.72
57.72
57.72
57.72
57.72
57.72
57.76
57.72
57.72
57.72
57.69
57.72
57.72
57.72
57.72
57.72
57.72
57.72
57.72
57.72
57.76
57.72
57.72
57.72
57.69
57.69
57.69
57.69
57.66
57.66
57.69
57.69
57.69
57.62
57.66
57.66
57.62
57.62
57.59
57.62
57.62
57.59
57.59
57.59
57.55
57.55
57.59
57.55
57.59
57.59
57.59
57.59
57.59
57.59
57.59
57.62
57.62
57.62
57.59
57.59
57.59
57.62
57.59
57.59
57.62
57.62
57.59
57.62
57.59
57.59
57.62
57.59
57.59
57.59
57.59
57.59
57.59
57.55
57.59
57.59
57.59
57.55
57.55
57.55
57.55
57.55
57.55
57.59
57.55
57.55
57.55
57.59
57.55
57.55
57.52
57.52
57.55
57.52
57.52
57.52
57.55
57.52
57.55
57.52
57.52
57.52
57.52
57.52
57.48
57.48
57.52
57.48
57.48
57.48
57.48
57.48
57.48
57.48
57.45
57.42
57.45
57.42
57.42
57.38
57.35
57.38
57.38
57.38
57.38
57.38
57.38
57.38
57.35
57.38
57.38
57.38
57.42
57.38
57.38
57.35
57.35
57.38
57.35
57.38
57.35
57.35
57.38
57.35
57.35
57.35
57.38
57.35
57.35
57.35
57.35
57.35
57.31
57.31
57.28
57.31
57.28
57.28
57.31
57.31
57.31
57.31
57.31
57.31
57.35
57.28
57.31
57.28
57.28
57.28
57.28
57.28
57.25
57.28
57.28
57.25
57.28
57.28
57.28
57.28
57.31
57.31
57.28
57.31
57.28
57.31
57.28
57.31
57.28
57.28
57.31
57.28
57.28
57.31
57.28
57.28
57.28
57.28
57.31
57.28
57.31
57.28
57.28
57.28
57.25
57.25
57.25
57.25
57.25
57.28
57.28
57.28
57.25
57.31
57.31
57.28
57.31
57.31
57.35
57.35
57.35
57.31
57.35
57.35
57.35
57.38
57.35
57.35
57.35
57.31
57.35
57.31
57.31
57.28
57.28
57.31
57.31
57.31
57.28
57.28
57.28
57.28
57.28
57.28
57.31
57.31
57.28
57.28
57.28
57.28
57.28
57.28
57.28
57.28
57.28
57.28
57.28
57.28
57.28
57.28
57.28
57.28
57.31
57.28
57.25
57.28
57.28
57.25
57.21
57.21
57.25
57.21
57.21
57.25
57.21
57.21
57.18
57.18
57.18
57.18
57.18
57.18
57.14
57.14
57.18
57.18
57.18
57.18
57.21
57.18
57.18
57.18
57.18
57.18
57.18
57.21
57.18
57.21
57.21
57.21
57.25
57.21
57.21
57.21
57.28
57.25
57.21
57.25
57.21
57.25
57.25
57.21
57.25
57.25
57.21
57.25
57.21
57.25
57.25
57.25
57.25
57.21
57.25
57.25
57.25
57.21
57.28
57.25
57.28
57.28
57.28
57.28
57.31
57.25
57.28
57.25
57.28
57.28
57.28
57.28
57.28
57.31
57.28
57.28
57.31
57.28
57.31
57.31
57.31
57.31
57.28
57.31
57.31
57.28
57.28
57.31
57.31
57.28
57.31
57.31
57.28
57.31
57.31
57.31
57.28
57.28
57.25
57.31
57.25
57.28
57.28
57.28
57.28
57.28
57.28
57.28
57.28
57.28
57.28
57.28
57.31
57.28
57.28
57.28
57.31
57.31
57.28
57.28
57.28
57.28
57.28
57.28
57.28
57.28
57.28
57.28
57.28
57.28
57.25
57.28
57.28
57.28
57.25
57.25
57.25
57.25
57.28
57.25
57.25
57.25
57.25
57.25
57.21
57.25
57.21
57.25
57.25
57.21
57.25
57.21
57.25
57.21
57.21
57.21
57.21
57.21
57.21
57.21
57.21
57.18
57.21
57.21
57.18
57.18
57.18
57.18
57.18
57.18
57.18
57.18
57.14
57.14
57.18
57.14
57.14
57.14
57.14
57.14
57.14
57.11
57.11
57.14
57.11
57.11
57.08
57.11
57.08
57.04
57.04
57.01
57.01
56.97
56.97
56.97
56.97
57.01
57.01
56.97
57.01
56.97
57.01
56.97
57.01
57.01
57.01
57.04
57.01
57.01
57.01
57.01
57.01
57.01
57.04
57.01
57.04
57.01
57.01
57.08
57.01
57.04
57.01
57.01
57.01
57.01
57.01
57.01
57.01
57.01
56.97
57.01
56.97
57.01
56.97
56.97
56.97
56.97
56.94
56.90
56.97
56.94
56.97
56.97
56.97
56.94
56.97
56.97
56.94
56.94
56.94
56.90
56.94
56.94
56.94
56.94
56.90
56.90
56.90
56.90
56.90
56.90
56.94
56.90
56.94
56.94
56.90
56.94
56.90
56.94
56.90
56.90
56.94
56.94
56.90
56.94
56.94
56.97
56.97
56.94
56.97
56.97
56.97
56.97
57.01
57.01
56.97
57.01
57.01
57.01
56.97
57.01
57.01
57.04
57.04
57.01
57.01
57.01
57.01
57.04
57.04
57.04
57.04
57.04
57.04
57.04
57.01
57.04
57.01
56.97
57.04
57.01
57.01
57.04
57.04
57.04
57.01
57.04
57.04
57.01
57.04
57.01
57.04
57.04
57.01
57.04
57.04
57.04
57.04
57.04
57.04
57.04
57.01
57.08
57.04
57.01
57.04
57.04
57.04
57.08
57.08
57.08
57.08
57.11
57.08
57.08
57.08
57.11
57.08
57.08
57.08
57.14
57.11
57.11
57.11
57.11
57.11
57.11
57.11
57.11
57.08
57.11
57.11
57.11
57.11
57.11
57.08
57.08
57.08
57.04
57.04
57.08
57.08
57.08
57.04
57.04
57.04
57.01
57.04
57.01
56.97
57.01
57.01
56.97
56.97
57.01
56.97
56.97
56.97
57.01
56.97
56.97
56.94
56.97
56.97
56.97
56.97
56.97
56.97
56.97
56.97
56.97
56.97
56.97
56.97
56.97
56.97
56.97
56.94
56.97
56.94
56.94
56.90
56.94
56.94
56.90
56.94
56.90
56.90
56.90
56.90
56.94
56.94
56.94
56.97
56.97
56.97
56.97
56.97
56.97
56.97
56.97
56.97
56.97
56.97
56.97
56.97
56.97
57.01
57.01
57.01
57.01
57.01
56.97
56.97
57.01
56.97
56.97
56.97
57.04
57.01
57.04
57.01
57.01
57.01
57.01
57.01
57.01
57.04
56.97
57.01
57.04
57.01
57.01
56.97
57.01
56.97
56.97
56.97
57.01
57.01
56.97
57.01
56.97
56.97
57.01
57.01
57.01
57.01
57.04
57.01
57.01
57.04
57.04
57.01
57.04
57.04
57.04
57.04
57.04
57.08
57.04
57.04
57.08
57.04
57.04
57.08
57.04
57.04
57.08
57.08
57.04
57.04
57.04
57.08
57.08
57.04
57.04
57.04
57.04
57.04
57.04
57.04
57.04
57.08
57.04
57.04
57.04
57.08
57.04
57.08
57.04
57.08
57.08
57.04
57.04
57.04
57.04
57.04
57.04
57.04
57.01
57.01
57.01
57.01
57.01
56.97
57.01
57.01
56.97
57.01
56.97
56.97
56.97
57.01
57.01
57.01
57.01
57.01
57.01
57.01
56.97
57.01
56.97
56.97
57.01
56.97
56.97
56.97
57.01
56.97
57.01
56.97
56.97
56.97
56.94
56.97
56.97
57.01
57.01
56.97
56.97
57.01
57.04
56.97
57.01
57.01
57.01
56.97
57.01
57.01
57.01
57.01
57.04
57.04
57.04
57.04
57.04
57.01
57.04
57.04
57.08
57.04
57.04
57.08
57.04
57.04
57.01
57.04
57.01
57.01
57.01
56.97
56.97
56.97
56.94
56.97
56.97
56.94
56.94
56.97
56.94
56.90
56.90
56.94
56.90
56.87
56.87
56.87
56.87
56.87
56.87
56.87
56.84
56.84
56.87
56.80
56.84
56.84
56.87
56.84
56.87
56.87
56.87
56.87
56.87
56.87
56.90
56.87
56.87
56.90
56.87
56.87
56.87
56.87
56.87
56.87
56.87
56.87
56.87
56.87
56.87
56.87
56.84
56.84
56.87
56.87
56.84
56.87
56.84
56.87
56.87
56.87
56.87
56.87
56.90
56.87
56.87
56.87
56.90
56.90
56.90
56.90
56.90
56.94
56.90
56.94
56.87
56.94
56.94
56.94
56.97
56.94
56.94
56.94
56.97
56.94
56.97
56.97
56.97
56.97
57.01
56.97
56.97
56.97
56.97
56.97
57.01
57.01
56.97
57.01
57.01
56.97
56.97
56.94
56.97
56.97
56.97
57.01
56.97
57.01
56.97
56.97
57.01
56.97
57.01
57.01
57.01
57.04
57.01
56.97
56.97
56.97
56.97
56.97
56.97
56.94
56.94
56.97
56.97
56.97
56.97
56.97
56.97
56.97
56.97
57.01
57.01
57.01
57.01
57.04
57.01
57.01
57.01
57.04
57.01
57.01
57.04
56.97
57.01
57.01
57.08
57.04
57.04
57.01
57.01
57.01
56.97
57.04
57.01
57.04
57.04
57.04
57.01
57.01
57.01
57.01
56.97
57.01
56.97
57.04
57.01
57.01
57.01
57.01
57.01
57.01
57.01
56.97
56.97
56.97
56.94
56.94
56.97
56.94
56.94
56.90
56.94
56.90
56.90
56.94
56.90
56.90
56.90
56.90
56.90
56.94
56.90
56.90
56.94
56.90
56.90
56.94
56.94
56.94
56.94
56.94
56.94
56.94
56.94
56.97
56.97
56.94
56.94
56.94
56.94
56.94
56.97
56.94
56.90
56.94
56.94
56.90
56.90
56.90
56.90
56.90
56.90
56.87
56.90
56.90
56.87
56.90
56.90
56.90
56.90
56.90
56.94
56.90
56.94
56.94
56.90
56.90
56.87
56.84
56.84
56.84
56.80
56.84
56.80
56.84
56.84
56.80
56.84
56.84
56.84
56.84
56.77
56.80
56.77
56.80
56.77
56.80
56.80
56.80
56.80
56.77
56.77
56.73
56.77
56.77
56.77
56.73
56.77
56.77
56.77
56.77
56.73
56.77
56.77
56.77
56.77
56.77
56.77
56.77
56.77
56.77
56.77
56.77
56.77
56.77
56.80
56.77
56.77
56.77
56.77
56.77
56.80
56.80
56.77
56.80
56.80
56.80
56.80
56.80
56.80
56.80
56.80
56.77
56.77
56.77
56.77
56.77
56.73
56.73
56.70
56.73
56.70
56.70
56.70
56.70
56.67
56.67
56.67
56.67
56.63
56.63
56.63
56.67
56.63
56.63
56.63
56.63
56.67
56.63
56.63
56.63
56.60
56.60
56.63
56.60
56.60
56.63
56.63
56.63
56.60
56.63
56.63
56.60
56.63
56.60
56.60
56.60
56.56
56.60
56.60
56.60
56.56
56.60
56.60
56.60
56.60
56.60
56.60
56.56
56.60
56.56
56.60
56.56
56.56
56.56
56.56
56.56
56.60
56.56
56.53
56.43
56.32
56.32
56.32
56.36
56.36
56.36
56.36
56.39
56.39
56.39
56.39
56.43
56.39
56.39
56.39
56.39
56.36
56.39
56.43
56.39
56.43
56.36
56.39
56.36
56.39
56.39
56.36
56.36
56.36
56.39
56.39
56.39
56.39
56.36
56.36
56.39
56.36
56.39
56.39
56.39
56.36
56.39
56.39
56.39
56.43
56.43
56.39
56.43
56.39
56.39
56.36
56.36
56.36
56.36
56.36
56.32
56.29
56.32
56.32
56.36
56.32
56.32
56.32
56.29
56.12
55.98
55.88
55.68
55.33
55.09
54.89
54.62
54.41
54.24
54.07
53.87
53.70
53.56
53.46
53.35
53.29
53.22
53.18
53.12
53.08
53.01
52.95
52.95
52.88
52.88
52.84
52.77
52.77
52.74
52.77
52.77
52.77
52.71
52.74
52.74
52.71
52.74
52.71
52.71
52.74
52.74
52.74
52.74
52.71
52.71
52.74
52.74
52.74
52.77
52.77
52.77
52.74
52.77
52.77
52.81
52.77
52.81
52.74
52.77
52.77
52.77
52.77
52.77
52.74
52.77
52.77
52.77
52.81
52.77
52.77
52.77
52.81
52.77
52.77
52.77
52.74
52.77
52.74
52.74
52.74
52.71
52.74
52.74
52.71
52.71
52.71
52.67
52.71
52.67
52.67
52.71
52.67
52.71
52.67
52.71
52.71
52.71
52.67
52.67
52.67
52.67
52.64
52.60
52.64
52.60
52.60
52.57
52.60
52.57
52.57
52.60
52.60
52.60
52.60
52.60
52.60
52.60
52.60
52.60
52.60
52.60
52.60
52.57
52.60
52.60
52.57
52.60
52.60
52.60
52.60
52.64
52.60
52.60
52.60
52.60
52.60
52.60
52.57
52.60
52.60
52.64
52.60
52.60
52.57
52.60
52.60
52.60
52.60
52.60
52.60
52.60
52.57
52.57
52.60
52.60
52.60
52.60
52.60
52.60
52.60
52.60
52.64
52.60
52.60
52.60
52.60
52.60
52.64
52.64
52.64
52.60
52.64
52.64
52.64
52.60
52.64
52.67
52.60
52.64
52.64
52.60
52.60
52.60
52.57
52.57
52.57
52.57
52.54
52.57
52.54
52.54
52.57
52.57
52.57
52.57
52.57
52.57
52.60
52.57
52.57
52.57
52.57
52.57
52.54
52.57
52.54
52.57
52.60
52.57
52.57
52.57
52.57
52.57
52.57
52.57
52.57
52.60
52.57
52.57
52.57
52.57
52.57
52.57
52.57
52.57
52.57
52.54
52.60
52.57
52.54
52.54
52.57
52.54
52.57
52.54
52.57
52.57
52.57
52.54
52.57
52.57
52.60
52.60
52.60
52.60
52.60
52.60
52.60
52.60
52.60
52.60
52.64
52.64
52.60
52.60
52.64
52.64
52.64
52.64
52.64
52.67
52.67
52.67
52.67
52.67
52.67
52.64
52.67
52.67
52.67
52.67
52.71
52.67
52.64
52.67
52.67
52.64
52.71
52.67
52.67
52.64
52.67
52.67
52.67
52.67
52.64
52.67
52.67
52.64
52.64
52.67
52.64
52.60
52.57
52.64
52.60
52.60
52.60
52.57
52.57
52.57
52.54
52.50
52.54
52.50
52.47
52.47
52.50
52.47
52.47
52.50
52.50
52.47
52.50
52.47
52.50
52.50
52.50
52.50
52.47
52.47
52.47
52.47
52.47
52.47
52.43
52.43
52.43
52.43
52.47
52.40
52.40
52.40
52.40
52.37
52.37
52.33
52.33
52.33
52.33
52.33
52.30
52.30
52.30
52.30
52.30
52.30
52.30
52.30
52.30
52.30
52.30
52.30
52.30
52.30
52.33
52.30
52.30
52.33
52.33
52.26
52.30
52.26
52.26
52.26
52.26
52.26
52.30
52.26
52.30
52.30
52.30
52.30
52.33
52.37
52.37
52.37
52.37
52.37
52.40
52.40
52.37
52.40
52.40
52.40
52.40
52.40
52.40
52.43
52.40
52.40
52.40
52.43
52.43
52.43
52.43
52.47
52.47
52.50
52.50
52.47
52.47
52.50
52.50
52.50
52.50
52.54
52.54
52.54
52.54
52.54
52.54
52.54
52.57
52.57
52.57
52.57
52.57
52.60
52.60
52.64
52.64
52.60
52.60
52.64
52.64
52.57
52.60
52.64
52.64
52.60
52.60
52.64
52.67
52.64
52.64
52.64
52.67
52.64
52.64
52.67
52.67
52.67
52.71
52.67
52.71
52.71
52.74
52.74
52.74
52.74
52.74
52.74
52.74
52.71
52.74
52.71
52.74
52.74
52.74
52.71
52.74
52.71
52.71
52.71
52.71
52.71
52.67
52.67
52.67
52.67
52.71
52.67
52.67
52.64
52.67
52.64
52.64
52.64
52.64
52.64
52.64
52.64
52.60
52.57
52.57
52.57
52.54
52.54
52.54
52.54
52.54
52.54
52.54
52.54
52.54
52.54
52.54
52.54
52.54
52.54
52.50
52.50
52.47
52.47
52.43
52.47
52.47
52.43
52.47
52.47
52.47
52.47
52.43
52.47
52.47
52.43
52.43
52.43
52.43
52.47
52.47
52.43
52.43
52.47
52.47
52.50
52.47
52.47
52.47
52.43
52.43
52.43
52.43
52.43
52.40
52.40
52.40
52.40
52.40
52.40
52.40
