52.74
52.74
52.77
52.74
52.74
52.71
52.71
52.74
52.77
52.74
52.74
52.74
52.71
52.74
52.71
52.71
52.74
52.74
52.71
52.71
52.74
52.71
52.71
52.74
52.74
52.77
52.77
52.77
52.81
52.77
52.77
52.77
52.81
52.81
52.81
52.81
52.84
52.81
52.88
52.81
52.84
52.84
52.84
52.88
52.88
52.91
52.88
52.88
52.88
52.95
52.88
52.91
52.95
52.91
52.98
52.98
52.98
52.98
52.98
52.98
53.01
53.05
52.98
53.01
53.05
52.98
53.01
53.05
53.05
53.05
53.05
53.05
53.08
53.08
53.08
53.12
53.08
53.08
53.12
53.08
53.08
53.12
53.12
53.12
53.18
53.12
53.12
53.12
53.15
53.12
53.15
53.12
53.12
53.15
53.18
53.15
53.15
53.18
53.12
53.18
53.15
53.18
53.18
53.18
53.18
53.18
53.18
53.22
53.22
53.18
53.22
53.25
53.29
53.29
53.32
53.32
53.32
53.29
53.35
53.35
53.39
53.42
53.32
53.39
53.42
53.39
53.46
53.46
53.49
53.46
53.49
53.49
53.53
53.49
53.49
53.53
53.53
53.56
53.56
53.59
53.56
53.59
53.59
53.63
53.63
53.63
53.66
53.66
53.66
53.66
53.70
53.66
53.70
53.70
53.70
53.70
53.70
53.73
53.70
53.70
53.73
53.70
53.73
53.70
53.70
53.70
53.70
53.73
53.73
53.70
53.70
53.70
53.73
53.70
53.70
53.70
53.66
53.70
53.70
53.73
53.70
53.76
53.73
53.76
53.70
53.76
53.73
53.76
53.76
53.80
53.80
53.83
53.80
53.80
53.83
53.80
53.83
53.83
53.83
53.83
53.80
53.80
53.83
53.83
53.83
53.80
53.83
53.83
53.83
53.80
53.80
53.83
53.87
53.83
53.83
53.80
53.80
53.83
53.80
53.83
53.83
53.87
53.87
53.83
53.87
53.90
53.87
53.90
53.87
53.90
53.90
53.90
53.93
53.90
53.93
53.93
53.97
53.97
53.93
53.97
53.97
54.00
53.97
53.97
54.00
54.00
53.97
54.00
54.04
54.00
54.00
54.04
54.07
54.07
54.07
54.07
54.07
54.07
54.11
54.11
54.11
54.14
54.11
54.11
54.11
54.14
54.14
54.14
54.17
54.14
54.17
54.14
54.17
54.17
54.17
54.21
54.21
54.21
54.21
54.24
54.21
54.21
54.21
54.24
54.24
54.24
54.21
54.04
53.76
53.66
53.59
53.59
53.59
53.59
53.63
53.63
53.59
53.56
53.53
53.56
53.56
53.53
53.53
53.56
53.56
53.56
53.53
53.49
53.46
53.42
53.39
53.42
53.35
53.35
53.39
53.35
53.32
53.39
53.35
53.29
53.35
53.35
53.32
53.32
53.35
53.35
53.32
53.32
53.32
53.32
53.29
53.29
53.32
53.29
53.32
53.32
53.35
53.35
53.35
53.35
53.39
53.35
53.39
53.39
53.39
53.39
53.39
53.42
53.39
53.42
53.42
53.42
53.46
53.42
53.46
53.46
53.46
53.49
53.46
53.46
53.49
53.49
53.49
53.53
53.49
53.49
53.49
53.56
53.53
53.53
53.56
53.56
53.56
53.56
53.59
53.56
53.63
53.59
53.59
53.59
53.56
53.63
53.59
53.63
53.63
53.66
53.63
53.63
53.70
53.63
53.70
53.66
53.70
53.70
53.70
53.70
53.73
53.70
53.73
53.76
53.73
53.70
53.73
53.76
53.76
53.76
53.73
53.76
53.76
53.76
53.80
53.76
53.80
53.80
53.80
53.83
53.80
53.80
53.80
53.80
53.80
53.83
53.87
53.87
53.87
53.87
53.83
53.87
53.83
53.87
53.87
53.87
53.90
53.87
53.87
53.93
53.87
53.93
53.90
53.90
53.90
53.90
53.90
53.93
53.90
53.90
53.93
53.90
53.93
53.90
53.97
53.93
53.93
53.93
53.97
53.97
53.97
54.00
53.97
53.97
54.00
53.97
53.97
54.00
53.97
53.97
54.00
54.00
53.97
54.00
54.00
54.04
54.00
54.07
54.04
54.04
54.04
54.07
54.07
54.07
54.11
54.07
54.07
54.14
54.11
54.11
54.11
54.14
54.11
54.14
54.14
54.14
54.14
54.14
54.14
54.11
54.14
54.14
54.14
54.14
54.11
54.14
54.11
54.14
54.17
54.14
54.17
54.17
54.17
54.17
54.17
54.17
54.17
54.14
54.17
54.21
54.21
54.24
54.17
54.21
54.21
54.21
54.17
54.17
54.24
54.24
54.24
54.28
54.24
54.24
54.28
54.24
54.24
54.21
54.24
54.24
54.28
54.24
54.28
54.28
54.28
54.31
54.31
54.28
54.28
54.24
54.28
54.31
54.28
54.34
54.28
54.31
54.31
54.28
54.28
54.28
54.28
54.31
54.24
54.24
54.28
54.28
54.31
54.31
54.31
54.31
54.28
54.31
54.28
54.31
54.34
54.28
54.34
54.34
54.38
54.38
54.38
54.38
54.38
54.41
54.45
54.45
54.41
54.45
54.41
54.41
54.45
54.41
54.48
54.48
54.48
54.51
54.48
54.48
54.48
54.48
54.48
54.51
54.48
54.48
54.51
54.51
54.48
54.48
54.48
54.48
54.48
54.48
54.51
54.51
54.51
54.45
54.48
54.48
54.45
54.41
54.41
54.41
54.41
54.45
54.41
54.41
54.41
54.38
54.41
54.38
54.41
54.38
54.38
54.38
54.34
54.38
54.34
54.34
54.34
54.34
54.34
54.31
54.31
54.31
54.31
54.31
54.31
54.31
54.28
54.28
54.28
54.28
54.24
54.24
54.28
54.28
54.24
54.28
54.31
54.31
54.34
54.34
54.34
54.34
54.34
54.38
54.38
54.41
54.34
54.38
54.41
54.41
54.41
54.41
54.41
54.41
54.41
54.41
54.41
54.45
54.41
54.41
54.45
54.41
54.45
54.45
54.45
54.48
54.45
54.45
54.41
54.38
54.41
54.41
54.41
54.41
54.45
54.45
54.45
54.45
54.41
54.48
54.41
54.48
54.45
54.51
54.48
54.51
54.48
54.51
54.48
54.48
54.51
54.45
54.55
54.51
54.48
54.55
54.55
54.55
54.51
54.51
54.51
54.55
54.55
54.55
54.51
54.58
54.51
54.55
54.55
54.55
54.51
54.55
54.55
54.58
54.58
54.55
54.55
54.55
54.58
54.55
54.55
54.58
54.55
54.58
54.58
54.58
54.62
54.62
54.62
54.62
54.62
54.62
54.58
54.65
54.58
54.62
54.58
54.62
54.58
54.62
54.62
54.62
54.65
54.62
54.62
54.58
54.58
54.58
54.65
54.62
54.62
54.65
54.65
54.65
54.65
54.62
54.62
54.65
54.69
54.65
54.65
54.69
54.69
54.69
54.72
54.72
54.75
54.72
54.75
54.72
54.72
54.75
54.75
54.75
54.79
54.79
54.79
54.82
54.79
54.82
54.82
54.82
54.82
54.82
54.82
54.82
54.86
54.86
54.86
54.89
54.86
54.86
54.86
54.89
54.89
54.89
54.89
54.86
54.89
54.92
54.89
54.89
54.89
54.92
54.89
54.89
54.92
54.89
54.89
54.92
54.89
54.89
54.92
54.92
54.89
54.89
54.92
54.92
54.92
54.89
54.89
54.89
54.86
54.82
54.82
54.82
54.82
54.82
54.82
54.82
54.79
54.82
54.82
54.79
54.82
54.79
54.75
54.75
54.75
54.75
54.75
54.72
54.72
54.72
54.75
54.72
54.72
54.72
54.69
54.72
54.65
54.69
54.65
54.62
54.69
54.65
54.65
54.65
54.62
54.62
54.65
54.65
54.65
54.65
54.65
54.65
54.65
54.65
54.69
54.65
54.65
54.65
54.69
54.69
54.69
54.69
54.69
54.65
54.65
54.69
54.69
54.69
54.69
54.69
54.69
54.69
54.65
54.69
54.69
54.69
54.69
54.69
54.69
54.72
54.72
54.72
54.75
54.69
54.75
54.75
54.75
54.72
54.72
54.75
54.75
54.75
54.79
54.75
54.75
54.75
54.72
54.72
54.69
54.69
54.72
54.72
54.69
54.75
54.69
54.72
54.75
54.69
54.72
54.75
54.75
54.75
54.72
54.72
54.75
54.72
54.72
54.72
54.72
54.69
54.69
54.72
54.75
54.72
54.75
54.75
54.75
54.79
54.79
54.79
54.75
54.82
54.75
54.79
54.79
54.82
54.82
54.82
54.82
54.82
54.82
54.89
54.86
54.82
54.86
54.82
54.86
54.86
54.86
54.86
54.92
54.89
54.92
54.89
54.89
54.89
54.92
54.92
54.92
54.92
54.92
54.96
54.96
54.96
54.96
54.96
55.03
54.99
54.99
54.99
54.99
54.99
54.99
54.99
54.96
54.96
54.99
54.99
54.99
55.03
54.99
54.99
54.99
54.96
54.99
54.99
54.99
55.03
55.03
54.99
55.03
55.03
55.03
54.99
55.03
55.03
54.96
54.99
54.99
54.99
55.03
55.03
54.99
54.99
54.99
55.03
54.99
54.99
54.99
55.03
55.03
55.03
54.99
54.99
54.99
54.99
55.03
54.99
54.99
55.03
55.03
54.99
55.03
54.99
55.03
55.03
55.03
55.03
55.06
55.06
55.06
55.09
55.09
55.06
55.06
55.09
55.09
55.09
55.09
55.09
55.09
55.06
55.09
55.09
55.09
55.06
55.09
55.06
55.09
55.06
55.09
55.03
55.06
55.09
55.06
55.09
55.03
55.03
55.06
55.06
55.03
55.06
55.03
55.03
55.03
55.03
55.03
54.99
54.99
54.96
54.99
54.96
54.96
54.96
54.96
54.96
54.99
54.96
54.99
54.96
54.99
54.96
54.96
54.99
54.96
54.92
54.96
54.92
54.96
54.99
54.99
54.96
54.96
54.99
54.96
54.99
54.99
54.96
54.96
54.99
54.96
54.96
54.99
54.99
54.99
54.99
55.03
54.99
55.03
54.99
54.99
54.99
55.03
55.03
55.03
55.03
55.06
55.06
55.09
55.06
55.09
55.09
55.09
55.09
55.13
55.09
55.16
55.13
55.13
55.16
55.16
55.23
55.16
55.13
55.16
55.13
55.13
55.13
55.13
55.13
55.16
55.09
55.06
55.03
54.99
54.96
54.99
54.96
54.92
54.96
54.92
54.92
54.92
54.89
54.92
54.92
54.96
54.92
54.92
54.92
54.96
54.92
54.92
54.96
54.92
54.96
54.96
54.96
54.96
54.89
54.96
54.92
54.92
54.92
54.89
54.92
54.89
54.89
54.89
54.92
54.92
54.92
54.92
54.92
54.92
54.92
54.96
54.96
54.96
54.92
54.96
54.96
54.96
54.96
54.96
54.92
54.96
54.96
54.96
54.96
54.96
54.99
54.96
54.99
54.99
54.99
54.99
55.03
55.03
54.99
54.99
55.03
54.99
55.03
55.03
55.03
54.99
55.03
54.96
54.99
54.99
54.99
54.99
54.99
54.99
54.99
54.99
54.99
54.99
55.03
55.03
55.06
55.03
54.99
54.99
54.99
54.96
54.92
54.92
54.92
54.89
54.92
54.92
54.92
54.96
54.96
54.92
54.92
54.92
54.96
54.96
54.99
54.99
54.99
55.03
55.03
54.99
55.03
54.99
55.03
55.03
55.06
55.03
55.06
55.03
55.03
55.06
55.09
55.06
55.06
55.09
55.09
55.13
55.09
55.09
55.13
55.09
55.09
55.13
55.16
55.16
55.16
55.16
55.16
55.16
55.16
55.16
55.13
55.16
55.16
55.13
55.20
55.16
55.20
55.20
55.20
55.20
55.20
55.23
55.20
55.16
55.16
55.20
55.16
55.20
55.20
55.20
55.20
55.20
55.20
55.20
55.20
55.23
55.20
55.23
55.20
55.20
55.20
55.20
55.23
55.20
55.20
55.23
55.20
55.23
55.20
55.20
55.23
55.27
55.23
55.20
55.23
55.23
55.23
55.20
55.27
55.20
55.23
55.20
55.23
55.20
55.23
55.20
55.23
55.23
55.20
55.20
55.23
55.27
55.23
55.27
55.27
55.23
55.27
55.23
55.27
55.27
55.30
55.27
55.30
55.30
55.30
55.27
55.30
55.27
55.27
55.27
55.30
55.30
55.30
55.27
55.27
55.30
55.27
55.30
55.30
55.27
55.30
55.27
55.27
55.33
55.30
55.30
55.33
55.30
55.27
55.30
55.27
55.27
55.27
55.30
55.27
55.30
55.27
55.27
55.27
55.27
55.23
55.27
55.23
55.27
55.27
55.27
55.27
55.30
55.27
55.30
55.30
55.30
55.27
55.30
55.30
55.33
55.33
55.30
55.30
55.30
55.30
55.37
55.30
55.30
55.37
55.37
55.33
55.33
55.37
55.37
55.37
55.33
55.33
55.33
55.33
55.33
55.33
55.37
55.33
55.30
55.33
55.33
55.37
55.33
55.40
55.33
55.33
55.33
55.37
55.37
55.37
55.30
55.37
55.37
55.37
55.37
55.40
55.37
55.37
55.37
55.40
55.37
55.40
55.40
55.37
55.37
55.37
55.40
55.33
55.37
55.37
55.37
55.40
55.40
55.37
55.33
55.33
55.37
55.37
55.37
55.33
55.40
55.37
55.37
55.37
55.40
55.33
55.37
55.37
55.37
55.33
55.37
55.40
55.37
55.37
55.37
55.37
55.37
55.37
55.37
55.33
55.37
55.37
55.37
55.37
55.37
55.40
55.40
55.40
55.40
55.40
55.37
55.37
55.40
55.37
55.40
55.37
55.40
55.40
55.40
55.40
55.37
55.37
55.40
55.44
55.44
55.44
55.40
55.44
55.44
55.44
55.47
55.44
55.44
55.40
55.47
55.44
55.44
55.44
55.44
55.47
55.44
55.47
55.44
55.47
55.47
55.47
55.50
55.47
55.47
55.47
55.47
55.47
55.47
55.47
55.47
55.47
55.47
55.47
55.44
55.47
55.50
55.47
55.47
55.47
55.44
55.50
55.50
55.47
55.47
55.47
55.44
55.47
55.47
55.50
55.50
55.50
55.47
55.50
55.50
55.50
55.47
55.47
55.50
55.44
55.47
55.44
55.47
55.50
55.47
55.44
55.47
55.47
55.47
55.47
55.47
55.47
55.47
55.47
55.50
55.47
55.47
55.50
55.47
55.47
55.50
55.50
55.50
55.50
55.54
55.50
55.50
55.47
55.47
55.50
55.50
55.47
55.47
55.50
55.47
55.40
55.47
55.47
55.44
55.47
55.47
55.47
55.50
55.50
55.47
55.44
55.47
55.47
55.50
55.50
55.47
55.47
55.50
55.54
55.50
55.50
55.47
55.54
55.57
55.54
55.54
55.54
55.57
55.54
55.54
55.54
55.54
55.61
55.54
55.57
55.54
55.54
55.54
55.57
55.57
55.54
55.54
55.54
55.54
55.54
55.54
55.54
55.54
55.54
55.54
55.57
55.61
55.54
55.57
55.54
55.57
55.54
55.57
55.54
55.54
55.57
55.54
55.57
55.57
55.54
55.54
55.54
55.57
55.54
55.57
55.57
55.57
55.57
55.57
55.54
55.61
55.61
55.57
55.57
55.57
55.61
55.61
55.57
55.61
55.61
55.61
55.61
55.61
55.64
55.64
55.61
55.61
55.64
55.61
55.61
55.61
55.61
55.61
55.61
55.57
55.61
55.61
55.64
55.57
55.61
55.57
55.61
55.61
55.61
55.64
55.64
55.57
55.61
55.57
55.57
55.61
55.57
55.57
55.61
55.61
55.61
55.61
55.61
55.61
55.57
55.57
55.57
55.57
55.57
55.57
55.57
55.54
55.57
55.54
55.54
55.54
55.57
55.54
55.54
55.57
55.54
55.57
55.57
55.54
55.57
55.54
55.57
55.54
55.57
55.57
55.57
55.54
55.57
55.57
55.54
55.54
55.54
55.54
55.54
55.57
55.57
55.57
55.57
55.57
55.54
55.57
55.54
55.54
55.57
55.54
55.54
55.54
55.54
55.54
55.50
55.54
55.50
55.54
55.50
55.50
55.54
55.54
55.54
55.50
55.54
55.54
55.54
55.50
55.50
55.50
55.54
55.50
55.50
55.50
55.50
55.50
55.54
55.54
55.50
55.50
55.54
55.50
55.54
55.50
55.50
55.54
55.50
55.50
55.50
55.47
55.50
55.47
55.50
55.50
55.47
55.47
55.47
55.50
55.44
55.47
55.47
55.44
55.47
55.47
55.44
55.44
55.47
55.47
55.44
55.47
55.44
55.44
55.40
55.47
55.44
55.47
55.44
55.47
55.44
55.44
55.47
55.44
55.44
55.44
55.47
55.47
55.47
55.50
55.47
55.47
55.47
55.47
55.47
55.50
55.50
55.50
55.50
55.50
55.54
55.50
55.50
55.50
55.50
55.50
55.54
55.57
55.50
55.54
55.54
55.54
55.54
55.54
55.54
55.57
55.54
55.54
55.57
55.54
55.54
55.54
55.50
55.50
55.47
55.50
55.54
55.50
55.47
55.50
55.50
55.54
55.47
55.54
55.54
55.50
55.50
55.47
55.50
55.54
55.50
55.50
55.54
55.54
55.57
55.54
55.54
55.54
55.54
55.54
55.54
55.54
55.54
55.54
55.54
55.54
55.54
55.54
55.54
55.50
55.54
55.57
55.54
55.57
55.54
55.50
55.54
55.54
55.57
55.57
55.50
55.54
55.54
55.57
55.50
55.50
55.50
55.47
55.54
55.50
55.50
55.50
55.54
55.50
55.54
55.54
55.54
55.54
55.57
55.54
55.54
55.57
55.54
55.57
55.57
55.57
55.57
55.57
55.57
55.61
55.57
55.57
55.57
55.57
55.61
55.61
55.61
55.61
55.61
55.61
55.57
55.54
55.61
55.57
55.64
55.57
55.64
55.61
55.61
55.64
55.61
55.64
55.61
55.61
55.64
55.64
55.64
55.64
55.68
55.64
55.61
55.64
55.68
55.68
55.64
55.68
55.64
55.68
55.68
55.71
55.71
55.68
55.68
55.64
55.68
55.71
55.68
55.68
55.71
55.71
55.71
55.71
55.71
55.71
55.74
55.71
55.71
55.71
55.71
55.71
55.71
55.71
55.74
55.74
55.74
55.71
55.74
55.74
55.71
55.71
55.71
55.71
55.74
55.74
55.74
55.74
55.71
55.78
55.74
55.74
55.71
55.74
55.78
55.78
55.74
