51.00
51.00
51.07
51.10
51.10
51.10
51.14
51.14
51.17
51.21
51.17
51.21
51.21
51.21
51.21
51.24
51.27
51.24
51.27
51.27
51.31
51.31
51.34
51.34
51.31
51.31
51.31
51.38
51.34
51.34
51.34
51.41
51.38
51.44
51.44
51.48
51.48
51.48
51.51
51.51
51.55
51.55
51.58
51.55
51.58
51.58
51.58
51.58
51.62
51.65
51.65
51.62
51.65
51.65
51.68
51.68
51.68
51.72
51.72
51.75
51.75
51.75
51.75
51.72
51.75
51.75
51.79
51.82
51.85
51.82
51.89
51.79
51.79
51.82
51.89
51.85
51.85
51.89
51.89
51.92
51.89
51.92
51.92
51.92
51.85
988.79
988.79
988.79
988.79
988.79
988.79
988.79
988.79
988.79
988.79
988.79
988.79
988.79
988.79
988.79
988.79
988.79
988.79
988.79
988.79
988.79
988.79
988.79
988.79
988.79
988.79
988.79
988.79
988.79
988.79
988.79
988.79
988.79
988.79
988.79
988.79
988.79
988.79
988.79
988.79
988.79
988.79
988.79
988.79
988.79
988.79
988.79
988.79
988.79
988.79
988.79
988.79
988.79
988.79
988.79
988.79
988.79
988.79
988.79
988.79
988.79
988.79
988.79
988.79
988.79
988.79
988.79
988.79
988.79
988.79
988.79
988.79
988.79
988.79
988.79
988.79
988.79
988.79
988.79
988.79
988.79
988.79
988.79
988.79
988.79
988.79
988.79
988.79
988.79
988.79
988.79
988.79
988.79
988.79
988.79
988.79
988.79
988.79
988.79
988.79
988.79
988.79
988.79
988.79
988.79
988.79
988.79
988.79
988.79
988.79
988.79
988.79
988.79
988.79
988.79
988.79
988.79
988.79
988.79
988.79
988.79
988.79
988.79
988.79
988.79
988.79
988.79
988.79
988.79
988.79
988.79
988.79
988.79
988.79
988.79
988.79
988.79
988.79
988.79
988.79
988.79
988.79
988.79
988.79
988.79
988.79
988.79
988.79
988.79
988.79
988.79
988.79
988.79
988.79
988.79
988.79
988.79
988.79
988.79
988.79
988.79
52.50
52.47
52.50
52.37
52.40
988.79
988.79
988.79
988.79
988.79
988.79
988.79
988.79
988.79
988.79
988.79
988.79
988.79
988.79
988.79
988.79
976.49
988.79
52.47
52.43
52.40
52.40
52.37
52.33
52.33
52.37
52.30
52.30
52.30
52.30
52.23
52.26
52.23
52.26
52.26
52.19
52.23
52.19
52.16
52.19
52.16
52.13
52.16
52.09
52.16
52.09
988.79
178.45
145.58
52.13
51.79
51.27
50.83
50.63
50.32
50.15
50.08
50.22
50.35
50.46
50.56
50.66
50.69
50.76
50.80
50.87
50.83
50.90
50.93
50.97
50.97
50.97
51.00
51.00
51.04
51.04
51.04
51.07
51.07
51.14
51.10
51.10
51.14
51.14
51.17
51.17
51.17
51.17
51.21
51.17
51.21
51.21
51.24
51.21
51.24
51.21
51.24
51.24
51.21
51.21
51.21
51.17
51.14
51.17
51.10
51.10
51.14
51.10
51.07
51.07
51.07
51.07
51.07
51.07
51.07
50.97
51.04
51.07
51.07
51.07
51.07
51.07
51.04
51.04
51.07
51.07
51.07
51.07
51.04
51.00
51.04
51.00
-241.67
51.00
51.04
51.04
51.00
51.00
51.07
51.00
51.07
51.04
51.04
51.07
51.07
51.00
51.04
51.10
51.04
51.07
51.07
51.04
51.04
51.07
51.07
51.10
51.07
51.04
51.04
51.07
51.07
51.07
51.04
51.04
51.04
51.04
51.04
51.04
51.04
51.04
51.00
51.04
50.97
51.00
51.00
51.00
50.97
51.00
51.00
51.00
50.97
51.00
50.97
51.00
51.00
50.97
50.97
50.97
50.97
50.97
50.97
50.97
50.97
51.00
50.97
50.97
50.93
50.93
50.93
50.90
50.93
50.93
50.93
50.90
50.90
50.93
50.93
50.90
50.90
50.90
50.90
50.93
50.90
50.90
50.87
50.90
50.87
50.87
50.87
50.90
50.87
50.90
50.87
50.90
50.97
51.04
51.10
51.24
51.41
51.58
51.75
51.99
52.19
52.50
52.77
53.08
53.39
53.76
54.11
54.41
54.69
55.03
55.33
55.64
55.95
56.29
56.53
56.84
57.11
57.38
57.66
57.93
58.17
58.41
58.68
58.92
59.19
59.47
59.74
60.12
60.46
60.77
61.14
61.52
61.96
62.37
62.82
63.23
63.64
64.05
64.46
64.84
65.25
65.66
66.04
66.48
66.86
67.27
67.61
67.99
68.40
68.81
69.19
69.60
70.04
70.42
70.83
71.31
71.72
72.14
72.55
72.93
73.37
73.82
74.23
74.64
75.05
75.50
75.88
76.22
76.60
76.94
77.36
77.73
78.08
78.45
78.83
79.18
79.52
79.90
80.17
80.59
80.86
81.21
81.55
81.89
82.24
82.55
82.89
83.20
83.51
83.89
84.17
84.48
84.82
85.16
85.54
85.89
86.23
86.61
86.96
87.30
87.61
87.96
88.27
88.58
88.92
89.30
89.61
89.99
90.33
90.71
91.06
91.37
91.65
91.89
92.13
92.37
92.58
92.85
93.10
93.41
93.68
93.96
94.20
94.41
94.58
94.86
95.03
95.24
95.48
95.72
96.00
96.34
96.65
97.03
97.38
97.79
98.21
98.59
99.01
99.39
99.80
100.18
100.56
100.94
101.32
101.67
102.05
102.43
102.81
103.16
103.50
103.85
104.13
104.47
104.79
105.13
105.44
105.79
106.17
106.48
106.83
107.21
107.56
107.91
108.25
108.57
108.95
109.26
109.57
109.88
110.23
110.54
110.82
111.13
111.48
111.76
112.11
112.38
112.66
112.90
113.18
113.53
113.81
114.05
114.33
114.61
114.82
115.13
115.34
115.55
115.75
115.96
116.24
116.45
116.66
116.90
117.18
117.39
117.60
117.88
118.05
118.36
118.57
118.81
119.09
119.30
119.58
119.79
120.10
120.35
120.59
120.87
121.15
121.36
121.60
121.84
122.12
122.30
122.57
122.78
123.06
123.31
123.52
123.76
124.00
124.25
124.46
124.70
124.91
125.12
125.36
125.57
125.75
125.96
126.20
126.41
126.65
126.79
127.00
127.21
127.39
127.56
127.80
128.01
128.22
128.47
128.68
128.89
129.10
129.31
129.52
129.72
129.97
130.21
130.42
130.67
130.88
131.09
131.26
131.51
131.72
131.92
132.10
132.31
132.48
132.69
132.90
133.11
133.29
133.50
133.67
133.81
134.06
134.23
134.51
134.69
134.97
135.14
135.32
135.46
135.63
135.84
136.05
136.26
136.51
136.68
136.89
137.03
137.24
137.41
137.59
137.83
137.94
138.22
138.43
138.61
138.78
138.96
139.13
139.31
139.45
139.59
139.73
139.87
140.01
140.11
140.25
140.39
140.50
140.71
140.85
141.02
141.13
141.20
141.30
141.51
141.69
141.83
-8.77
-8.27
-7.63
-7.23
-6.79
-6.36
-6.22
-1.36
143.02
143.12
143.16
143.19
143.23
143.12
143.05
143.02
142.98
142.91
142.84
142.70
142.60
142.53
142.49
142.56
142.63
142.74
142.84
142.91
143.05
143.12
143.23
143.33
143.48
143.55
143.69
143.79
143.90
144.07
144.14
144.28
144.39
144.53
144.67
144.81
144.91
145.05
145.23
145.37
145.51
145.65
145.83
145.97
146.14
146.28
146.42
146.56
146.70
146.81
146.95
147.09
147.26
147.44
147.54
147.69
147.83
147.93
148.04
148.11
148.21
148.18
148.28
148.35
148.42
148.60
148.63
148.77
148.84
148.91
149.02
149.13
149.20
149.23
149.27
149.34
149.48
149.51
149.58
149.58
149.65
149.76
149.76
149.79
149.83
149.90
149.93
149.93
149.97
149.97
150.00
150.04
150.04
150.07
150.07
150.11
150.14
150.21
150.28
150.35
150.35
150.39
150.53
150.60
150.74
150.88
151.02
151.20
151.30
151.41
151.48
151.55
151.62
151.69
151.73
151.76
151.80
151.83
151.83
151.90
151.94
152.04
152.15
152.22
152.36
152.46
152.53
152.64
152.78
152.85
152.96
153.03
153.13
153.24
153.31
153.48
153.59
153.69
153.84
153.91
153.98
154.08
154.15
154.26
154.36
154.40
154.50
154.57
154.61
154.68
154.75
154.79
154.86
154.93
154.93
155.00
155.07
155.14
155.21
155.31
155.38
155.42
155.52
155.56
155.59
155.63
155.66
155.74
155.81
155.84
155.84
155.91
155.95
155.95
156.05
156.12
156.09
156.09
156.12
156.12
156.16
156.23
156.30
156.37
156.37
156.44
156.51
156.51
156.62
156.69
156.72
156.72
156.76
156.83
156.86
156.93
156.97
157.00
157.04
157.07
157.07
157.07
157.11
157.11
157.11
157.07
157.00
156.93
156.86
156.86
156.86
156.79
156.83
156.86
157.00
157.11
157.25
157.46
157.67
157.88
158.09
158.24
158.38
158.55
158.73
158.90
159.05
159.22
159.29
159.36
159.57
159.68
159.82
159.93
160.07
160.28
160.38
160.49
160.56
160.60
160.56
160.60
160.67
160.63
160.67
160.70
160.74
160.70
160.84
160.95
161.02
161.05
161.09
161.12
161.27
161.30
161.37
161.44
161.55
161.62
161.65
161.79
161.83
161.90
161.97
162.04
162.15
162.15
162.25
162.32
162.39
162.46
162.57
162.68
162.64
162.64
162.78
162.89
162.89
162.99
163.06
163.10
163.10
163.13
163.17
163.17
163.06
162.99
162.96
162.96
162.89
162.96
162.99
163.06
163.10
163.06
-16.13
116.41
161.90
161.44
159.19
-21.50
-21.50
160.35
159.86
159.47
159.05
158.76
158.69
158.48
158.31
158.24
158.13
158.09
157.85
157.60
157.46
157.39
157.39
157.14
156.86
156.58
-16.60
84.68
-16.29
-16.09
-15.86
-15.59
-15.49
-15.16
-14.66
-14.52
-14.19
-13.92
-13.75
-13.42
-12.99
-12.62
-12.35
-12.05
-11.71
-11.48
-11.25
-11.08
-10.74
-10.38
-10.31
-9.97
-9.64
-9.47
-9.24
-8.94
-8.74
-8.27
-8.03
-7.73
-7.63
-7.23
-6.99
-6.79
-6.42
-6.26
-5.99
-5.59
-5.42
-5.25
-4.98
-4.71
-4.35
-4.08
-3.91
-3.57
-3.31
-3.24
-3.00
-2.70
-2.37
-2.33
-2.03
-1.80
-1.70
-1.39
-1.19
-0.92
-0.69
-0.52
-0.25
-0.02
0.22
0.39
0.62
0.82
0.92
1.19
1.50
1.60
10.07
1.83
2.00
2.20
2.27
2.54
2.60
2.77
111.24
123.52
123.17
122.92
122.61
122.37
122.02
121.67
121.39
121.08
120.80
120.45
120.17
119.89
119.58
119.23
118.95
118.64
118.40
118.08
117.84
117.56
117.32
117.01
116.73
116.48
116.24
115.96
115.72
7.61
7.72
7.98
8.12
8.12
8.39
8.59
8.73
8.86
8.93
9.03
9.13
9.37
9.30
9.57
9.67
9.74
9.84
9.97
10.11
10.24
10.38
10.41
10.61
10.58
10.78
10.95
11.18
64.60
11.22
11.49
41.27
108.98
108.84
12.16
12.30
12.33
12.46
12.57
107.77
12.83
12.80
13.00
13.14
13.21
13.31
13.48
13.61
13.51
13.64
13.71
13.71
13.64
13.91
14.12
14.05
14.18
14.18
14.22
14.49
14.55
14.69
14.89
14.96
15.06
15.23
15.23
15.33
15.43
15.50
15.60
15.67
15.90
15.87
15.87
16.07
16.21
16.11
16.21
16.44
16.34
16.58
16.58
16.71
16.65
16.85
16.98
17.15
17.12
17.32
17.25
17.32
17.49
17.56
17.69
17.73
17.73
17.79
18.00
18.20
18.10
18.20
18.30
18.40
18.60
18.47
18.57
18.64
18.77
18.94
18.84
19.01
19.11
19.21
19.31
19.28
19.51
19.51
19.48
20.02
75.29
91.61
91.44
91.27
17.62
17.83
18.40
18.70
19.11
19.38
19.58
19.78
19.95
20.12
20.19
20.36
89.44
89.23
77.18
18.87
19.28
19.65
88.58
88.40
88.27
88.16
88.06
77.60
87.92
72.99
17.89
18.54
19.11
19.58
20.16
20.29
20.60
20.80
21.03
21.03
21.37
21.44
21.44
21.61
85.30
85.65
85.47
85.34
84.30
85.06
85.03
84.96
84.85
84.82
84.79
84.72
84.65
84.61
84.58
84.48
84.37
84.27
84.20
84.10
83.99
83.89
83.79
83.72
83.65
83.58
83.34
83.06
82.93
82.82
82.41
82.10
81.76
988.79
80.86
79.49
962.61
78.04
86.54
76.67
367.94
-158.67
-136.78
74.40
74.09
73.13
72.14
70.04
69.46
68.54
67.34
65.90
50.35
56.70
62.72
62.03
60.01
60.53
59.57
58.13
57.25
56.56
55.81
55.13
54.45
53.76
53.15
52.54
51.96
51.38
50.80
50.32
49.84
49.33
48.89
48.45
48.07
47.66
47.29
46.98
46.61
46.30
45.99
45.72
45.42
45.08
44.80
44.50
44.19
43.88
43.61
43.37
43.10
42.83
42.63
42.39
42.12
41.91
41.71
41.47
41.30
41.06
40.89
40.69
40.48
40.28
40.11
39.84
39.50
39.40
39.30
39.33
39.57
39.70
40.76
41.61
41.95
41.98
42.69
43.54
45.04
47.36
49.77
51.44
54.17
56.60
58.00
58.99
59.77
60.59
62.06
63.47
64.19
64.80
65.18
65.52
65.83
66.07
66.38
66.58
66.79
66.96
67.10
67.23
67.34
67.44
67.54
67.61
67.71
67.75
67.78
67.78
67.82
67.82
67.82
67.82
67.78
67.78
67.78
67.75
67.71
67.64
67.68
67.64
67.61
67.58
67.58
67.51
67.47
67.37
67.27
67.17
67.06
66.96
66.89
66.86
66.82
66.75
66.72
66.65
66.58
66.45
66.31
66.27
66.14
65.97
77.56
65.59
65.52
65.38
65.14
64.94
64.32
63.71
63.13
62.78
62.54
62.27
62.00
61.76
61.48
60.97
60.77
60.42
60.15
60.01
60.05
59.98
59.88
59.81
59.67
59.50
59.26
59.12
59.02
58.95
58.82
58.75
58.71
58.58
58.48
58.37
58.27
58.20
58.10
57.96
57.89
57.76
57.66
57.52
57.42
57.28
57.14
57.04
56.90
56.80
56.70
56.29
48.38
26.58
56.26
56.15
56.02
55.91
55.88
55.81
55.74
55.71
55.61
55.50
55.47
55.40
55.30
55.23
55.20
55.13
55.03
54.96
54.89
54.82
54.72
54.62
54.58
54.62
54.55
54.48
54.45
54.38
54.31
54.28
54.21
54.14
54.07
54.04
53.93
53.93
54.07
54.11
54.14
54.14
15.19
54.17
54.11
54.11
54.07
53.97
53.80
53.70
53.53
53.53
53.46
53.46
53.32
53.22
53.08
52.98
31.36
52.74
51.99
30.91
31.19
31.25
31.08
31.36
31.29
44.53
30.91
45.72
45.72
45.72
45.72
29.86
30.20
51.89
51.89
51.89
36.31
51.65
51.62
51.51
30.37
30.44
31.63
39.16
51.24
51.21
51.14
51.14
51.07
51.04
50.97
50.90
50.83
50.76
50.76
50.73
50.63
50.63
50.63
50.63
50.73
50.66
50.63
50.69
50.69
50.73
50.56
50.29
50.15
49.81
49.09
48.45
47.87
47.32
46.81
46.33
45.82
45.35
44.94
44.50
44.09
43.71
43.27
42.93
42.56
42.22
41.88
41.57
41.27
40.96
40.72
40.55
40.28
40.08
39.84
39.63
39.40
39.23
39.02
38.85
38.68
38.48
38.38
38.21
38.04
37.94
37.73
37.60
37.43
37.36
37.22
37.09
36.99
36.85
36.75
36.61
36.48
36.38
36.27
36.21
36.07
35.93
35.87
35.76
35.70
35.59
35.49
35.46
35.36
35.29
35.19
35.15
35.09
35.05
34.95
34.88
34.78
34.71
34.68
34.61
34.54
34.47
34.44
34.34
34.27
34.24
34.17
34.10
34.07
34.00
34.00
33.93
33.90
33.86
33.83
33.80
33.73
33.66
33.63
33.59
33.56
33.53
33.56
33.49
33.46
33.42
33.42
33.42
33.39
33.39
33.36
33.32
33.29
33.25
33.25
33.22
33.22
33.15
33.15
33.12
33.12
33.08
33.05
33.02
33.02
32.98
32.95
32.91
32.95
32.88
32.85
32.85
32.85
32.78
32.81
32.78
32.71
32.71
32.68
32.68
32.64
32.64
32.61
32.61
32.58
32.54
32.54
32.47
32.47
32.47
32.44
32.41
32.37
32.37
32.34
32.34
32.34
32.30
32.34
32.27
32.27
32.24
32.24
32.24
32.17
32.20
32.17
32.14
32.10
32.10
32.07
32.07
32.07
32.03
32.00
31.97
31.97
31.93
31.90
31.86
31.90
31.83
31.83
31.83
31.83
31.76
31.76
31.76
31.73
31.73
31.73
31.73
31.69
31.73
31.69
31.73
31.66
31.63
31.63
31.63
31.63
31.63
31.59
31.59
31.56
31.56
31.52
31.56
31.52
31.52
31.49
31.49
31.49
31.46
31.42
31.42
31.42
31.39
31.39
31.39
31.39
31.36
31.32
31.32
31.32
31.29
31.29
31.25
31.25
31.25
31.19
31.25
31.22
31.22
31.19
31.15
31.19
31.15
31.12
31.12
31.15
31.12
31.08
31.05
31.05
31.02
31.02
31.02
31.02
30.98
30.98
31.02
30.95
30.95
30.95
30.91
30.91
30.91
30.91
30.91
30.85
30.85
30.85
30.85
30.81
30.81
30.78
30.78
30.75
30.71
30.75
30.71
30.71
30.68
30.68
30.68
30.68
30.64
30.64
30.64
30.61
30.61
30.61
30.54
30.58
30.54
30.58
30.54
30.54
30.61
30.58
30.58
30.58
30.61
30.61
30.61
30.61
30.61
30.61
30.61
30.58
30.58
30.58
30.54
30.58
30.54
30.54
30.54
30.54
30.54
30.54
30.54
30.54
30.54
30.51
30.54
30.54
30.51
30.51
30.51
30.51
30.51
30.47
30.47
30.47
30.47
30.44
30.44
30.47
30.47
30.51
30.51
30.51
30.51
30.51
30.54
30.54
30.54
30.54
30.58
30.61
30.61
30.61
30.61
30.61
30.58
30.64
30.64
30.61
30.64
30.61
30.61
30.61
30.61
30.61
30.61
30.64
30.61
30.61
30.58
30.61
30.58
30.58
30.58
30.54
30.58
30.51
30.54
30.51
30.47
30.51
30.54
30.51
30.51
30.54
30.51
30.51
30.47
30.44
30.47
30.47
30.44
30.44
30.44
30.47
30.44
30.44
30.41
30.41
30.44
30.41
30.41
30.37
30.37
30.37
30.37
30.37
30.37
30.34
30.37
30.37
30.31
30.31
30.27
30.27
30.24
30.20
30.17
30.17
30.17
30.14
30.14
30.14
30.10
30.07
30.07
30.07
30.03
30.00
30.00
30.00
30.03
30.00
30.00
29.97
29.97
29.97
29.97
29.97
29.93
29.93
29.93
29.90
29.90
29.90
29.90
29.90
29.86
29.90
29.86
29.86
29.86
29.83
29.86
29.86
29.86
29.86
29.86
29.86
29.83
29.83
29.83
29.86
29.83
29.86
29.80
29.80
29.80
29.83
29.83
29.83
29.83
29.83
29.83
29.86
29.83
29.80
29.80
29.83
29.80
29.76
29.80
29.80
29.80
29.80
29.80
29.80
29.83
29.83
29.86
29.86
29.83
29.86
29.86
29.90
29.86
29.86
29.90
29.86
29.90
29.86
29.86
29.86
29.86
29.86
29.86
29.90
29.86
29.86
29.86
29.86
29.86
29.86
29.86
29.86
29.86
29.90
29.86
29.90
29.90
29.93
29.86
29.90
29.90
29.90
29.90
29.90
29.93
29.90
29.90
29.93
29.90
29.90
29.90
29.90
29.93
29.90
29.90
29.90
29.90
29.90
29.90
29.90
29.90
29.86
29.83
29.83
29.83
29.80
29.80
29.83
29.80
29.83
29.76
29.80
29.76
29.73
29.76
29.76
29.73
29.76
29.70
29.70
29.70
29.66
29.70
29.66
29.70
29.66
29.66
29.66
29.66
29.63
29.59
29.63
29.63
29.59
29.59
29.56
29.56
29.56
29.53
29.53
29.49
29.46
29.46
29.46
29.42
29.39
29.39
29.36
29.32
29.32
29.32
29.26
29.26
29.29
29.22
29.26
29.22
29.22
29.19
29.19
29.19
29.19
29.15
29.15
29.12
29.09
29.12
29.09
29.09
29.09
29.05
29.09
29.05
29.02
29.02
29.02
29.02
29.02
29.02
29.05
28.98
28.98
29.02
28.95
28.95
28.95
28.95
28.95
28.92
28.92
28.88
28.88
28.92
28.88
28.88
28.88
28.88
28.88
28.85
28.88
28.88
28.85
28.88
28.81
28.85
28.81
28.85
28.81
28.85
28.85
28.81
28.81
28.81
28.88
28.78
28.85
28.85
28.81
28.78
28.81
28.78
28.81
28.78
28.75
28.85
28.81
28.78
28.75
28.81
28.78
28.78
28.81
28.85
28.88
28.88
28.92
28.92
28.92
28.95
28.98
28.98
29.02
29.02
29.05
29.02
29.09
29.09
29.12
29.15
29.15
29.19
29.19
29.19
29.22
29.22
29.22
29.22
29.29
29.26
29.29
29.29
29.29
29.32
29.29
29.32
29.36
29.36
29.36
29.36
29.36
29.36
29.36
29.32
29.32
29.32
29.32
29.32
29.32
29.29
29.26
29.26
29.29
29.32
29.26
29.26
29.22
29.22
29.22
29.19
29.22
29.26
29.22
29.22
29.22
29.26
29.26
29.29
29.29
29.26
29.26
29.26
29.22
29.26
29.22
29.29
29.22
29.26
29.26
29.22
29.26
29.26
29.26
29.29
29.26
29.26
29.29
29.29
29.29
29.29
29.29
29.26
29.29
29.29
29.29
29.26
29.26
29.26
29.29
29.26
29.26
29.29
29.26
29.26
29.32
29.26
29.29
29.29
29.29
29.32
29.29
29.26
29.22
29.26
29.29
29.29
29.29
29.29
29.26
29.29
29.29
29.29
29.29
29.29
29.29
29.26
29.29
29.29
29.29
29.29
29.29
29.32
29.26
29.26
29.29
29.29
29.26
29.26
29.26
29.29
29.26
29.26
29.22
29.19
29.15
29.12
29.12
29.05
29.02
29.02
29.02
28.98
28.95
28.95
28.95
28.95
28.98
28.92
28.95
28.92
28.95
28.95
28.95
28.92
28.92
28.95
28.95
28.98
28.95
28.95
28.98
28.95
28.98
28.95
28.95
28.98
28.98
28.98
28.98
28.98
29.02
29.02
29.02
29.02
29.02
29.05
29.02
29.05
29.05
29.05
29.05
29.05
29.09
29.05
29.09
29.09
29.09
29.12
29.12
29.12
29.15
29.15
29.15
29.19
29.15
29.15
29.19
29.15
29.19
29.22
29.19
29.22
29.26
29.22
29.26
29.29
29.26
29.29
29.29
29.29
29.26
29.29
29.26
29.29
29.29
29.32
29.29
29.29
29.29
29.29
29.32
29.32
29.36
29.36
29.32
29.32
29.32
29.32
29.39
29.32
29.36
29.39
29.36
29.36
29.39
29.39
29.39
29.42
29.39
29.42
29.39
29.46
29.39
29.39
29.39
29.39
29.39
29.42
29.46
29.42
29.42
29.42
29.42
29.42
29.42
29.42
29.42
29.42
29.42
29.46
29.42
29.46
29.46
29.49
29.49
29.49
29.46
29.49
29.53
29.53
29.53
29.56
29.56
29.56
29.56
29.56
29.56
29.53
29.53
29.53
29.56
29.56
29.53
29.56
29.53
29.53
29.53
29.53
29.53
29.53
29.56
29.53
29.53
29.53
29.56
29.53
29.56
29.56
29.56
29.56
29.56
29.56
29.56
29.59
29.56
29.59
29.59
29.56
29.63
29.63
29.59
29.63
29.63
29.63
29.63
29.63
29.63
29.66
29.63
29.66
29.66
29.63
29.59
29.59
29.63
29.66
29.63
29.66
29.66
29.63
29.63
29.63
29.63
29.63
29.63
29.66
29.66
29.66
29.63
29.63
29.66
29.63
29.59
29.59
29.59
29.59
29.63
29.59
29.59
29.59
29.56
29.56
29.56
29.56
29.59
29.56
29.59
29.56
29.56
29.56
29.59
29.56
29.59
29.56
29.59
29.63
29.63
29.63
29.56
29.59
29.56
29.53
29.53
29.49
29.49
29.46
29.49
29.49
29.46
29.46
29.42
29.42
29.42
29.46
29.42
29.42
29.46
29.42
29.46
29.42
29.46
29.39
29.42
29.46
29.46
29.39
29.46
29.42
29.42
29.39
29.42
29.46
29.46
29.42
29.42
29.39
29.42
29.42
29.42
29.42
29.42
29.39
29.39
29.42
29.39
29.39
29.46
29.42
29.42
29.42
29.42
29.42
29.42
29.39
29.42
29.46
29.42
29.42
29.42
29.42
29.46
29.46
29.46
29.46
29.49
29.49
29.53
29.56
29.53
29.53
29.56
29.59
29.59
29.63
29.63
29.59
29.66
29.70
29.66
29.73
29.73
29.76
29.76
29.83
29.86
29.93
29.86
29.90
29.90
29.97
29.90
29.93
29.90
29.90
29.86
29.86
29.80
29.76
29.76
29.73
29.70
29.70
29.66
29.63
29.59
29.59
29.56
29.56
29.53
29.49
29.49
29.49
29.46
29.42
29.39
29.39
29.36
29.32
29.32
29.36
29.26
29.29
29.26
29.32
29.26
29.26
29.26
29.19
29.22
29.19
29.15
29.15
29.15
29.12
29.15
29.12
29.12
29.12
29.12
29.09
29.09
29.05
29.05
29.05
29.05
29.05
29.05
29.02
29.02
29.05
29.02
29.05
29.05
29.02
29.02
29.02
28.98
28.98
29.05
28.98
28.98
29.02
28.98
28.95
28.95
28.92
28.92
28.88
28.92
28.88
28.92
28.88
28.88
28.88
28.88
28.92
28.88
28.88
28.88
28.88
28.88
28.88
28.85
28.85
28.88
28.88
28.92
28.88
28.88
28.88
28.88
28.92
28.92
28.88
28.92
28.92
28.88
28.92
28.92
28.92
28.92
28.92
28.92
28.95
28.92
28.88
28.92
28.88
28.88
28.92
28.92
28.92
28.88
28.92
28.92
28.88
28.85
28.85
28.81
28.81
28.81
28.81
28.78
28.78
28.81
28.75
28.81
28.78
28.81
28.81
28.81
28.81
28.81
28.81
28.81
28.78
28.85
28.81
28.85
28.81
28.81
28.85
28.81
28.81
28.78
28.85
28.81
28.88
28.81
28.85
28.88
28.85
28.85
28.85
28.85
28.85
28.78
28.81
28.78
28.78
28.78
28.81
28.78
28.78
28.81
28.81
28.81
28.81
28.81
28.81
28.81
28.81
28.81
28.85
28.85
28.85
28.85
28.81
28.85
28.85
28.88
28.88
28.88
28.88
28.92
28.88
28.88
28.88
28.88
28.92
28.92
28.88
28.92
28.85
28.85
28.85
28.81
28.81
28.88
28.81
28.81
28.81
28.78
28.78
28.71
28.75
28.75
28.78
28.78
28.75
28.78
28.75
28.75
28.75
28.78
28.75
28.75
28.75
28.75
28.75
28.75
28.75
28.71
28.71
28.75
28.75
28.78
28.71
28.71
28.71
28.75
28.71
28.71
28.71
28.71
28.71
28.71
28.71
28.68
28.75
28.71
28.68
28.71
28.68
28.71
28.71
28.71
28.75
28.78
28.78
28.75
28.75
28.75
28.71
28.75
28.75
28.75
28.71
28.71
28.71
28.71
28.71
28.71
28.71
28.71
28.68
28.68
28.71
28.65
28.71
28.68
28.68
28.68
28.71
28.68
28.68
28.71
28.68
28.71
28.71
28.71
28.68
28.71
28.71
28.71
28.68
28.68
28.71
28.71
28.71
28.68
28.71
28.71
28.71
28.68
28.71
28.68
28.68
28.71
28.68
28.71
28.68
28.71
28.68
28.71
28.71
28.71
28.68
28.71
28.71
28.71
28.68
28.65
28.68
28.68
28.68
28.71
28.68
28.68
28.68
28.68
28.65
28.68
28.65
28.68
28.68
28.68
28.68
28.71
28.71
28.68
28.68
28.68
28.68
28.68
28.71
28.68
28.71
28.68
28.68
28.71
28.68
28.65
28.68
28.68
28.68
28.68
28.68
28.65
28.68
28.68
28.71
28.68
28.65
28.65
28.68
28.65
28.65
28.68
28.65
28.68
28.65
28.65
28.65
28.68
28.65
28.68
28.68
28.68
28.65
28.65
28.65
28.68
28.65
28.65
28.68
28.65
28.65
28.65
28.65
28.65
28.71
28.68
28.68
28.65
28.68
28.65
28.65
28.61
28.61
28.68
28.65
28.68
28.68
28.65
28.65
28.65
28.65
28.68
28.65
28.61
28.65
28.65
28.68
28.68
28.68
28.68
28.65
28.65
28.61
28.68
28.65
28.65
28.68
28.65
28.65
28.65
28.65
28.65
28.65
28.61
28.65
28.61
28.61
28.58
28.58
28.61
28.61
28.61
28.58
28.54
28.58
28.58
28.58
28.61
28.58
28.61
28.58
28.54
28.54
28.61
28.54
28.58
28.51
28.54
28.54
28.54
28.54
28.58
28.54
28.51
28.54
28.51
28.58
28.54
28.54
28.51
28.51
28.51
28.51
28.51
28.51
28.54
28.51
28.48
28.51
28.44
28.51
28.44
28.44
28.48
28.44
28.48
28.44
28.48
28.48
28.44
28.48
28.48
28.48
28.48
28.44
28.44
28.48
28.44
28.48
28.44
28.44
28.44
28.44
28.44
28.48
28.44
28.44
28.44
28.44
28.41
28.44
28.44
28.44
28.44
28.44
28.44
28.44
28.48
28.44
28.44
28.48
28.44
28.48
28.44
28.44
28.41
28.44
28.44
28.41
28.41
28.41
28.41
28.41
28.37
28.37
28.37
28.37
28.31
28.31
28.31
28.31
28.34
28.31
28.31
28.31
28.27
28.31
28.27
28.27
28.24
28.24
28.24
28.27
28.21
28.21
28.21
28.24
28.21
28.24
28.24
28.24
28.24
28.24
28.24
28.24
28.21
28.21
28.24
28.21
28.21
28.21
28.21
28.21
28.21
28.21
28.21
28.17
28.17
28.17
28.17
28.21
28.21
28.17
28.17
28.17
28.21
28.14
28.17
28.14
28.17
28.10
28.14
28.14
28.17
28.14
28.17
28.14
28.14
28.07
28.14
28.14
28.14
28.17
28.17
28.17
28.21
28.24
28.24
28.21
28.24
28.24
28.21
28.21
28.24
28.24
28.24
28.21
28.21
28.14
28.14
28.10
28.07
28.04
28.04
28.00
28.00
28.00
27.97
28.00
27.97
27.93
27.93
27.93
27.90
27.87
27.83
27.83
27.80
27.83
27.80
27.80
27.80
27.77
27.73
27.77
27.73
27.70
27.70
27.70
27.70
27.73
27.70
27.66
27.63
27.66
27.63
27.60
27.60
27.53
27.56
27.53
27.53
27.53
27.49
27.53
27.53
27.53
27.56
27.60
27.60
27.60
27.63
27.63
27.63
27.66
27.66
27.63
27.66
27.63
27.66
27.70
27.66
27.66
27.70
27.70
27.70
27.73
27.70
27.73
27.77
27.77
27.73
27.73
27.77
27.77
27.83
27.80
27.83
27.83
27.83
27.87
27.87
27.90
27.93
27.90
27.87
27.93
27.93
27.97
27.97
27.97
28.00
27.97
28.00
28.04
28.00
28.04
28.00
28.04
28.07
28.10
28.04
28.07
28.10
28.07
28.10
28.10
28.10
28.10
28.10
28.14
28.10
28.17
28.14
28.17
28.17
28.17
28.17
28.17
28.17
28.21
28.17
28.17
28.21
28.17
28.21
28.24
28.21
28.24
28.24
28.24
28.27
28.24
28.24
28.27
28.31
28.27
28.31
28.31
28.27
28.27
28.24
28.31
28.24
28.27
28.24
28.24
28.24
28.27
28.24
28.21
28.21
28.21
28.21
28.17
28.17
28.17
28.17
28.17
28.14
28.14
28.14
28.14
28.14
28.10
28.14
28.14
28.10
28.14
28.10
28.14
28.14
28.14
28.17
28.14
28.10
28.14
28.10
28.10
28.14
28.10
28.10
28.10
28.10
28.14
28.14
28.14
28.10
28.10
28.10
28.10
28.14
28.14
28.10
28.14
28.10
28.14
28.14
28.14
28.14
28.10
28.10
28.10
28.10
28.10
28.07
28.07
28.04
28.07
28.14
28.07
28.10
28.07
28.07
28.00
28.07
28.04
28.21
29.32
31.05
31.66
31.63
31.49
31.36
31.32
31.59
32.14
33.02
33.46
34.07
34.95
35.97
37.09
37.83
38.34
38.85
39.19
39.77
40.01
40.25
40.45
40.69
40.86
40.99
41.13
41.30
41.40
41.47
41.57
41.71
41.74
41.88
41.95
41.98
42.05
42.12
42.15
42.22
42.25
42.29
42.35
42.39
42.42
42.52
42.52
42.56
42.59
