48.31
48.31
48.28
48.28
48.28
48.31
48.28
48.31
48.24
48.24
48.28
48.24
48.24
48.24
48.24
48.21
48.24
48.21
48.21
48.21
48.21
48.21
48.21
48.21
48.21
48.17
48.17
48.17
48.21
48.21
48.17
48.17
48.17
48.17
48.14
48.17
48.17
48.17
48.17
48.17
48.17
48.17
48.17
48.21
48.17
48.11
48.14
48.17
48.14
48.17
48.14
48.14
48.11
48.14
48.14
48.11
48.11
48.11
48.07
48.11
48.07
48.11
48.11
48.07
48.11
48.07
48.11
48.04
48.07
48.04
48.04
48.00
48.00
47.97
48.00
48.04
47.97
47.97
48.00
47.97
47.97
47.97
47.97
47.97
47.97
47.93
47.97
47.97
47.93
47.97
47.97
47.93
47.97
47.97
47.97
47.97
47.97
48.00
47.97
48.00
48.00
48.00
48.00
48.04
47.97
47.97
47.97
48.04
48.00
48.04
48.07
48.14
48.24
48.34
48.48
48.65
48.85
48.99
49.20
49.43
49.67
49.98
50.22
50.52
50.83
51.21
51.55
51.96
52.30
52.60
52.91
53.18
53.46
53.83
54.21
54.58
54.92
55.33
55.71
56.08
56.56
57.01
57.42
57.86
58.30
58.78
59.16
59.64
60.01
60.49
60.90
61.35
61.76
62.17
62.58
63.02
63.47
63.84
64.29
64.70
65.14
65.56
65.93
66.34
66.79
67.17
67.58
67.95
68.36
68.78
69.22
69.56
70.01
70.42
70.83
71.24
71.62
72.03
72.45
72.86
73.27
73.65
74.06
74.47
74.85
75.19
75.60
75.95
76.32
76.67
77.05
77.39
77.77
78.08
78.45
78.80
79.18
79.49
79.83
80.17
80.52
80.90
81.24
81.55
81.93
82.27
82.58
82.89
83.24
83.55
83.82
84.13
84.44
84.72
85.06
85.34
85.65
85.92
86.20
86.51
86.78
87.06
87.33
87.61
87.85
88.09
88.30
88.58
88.82
89.13
89.37
89.65
89.92
90.20
90.40
90.71
90.96
91.23
91.44
91.68
91.92
92.16
92.44
92.65
92.85
93.10
93.34
93.58
93.82
94.03
94.24
94.44
94.65
94.86
95.06
95.24
95.51
95.72
95.89
96.10
96.31
96.48
96.76
96.93
97.14
97.35
97.52
97.73
97.90
98.11
98.28
98.52
98.69
98.87
99.07
99.25
99.42
99.63
99.80
99.97
100.15
100.32
100.42
100.56
100.73
100.91
101.01
101.15
101.22
101.29
101.32
101.39
101.50
101.60
101.74
101.84
101.98
102.08
102.19
102.29
102.40
102.50
102.67
102.81
102.95
103.12
103.26
103.40
103.57
103.78
104.06
104.27
104.44
104.65
104.82
104.99
105.17
105.31
105.51
105.69
105.93
106.07
106.28
106.48
106.69
106.94
107.18
107.49
107.73
107.98
108.18
108.43
108.63
108.84
109.05
109.29
109.47
109.68
109.81
110.06
110.27
110.44
110.68
110.89
111.10
111.27
111.45
111.62
111.79
111.93
112.07
112.24
112.42
112.63
112.77
112.90
113.11
113.32
113.46
113.56
113.74
113.88
114.02
114.12
114.26
114.40
114.50
114.57
114.71
114.82
114.99
115.09
115.27
115.41
115.58
115.72
115.86
116.00
116.10
116.21
116.38
116.52
116.59
116.73
116.87
116.97
117.08
117.21
117.35
117.46
117.56
117.67
117.77
117.84
117.94
118.08
118.19
118.33
118.43
118.61
118.75
118.92
119.06
119.20
119.34
119.48
119.55
119.65
119.75
119.93
120.03
120.10
120.24
120.35
120.45
120.59
120.73
120.90
120.97
121.11
121.22
121.32
121.46
121.56
121.70
121.77
121.91
122.02
122.12
122.26
122.33
122.40
122.54
122.64
122.75
122.85
122.92
123.03
123.10
123.17
123.27
123.38
123.45
123.52
123.59
123.59
123.62
123.66
123.59
123.48
123.52
123.48
123.52
123.55
123.62
123.66
123.72
123.79
123.79
123.83
123.90
124.04
124.14
124.21
124.35
124.46
124.56
124.67
124.81
124.91
124.98
125.08
125.15
125.26
125.29
125.40
125.47
125.57
125.64
125.68
125.71
125.78
125.82
125.89
125.96
126.06
126.13
126.20
126.30
126.41
126.44
126.58
126.65
126.72
126.79
126.90
127.00
127.11
127.14
127.25
127.28
127.35
127.42
127.46
127.56
127.60
127.67
127.73
127.77
127.84
127.91
127.94
128.05
128.12
128.15
128.22
128.29
128.33
128.36
128.36
128.47
128.57
128.61
128.64
128.75
128.78
128.82
128.89
128.92
128.96
128.99
128.99
128.96
128.96
129.03
129.06
129.10
129.10
129.10
129.10
129.10
129.06
128.96
128.82
128.78
128.75
128.71
128.78
128.82
128.89
128.96
129.03
129.13
129.24
129.31
129.31
129.38
129.38
129.48
129.52
129.55
129.62
129.76
129.79
129.93
130.00
130.07
130.18
130.28
130.39
130.49
130.67
130.81
130.98
131.05
131.23
131.33
131.40
131.51
131.65
131.79
131.82
131.96
131.99
132.06
132.13
132.17
132.31
132.34
132.45
132.52
132.62
132.66
132.76
132.87
132.94
133.04
133.11
133.22
133.29
133.43
133.50
133.60
133.71
133.78
133.85
133.92
133.99
134.06
134.09
134.16
134.23
134.27
134.30
134.30
134.30
134.34
134.41
134.51
134.65
134.76
134.90
134.97
135.07
135.21
135.28
135.35
135.46
135.53
135.63
135.70
135.77
135.84
135.91
135.98
136.05
136.09
136.16
136.23
136.33
136.40
136.54
136.68
136.86
136.96
137.17
137.31
137.41
137.59
137.80
137.94
138.08
138.22
138.36
138.50
138.61
138.75
138.85
138.99
139.13
139.27
139.38
139.45
139.52
139.59
139.62
139.73
139.83
140.01
140.11
140.22
140.36
140.46
140.57
140.67
140.78
140.88
140.95
141.06
141.16
141.27
141.30
141.41
141.51
141.58
141.62
141.65
141.65
141.69
141.72
141.76
141.79
141.83
141.83
141.86
141.90
141.86
141.90
141.93
141.93
141.97
142.00
142.00
141.97
142.00
142.04
142.04
142.04
142.07
142.11
142.11
142.14
142.18
142.18
142.11
142.11
142.04
141.97
141.86
141.76
141.65
141.51
141.37
141.16
140.99
140.85
140.64
140.46
140.25
140.08
139.80
139.55
139.34
139.06
138.82
138.54
138.25
138.01
137.73
137.45
137.13
136.86
136.54
136.23
135.88
135.56
135.21
134.86
134.58
134.20
133.85
133.50
133.15
132.80
132.38
132.03
131.65
131.30
130.95
130.53
130.18
129.79
129.45
129.06
128.71
128.33
127.98
127.63
127.25
126.90
126.51
126.17
125.82
125.47
125.08
124.74
124.39
124.04
123.66
123.34
123.03
122.68
122.37
122.05
121.67
121.32
120.97
120.62
120.28
119.96
119.62
119.27
118.95
118.64
118.29
117.98
117.63
117.32
117.01
116.66
116.34
116.07
115.75
115.41
115.09
114.85
114.54
114.26
113.98
113.74
113.43
113.18
112.87
112.59
112.35
112.04
111.79
111.48
111.24
110.96
110.72
110.40
110.13
109.85
109.61
109.33
109.05
108.77
108.53
108.25
108.01
107.70
107.46
107.14
106.80
106.42
106.07
105.76
105.51
105.27
105.06
104.82
104.61
104.30
104.02
103.75
103.44
103.19
102.95
102.67
102.50
102.29
102.05
101.88
101.67
101.43
101.22
101.01
100.84
100.63
100.42
100.22
100.01
99.80
99.59
99.35
99.14
98.90
98.66
98.42
98.17
97.93
97.73
97.48
97.28
97.10
96.96
96.76
96.58
96.41
96.27
96.10
95.93
95.76
95.58
95.41
95.24
95.03
94.89
94.72
94.62
94.44
94.30
94.10
93.92
93.75
93.61
93.48
93.30
93.20
92.99
92.82
92.65
92.47
92.30
92.09
91.92
91.78
91.58
91.40
91.20
91.06
90.92
90.75
90.58
90.44
90.27
90.13
89.99
89.85
89.75
89.61
89.44
89.33
89.16
88.99
88.85
88.68
88.51
88.37
88.20
88.09
87.92
87.78
87.65
87.54
87.37
87.30
87.20
87.02
86.96
86.82
86.68
86.54
86.44
86.27
86.20
86.03
85.89
85.72
85.61
85.51
85.34
85.20
85.03
84.92
84.75
84.65
84.51
84.37
84.23
84.10
83.99
83.86
83.72
83.61
83.51
83.41
83.27
83.17
83.00
82.93
82.75
82.62
82.51
82.38
82.27
82.10
82.00
81.86
81.76
81.65
81.52
81.34
81.17
81.00
80.86
80.69
80.52
80.41
80.24
80.14
80.00
79.90
79.80
79.69
79.59
79.49
79.35
79.25
79.11
79.00
78.90
78.83
78.73
78.63
78.52
78.45
78.32
78.18
78.11
78.01
77.87
77.77
77.66
77.56
77.49
77.39
77.29
77.18
77.08
77.01
76.94
76.84
76.74
76.63
76.50
76.39
76.26
76.15
76.05
75.91
75.88
75.81
75.74
75.71
75.67
75.71
75.67
75.71
75.74
75.81
75.88
75.98
76.12
76.19
76.36
76.56
76.70
76.94
77.11
77.39
77.56
77.84
78.15
78.39
78.66
78.94
79.25
79.55
79.90
80.21
80.48
80.83
81.17
81.48
81.86
82.20
82.58
82.93
83.24
83.55
83.86
84.20
84.51
84.82
85.13
85.41
85.72
86.03
86.34
86.68
86.99
87.23
87.51
87.82
88.16
88.47
88.78
89.09
89.40
89.75
90.09
90.44
90.75
91.02
91.37
91.68
91.99
92.30
92.68
92.96
93.30
93.61
93.92
94.27
94.51
94.86
95.17
95.48
95.79
96.10
96.41
96.69
97.03
97.35
97.59
97.93
98.24
98.49
98.73
99.04
99.32
99.59
99.87
100.15
100.42
100.70
100.94
101.22
101.50
101.74
101.98
102.22
102.47
102.71
102.95
103.16
103.44
103.68
103.89
104.13
104.34
104.58
104.82
105.03
105.24
105.48
105.72
105.93
106.17
106.38
106.62
106.87
107.11
107.32
107.52
107.80
107.98
108.18
108.43
108.63
108.81
109.02
109.19
109.36
109.54
109.71
109.88
110.09
110.30
110.37
110.58
110.72
110.86
111.03
111.20
111.38
111.55
111.76
111.93
112.07
112.24
112.42
112.56
112.73
112.83
113.01
113.18
113.32
113.46
113.56
113.74
113.88
114.02
114.19
114.33
114.50
114.68
114.82
114.95
115.13
115.23
115.37
115.55
115.68
115.82
116.00
116.17
116.31
116.41
116.59
116.80
116.94
117.14
117.32
117.49
117.70
117.91
118.05
118.22
118.40
118.61
118.75
118.88
119.06
119.23
119.44
119.62
119.82
119.96
120.21
120.38
120.55
120.69
120.87
121.04
121.18
121.36
121.50
121.63
121.77
121.88
122.05
122.16
122.30
122.40
122.54
122.64
122.71
122.78
122.82
122.89
122.85
122.92
123.06
123.17
123.31
123.41
123.55
123.69
123.83
123.93
124.07
124.18
124.35
124.49
124.56
124.70
124.77
124.84
124.91
125.05
125.12
125.22
125.33
125.47
125.54
125.61
125.68
125.78
125.85
125.92
125.99
126.10
126.20
126.27
126.41
126.55
126.62
126.76
126.86
126.97
127.11
127.21
127.35
127.42
127.56
127.67
127.77
127.87
127.94
128.01
128.12
128.19
128.26
128.29
128.36
128.40
128.50
128.54
128.61
128.64
128.68
128.78
128.82
128.85
128.85
128.92
128.92
128.92
128.92
128.99
128.99
128.99
129.06
129.10
129.17
129.17
129.20
129.27
129.31
129.34
129.38
129.45
129.52
129.55
129.62
129.69
129.69
129.72
129.79
129.83
129.90
129.97
130.04
130.14
130.18
130.21
130.28
130.39
130.46
130.53
130.63
130.74
130.81
130.88
130.98
131.09
131.19
131.30
131.37
131.51
131.61
131.68
131.75
131.82
131.89
131.92
131.96
132.03
132.06
132.06
132.06
132.03
132.03
131.99
131.92
131.92
131.82
131.79
131.72
131.61
131.47
131.33
131.19
131.05
130.88
130.70
130.49
130.32
130.07
129.86
129.62
129.38
129.13
128.85
128.57
128.29
128.01
127.67
127.35
127.00
126.65
126.27
125.92
125.54
125.15
124.88
124.56
124.28
124.00
123.72
123.41
123.10
122.82
122.51
122.19
121.91
121.63
121.32
121.04
120.73
120.42
120.10
119.86
119.62
119.37
119.16
118.95
118.78
118.57
118.43
118.26
118.19
118.08
118.01
117.91
117.91
117.88
117.77
117.77
117.77
117.77
117.74
117.74
117.77
117.81
117.81
117.84
117.88
117.91
118.01
118.05
118.15
118.19
118.29
118.40
118.43
118.54
118.64
118.75
118.88
118.99
119.13
119.30
119.41
119.58
119.68
119.89
120.03
120.21
120.35
120.52
120.69
120.83
120.97
121.11
121.25
121.43
121.53
121.67
121.84
121.95
122.12
122.26
122.44
122.57
122.71
122.78
122.96
123.10
123.24
123.38
123.52
123.62
123.79
123.90
124.07
124.18
124.32
124.39
124.56
124.67
124.77
124.88
125.01
125.12
125.29
125.40
125.50
125.64
125.75
125.85
125.99
126.10
126.23
126.30
126.41
126.48
126.58
126.65
126.76
126.86
127.00
127.11
127.21
127.32
127.46
127.56
127.70
127.80
127.94
128.05
128.19
128.33
128.40
128.47
128.50
128.50
128.47
128.43
128.36
128.33
128.29
128.22
128.19
128.15
128.15
128.15
128.19
128.19
128.29
128.36
128.43
128.57
128.64
128.82
128.92
129.03
129.17
129.31
129.45
129.55
129.65
129.83
129.97
130.07
130.18
130.32
130.39
130.42
130.49
130.63
130.70
130.81
130.95
131.09
131.23
131.40
131.54
131.65
131.79
131.89
132.03
132.13
132.24
132.34
132.48
132.59
132.73
132.94
133.08
133.29
133.43
133.53
133.64
133.78
133.85
133.99
134.06
134.16
134.23
134.30
134.37
134.48
134.51
134.65
134.72
134.79
134.90
135.00
135.14
135.28
135.39
135.53
135.63
135.81
135.95
136.05
136.16
136.33
136.40
136.51
136.61
136.71
136.82
136.99
137.06
137.13
137.24
137.34
137.41
137.48
137.48
137.55
137.59
137.62
137.66
137.73
137.80
137.87
137.94
137.97
138.01
138.08
138.15
138.18
138.25
138.25
138.33
138.39
138.39
138.43
138.54
138.61
138.67
138.78
138.85
138.92
139.03
139.13
139.24
139.27
139.34
139.41
139.45
139.48
139.55
139.62
139.62
139.66
139.66
139.73
139.73
139.80
139.90
139.94
139.94
139.97
140.04
140.08
140.15
140.22
140.29
140.29
140.36
140.39
140.39
140.43
140.50
140.53
140.53
140.57
140.57
140.50
140.50
140.46
140.46
140.43
140.46
140.46
140.50
140.50
140.53
140.57
140.60
140.64
140.67
140.71
140.78
140.78
140.85
140.92
140.95
140.99
140.99
140.99
141.06
141.06
141.09
141.09
141.09
141.09
141.09
141.16
141.20
141.23
141.30
141.34
141.37
141.41
141.44
141.48
141.51
141.55
141.58
141.58
141.65
141.65
141.69
141.72
141.72
141.72
141.72
141.72
141.69
141.69
141.65
141.65
141.65
141.65
141.72
141.69
141.72
141.76
141.76
141.72
141.72
141.72
141.72
141.76
141.76
141.79
141.83
141.86
141.83
141.86
141.93
141.90
141.93
141.97
142.00
142.04
142.04
142.11
142.14
142.14
142.18
142.21
142.25
142.25
142.28
142.32
142.32
142.35
142.35
142.42
142.42
142.39
142.42
142.46
142.49
142.56
142.53
142.56
142.60
142.63
142.67
142.67
142.70
142.74
142.74
142.77
142.77
142.77
142.84
142.84
142.88
142.91
142.91
142.91
142.91
142.84
142.84
142.81
142.81
142.81
142.84
142.91
142.98
143.05
143.12
143.19
143.26
143.33
143.40
143.51
143.58
143.62
143.69
143.76
143.83
143.90
143.90
143.93
143.97
143.97
143.93
143.97
143.97
144.00
144.04
144.00
144.04
144.04
144.04
144.04
144.04
144.07
144.07
144.07
144.07
144.04
144.00
144.00
144.00
144.00
144.07
144.04
144.04
144.11
144.14
144.21
144.18
144.21
144.32
144.28
144.32
144.32
144.35
144.28
144.28
144.28
144.28
144.21
144.25
144.21
144.21
144.21
144.18
144.18
144.21
144.21
144.21
144.18
144.18
144.18
144.14
144.18
144.21
144.25
144.28
144.32
144.35
144.32
144.39
144.35
144.35
144.42
144.39
144.42
144.42
144.39
144.42
144.46
144.49
144.53
144.56
144.60
144.60
144.63
144.67
144.74
144.74
144.81
144.84
144.88
144.91
144.95
144.98
145.02
145.02
145.12
145.16
145.23
145.26
145.30
145.37
145.44
145.47
145.54
145.58
145.65
145.68
145.72
145.72
145.79
145.79
145.83
145.90
145.86
145.90
145.90
145.93
145.93
145.90
145.90
145.90
145.90
145.90
145.90
145.86
145.83
145.83
145.79
145.76
145.68
145.61
145.54
145.58
145.61
145.61
145.65
145.68
145.72
145.68
145.72
145.76
145.76
145.76
145.79
145.76
145.76
145.79
145.83
145.90
145.93
146.00
146.04
146.07
146.14
146.18
146.21
146.25
146.25
146.32
146.35
146.39
146.42
146.46
146.46
146.56
146.53
146.60
146.60
146.63
146.67
146.70
146.74
146.81
146.84
146.91
146.91
146.98
147.02
147.02
147.05
147.05
147.09
147.12
147.12
147.19
147.23
147.19
147.23
147.23
147.26
147.19
147.19
147.12
147.05
147.05
147.02
146.98
146.91
146.88
146.81
146.77
146.70
146.74
146.77
146.74
146.81
146.88
146.88
146.91
146.84
146.91
146.91
146.91
146.88
146.91
146.88
146.88
146.91
146.91
146.95
147.02
147.09
147.09
147.12
147.12
147.16
147.12
147.12
147.16
147.16
147.16
147.16
147.16
147.19
147.23
147.30
147.33
147.33
147.40
147.37
147.40
147.47
147.47
147.44
147.47
147.47
147.51
147.47
147.51
147.58
147.58
147.62
147.62
147.62
147.65
147.65
147.65
147.58
147.58
147.54
147.54
147.51
147.51
147.51
147.51
147.51
147.51
147.51
147.54
147.58
147.54
147.54
147.47
147.40
147.33
147.19
147.23
147.12
147.09
147.09
147.02
146.95
146.91
146.84
146.81
146.74
146.70
146.63
146.56
146.46
146.32
146.25
146.18
146.14
146.07
146.00
145.93
145.83
145.76
145.65
145.61
145.51
145.44
145.33
145.30
145.23
145.23
145.19
145.23
145.23
145.19
145.16
145.16
145.05
145.02
144.95
144.91
144.81
144.74
144.67
144.56
144.49
144.42
144.35
144.32
144.32
144.35
144.35
144.42
144.42
144.42
144.46
144.46
144.46
144.46
144.49
144.46
144.39
144.46
144.39
144.39
144.39
144.39
144.39
144.39
144.39
144.35
144.32
144.28
144.28
144.25
144.21
144.25
144.18
144.14
144.04
144.04
143.97
143.93
143.93
143.97
143.97
143.93
144.00
144.00
144.04
144.00
143.97
143.93
143.90
143.83
143.72
143.55
143.37
143.26
143.05
142.88
142.67
142.42
142.14
141.90
141.62
141.30
141.06
140.74
140.43
140.08
139.76
139.34
139.03
138.71
138.36
138.01
137.66
137.31
136.96
136.58
136.16
135.77
135.39
135.00
134.62
134.27
133.88
133.46
133.08
132.69
132.31
131.96
131.54
131.12
130.70
130.32
129.93
129.55
129.10
128.75
128.33
127.94
127.56
127.18
126.76
126.34
125.99
125.57
125.19
124.77
124.35
124.00
123.59
123.20
122.85
122.47
122.09
121.77
121.43
121.15
120.80
120.49
120.21
119.93
119.62
119.27
118.92
118.54
118.15
117.81
117.46
117.14
116.80
116.45
116.10
115.79
115.48
115.13
114.82
114.50
114.12
113.84
113.49
113.22
112.87
112.59
112.28
111.97
111.65
111.38
111.10
110.79
110.51
110.16
109.92
109.64
109.33
109.02
108.70
108.43
108.18
107.87
107.59
107.35
107.07
106.87
106.62
106.42
106.14
105.90
105.69
105.48
105.24
104.99
104.79
104.54
104.30
104.06
103.82
103.61
103.37
103.12
102.88
102.64
102.43
102.19
101.95
101.74
101.46
101.25
101.01
100.77
100.53
100.32
100.11
99.90
99.66
99.45
99.28
99.04
98.83
98.62
98.38
98.17
97.93
97.73
97.52
97.28
97.10
96.90
96.69
96.48
96.34
96.14
95.93
95.72
95.51
95.34
95.13
94.93
94.79
94.62
94.41
94.27
94.10
93.89
93.72
93.51
93.34
93.16
92.96
92.79
92.65
92.47
92.27
92.06
91.89
91.68
91.54
91.40
91.23
91.06
90.92
90.68
90.51
90.33
90.16
89.96
89.78
89.61
89.44
89.23
89.09
88.92
88.75
88.61
88.44
88.23
88.09
87.92
87.75
87.61
87.51
87.33
87.16
87.02
86.85
86.68
86.58
86.37
86.23
86.06
85.85
85.65
85.47
85.27
85.06
84.85
84.68
84.48
84.34
84.13
83.99
83.86
83.75
83.61
83.44
83.30
83.17
83.00
82.82
82.69
82.51
82.41
82.24
82.13
82.00
81.86
81.72
81.55
81.41
81.24
81.17
80.96
80.86
80.72
80.55
80.41
80.31
80.17
80.04
79.93
79.80
79.66
79.55
79.45
79.31
79.18
79.07
78.94
78.80
78.70
78.52
78.45
78.28
78.18
78.01
77.87
77.73
77.60
77.42
77.29
77.15
76.98
76.84
76.67
76.53
76.39
76.22
76.08
75.95
75.77
75.67
75.53
75.43
75.33
75.23
75.12
74.98
74.92
74.81
74.68
74.61
74.50
74.40
74.30
74.20
74.09
73.99
73.85
73.75
73.65
73.51
73.41
73.30
73.17
73.06
72.99
72.89
72.75
72.65
72.58
72.45
72.31
72.17
72.10
72.00
71.86
71.76
71.66
71.55
71.45
71.31
71.24
71.14
71.04
70.94
70.87
70.76
70.70
70.56
70.46
70.35
70.25
70.15
70.04
69.94
69.80
69.74
69.63
69.56
69.50
69.39
69.36
69.26
69.15
69.05
68.98
68.95
68.84
68.78
68.71
68.60
68.54
68.40
68.33
68.19
68.09
67.99
67.88
67.82
67.71
67.61
67.54
67.51
67.37
67.30
67.20
67.10
67.03
66.96
66.86
66.79
66.72
66.58
66.51
66.41
66.38
66.27
66.21
66.14
66.04
65.93
65.80
65.73
65.62
65.59
65.45
65.42
65.32
65.28
65.21
65.14
65.04
64.97
64.91
64.84
64.77
64.73
64.63
64.53
64.49
64.43
64.32
64.29
64.22
64.19
64.08
64.02
63.95
63.95
63.84
63.78
63.78
63.67
63.60
63.54
63.47
63.43
63.37
63.26
63.23
63.19
63.09
63.06
62.99
62.92
62.85
62.78
62.72
62.68
62.61
62.54
62.48
62.41
62.34
62.27
62.20
62.13
62.06
62.00
61.89
61.86
61.79
61.72
61.69
61.59
61.52
61.45
61.35
61.28
61.21
61.07
61.00
60.94
60.83
60.77
60.66
60.59
60.49
60.39
60.32
60.25
60.18
60.08
60.08
60.05
59.98
59.91
59.81
59.71
59.60
59.47
59.36
59.26
59.19
59.12
59.09
59.02
58.95
58.92
58.85
58.82
58.71
58.68
58.61
58.58
58.51
58.48
58.41
58.37
58.30
58.24
58.17
58.17
58.10
58.00
58.00
57.93
57.86
57.79
57.72
57.62
57.59
57.52
57.48
57.42
57.38
57.35
57.28
57.25
57.21
57.14
57.11
57.08
57.04
57.01
56.90
56.87
56.84
56.77
56.73
56.67
56.60
56.56
56.53
56.43
56.43
56.36
56.29
56.22
56.15
56.08
56.02
55.98
55.91
55.88
55.78
55.71
55.64
55.61
55.54
55.50
55.47
55.37
55.33
55.27
55.23
55.16
55.13
55.06
55.03
54.99
54.92
54.89
54.82
54.82
54.75
54.72
54.72
54.69
54.65
54.62
54.62
54.58
54.58
54.55
54.48
54.48
54.41
54.38
54.34
54.34
54.28
54.24
54.24
54.21
54.17
54.11
54.07
54.00
54.00
53.93
53.90
53.87
53.83
53.76
53.73
53.70
53.66
53.63
53.59
53.53
53.49
53.49
53.42
53.39
53.35
53.32
53.25
53.22
53.22
53.15
53.08
53.08
53.05
53.01
52.98
52.95
52.91
52.84
52.81
52.81
52.77
52.67
52.67
52.64
52.60
52.57
52.50
52.47
52.43
52.40
52.40
52.33
52.26
52.26
52.23
52.16
52.16
52.09
52.06
52.09
52.02
51.96
51.96
51.89
51.89
51.89
51.82
51.79
51.72
51.72
51.68
51.68
51.62
51.62
51.55
51.51
51.48
51.48
51.41
51.41
51.38
51.34
51.27
51.24
51.21
51.17
51.14
51.10
51.04
51.00
51.04
51.00
50.93
50.90
50.90
50.83
50.83
50.80
50.76
50.73
50.69
50.63
50.59
50.59
50.52
50.46
50.42
50.39
50.32
50.29
50.18
50.15
50.12
50.05
50.01
49.98
49.91
49.88
49.88
49.84
49.81
49.77
49.74
49.67
49.71
49.60
49.57
49.60
49.57
49.54
49.50
49.47
49.43
49.43
49.40
49.37
49.33
49.33
49.26
49.26
49.23
49.23
49.16
49.16
49.09
49.06
49.02
48.99
48.92
48.92
48.89
48.85
48.82
48.79
48.72
48.68
48.65
48.55
48.51
48.45
48.45
48.38
48.34
48.28
48.24
48.21
48.17
48.14
48.07
48.04
48.00
48.00
47.93
47.90
47.83
47.80
47.76
47.73
47.70
47.66
47.63
47.59
47.59
47.56
47.53
47.49
47.46
47.46
47.42
47.39
47.36
47.32
47.29
47.25
47.19
47.15
47.15
47.08
47.08
47.02
46.98
46.95
46.95
46.88
46.91
46.88
46.85
46.78
46.78
46.78
46.71
46.64
46.61
46.57
46.54
46.47
46.44
46.40
46.37
46.37
46.30
46.27
46.23
46.23
46.20
46.20
46.16
46.13
46.13
46.10
46.13
46.10
46.06
46.03
46.03
45.96
45.99
45.96
45.96
45.96
45.96
45.89
45.93
45.82
45.89
45.86
45.86
45.82
45.79
45.79
45.82
45.72
45.69
45.72
45.65
45.62
45.62
45.59
45.59
45.55
45.55
45.52
45.52
45.48
45.48
45.52
45.48
45.42
45.42
45.38
45.42
45.38
45.38
45.35
45.35
45.28
45.28
45.21
45.21
45.21
45.14
45.11
45.08
45.04
45.04
45.01
45.01
45.01
45.01
44.97
44.91
44.91
44.94
44.87
44.87
44.87
44.84
44.84
44.84
44.80
44.80
44.77
44.77
44.80
44.73
44.73
44.73
44.73
44.67
44.67
44.63
44.63
44.60
44.56
44.56
44.50
44.53
44.46
44.46
44.43
44.39
44.36
44.36
44.29
44.29
44.26
44.26
44.26
44.19
44.19
44.19
44.19
44.16
44.12
44.12
44.09
44.12
44.09
44.09
44.09
44.02
44.05
44.02
43.99
43.99
43.99
43.95
43.92
43.92
43.92
43.92
43.88
43.85
43.82
43.82
43.82
43.78
43.75
43.75
43.71
43.68
43.68
43.65
43.65
43.61
43.58
43.58
43.54
43.54
43.54
43.48
43.48
43.44
43.44
43.37
43.34
43.34
43.31
43.27
43.31
43.24
43.24
43.20
43.20
43.20
43.17
43.17
43.14
43.10
43.10
43.14
43.07
43.03
43.03
43.00
43.00
42.97
42.97
42.93
42.97
42.97
42.93
42.90
42.90
42.86
42.86
42.86
42.83
42.80
42.83
42.80
42.80
42.80
42.76
42.76
42.73
42.76
42.73
42.69
42.69
42.66
42.63
42.63
42.63
42.59
42.56
42.59
42.52
42.52
42.52
42.46
42.46
42.46
42.42
42.39
42.35
42.39
42.39
42.35
42.32
42.32
42.32
42.29
42.29
42.25
42.25
42.22
42.18
42.18
42.18
42.18
42.15
42.12
42.08
42.12
42.08
42.05
42.05
42.05
42.01
42.01
41.98
41.98
41.98
41.98
41.91
41.91
41.88
41.88
41.84
41.81
41.81
41.78
41.81
41.78
41.81
41.78
41.74
41.74
41.74
41.74
41.71
41.74
41.67
41.67
41.67
41.67
41.67
41.64
41.61
41.57
41.54
41.57
41.54
41.54
41.54
41.50
41.47
41.47
41.47
41.44
41.40
41.44
41.40
41.37
41.37
41.33
41.33
41.33
41.30
41.30
41.20
41.20
41.23
41.20
41.20
41.16
41.13
41.20
41.13
41.16
41.10
41.13
41.13
41.13
41.10
41.10
41.10
41.10
41.10
41.06
41.06
41.03
41.03
41.03
41.03
40.99
40.99
40.96
40.96
40.96
40.96
40.93
40.93
40.96
40.96
40.93
40.89
40.93
40.86
40.86
40.86
40.86
40.86
40.82
40.79
40.79
40.79
40.76
40.76
40.72
40.69
40.65
40.62
40.59
40.55
40.52
40.52
40.45
40.45
40.42
40.42
40.38
40.38
40.35
40.35
40.35
40.28
40.28
40.25
40.28
40.25
40.25
40.21
40.21
40.21
40.18
40.18
40.14
40.14
40.11
40.11
40.14
40.08
40.08
40.04
40.04
40.04
40.01
39.97
39.94
39.94
39.91
39.87
39.91
39.84
39.87
39.87
39.80
39.80
39.77
39.80
39.77
39.77
39.70
39.74
39.70
39.74
39.70
39.70
39.70
39.70
39.70
39.67
39.67
39.67
39.67
39.63
39.63
39.60
39.57
39.63
39.60
39.57
39.60
39.60
39.60
39.57
39.57
39.53
39.57
39.53
39.53
39.53
39.50
39.47
39.43
39.43
39.40
39.43
39.36
39.33
39.33
39.33
39.30
39.26
39.26
39.26
39.26
39.19
39.23
39.19
39.26
39.19
39.19
39.16
39.19
39.19
39.16
39.19
39.16
39.16
39.13
39.13
39.09
39.09
39.09
39.09
39.09
39.06
39.06
39.06
39.09
39.06
39.09
39.06
39.06
39.02
39.06
39.09
39.02
39.02
39.02
38.99
39.06
39.02
39.02
39.02
39.06
38.99
38.96
39.02
38.96
38.92
38.92
38.96
38.89
38.92
38.89
38.89
38.89
38.85
38.85
38.85
38.82
38.79
38.82
38.75
38.79
38.79
38.75
38.72
38.72
38.72
38.68
38.72
38.68
38.72
38.68
38.72
38.68
38.68
38.65
38.65
38.65
38.65
38.65
38.62
38.62
38.62
38.65
38.55
38.58
38.58
38.55
38.51
38.55
38.55
38.55
38.51
38.48
38.48
38.45
38.48
38.41
38.41
38.41
38.41
38.38
38.38
38.38
38.34
38.38
38.31
38.31
38.31
38.34
38.31
38.31
38.34
38.28
38.31
38.31
38.28
38.31
38.28
38.28
38.28
38.24
38.24
38.24
38.24
38.21
38.17
38.17
38.14
38.11
38.07
38.07
38.07
38.04
38.04
37.97
38.00
37.97
37.94
37.94
37.87
37.87
37.87
37.80
37.83
37.83
37.83
37.77
37.80
37.77
37.73
37.70
37.73
37.70
37.70
37.70
37.66
37.63
37.63
37.66
37.66
37.63
37.60
37.63
37.60
37.60
37.60
37.60
37.60
37.60
37.60
37.60
37.60
37.60
37.60
37.60
37.63
37.56
37.60
37.53
37.56
37.56
37.53
37.50
37.53
37.53
37.53
37.50
37.46
37.46
37.46
37.46
37.46
37.50
37.46
37.39
37.43
37.43
37.39
37.36
37.39
37.39
37.39
37.36
37.36
37.33
37.33
37.29
37.29
37.26
37.26
37.22
37.16
37.16
37.09
37.09
37.09
37.09
37.05
37.05
37.05
37.02
37.02
37.02
37.05
37.05
37.02
37.05
37.02
37.05
37.02
37.02
37.05
37.05
37.05
37.05
37.02
37.05
37.02
36.99
36.99
37.05
36.99
37.02
37.02
36.99
37.02
37.02
37.02
37.02
36.99
37.02
36.99
36.99
37.02
36.99
36.99
36.99
36.95
36.99
36.88
36.92
36.92
36.92
36.92
36.88
36.88
36.88
36.88
36.85
36.88
36.85
36.85
36.82
36.82
36.85
36.78
36.82
36.82
36.85
36.82
36.85
36.85
36.78
36.82
36.82
36.82
36.82
36.82
36.82
36.78
36.78
36.78
36.78
36.78
36.75
36.75
36.75
36.75
36.71
36.75
36.71
36.68
36.68
36.71
36.68
36.65
36.65
36.65
36.61
36.61
36.61
36.61
36.65
36.61
36.65
36.61
36.61
36.61
36.58
36.58
36.58
36.54
36.54
36.54
36.58
36.58
36.54
36.58
36.51
36.54
36.54
36.51
36.54
36.48
36.48
36.48
36.48
36.48
36.48
36.44
36.48
36.44
36.44
36.44
36.41
36.41
36.41
36.44
36.41
36.41
36.41
36.38
36.44
36.41
36.41
36.41
36.41
36.38
36.41
36.38
36.41
36.41
36.34
36.38
36.38
36.38
36.38
36.34
36.34
36.27
36.34
36.34
36.34
36.34
36.34
36.31
36.31
36.31
36.31
36.31
36.31
36.31
36.31
36.31
36.31
36.31
36.31
36.27
36.27
36.27
36.27
36.31
36.27
36.27
36.31
36.24
36.27
36.24
36.27
36.24
36.24
36.24
36.21
36.24
36.21
36.21
36.21
36.24
36.24
36.21
36.24
36.21
36.21
36.21
36.21
36.21
36.17
36.17
36.17
36.14
36.17
36.14
36.14
36.17
36.14
36.14
36.14
36.10
36.10
36.07
36.10
36.10
36.07
36.04
36.10
36.07
36.04
36.04
36.04
36.04
36.04
36.07
36.04
36.00
36.00
36.00
36.00
36.00
36.00
36.00
36.00
35.97
36.00
36.00
36.00
35.97
36.00
35.97
35.97
35.93
35.97
35.97
35.93
35.97
35.93
35.90
35.90
35.87
35.90
35.87
35.87
35.87
35.87
35.83
35.83
35.83
35.83
35.80
35.80
35.80
35.76
35.80
35.76
35.76
35.73
35.73
35.76
35.73
35.73
35.76
35.73
35.70
35.66
35.66
35.70
35.66
35.66
35.66
35.63
35.70
35.66
34.07
34.14
34.17
34.24
34.24
34.34
34.34
34.37
34.41
34.47
34.51
34.54
34.61
34.61
34.68
34.71
34.78
34.78
34.88
34.85
34.95
34.95
34.98
35.02
35.09
35.12
35.12
35.19
35.22
35.26
35.29
35.32
35.36
35.39
35.42
35.46
35.53
35.49
35.56
35.59
35.63
35.63
35.70
35.73
35.76
35.80
35.80
35.83
35.87
35.90
35.93
35.97
35.93
36.00
36.00
36.07
36.07
36.10
36.14
36.17
36.17
36.21
36.24
36.24
36.31
36.31
36.34
36.38
36.41
36.44
36.44
36.51
36.48
36.54
36.54
36.58
36.61
36.65
36.65
36.68
36.71
36.75
36.75
36.78
36.78
36.82
36.85
36.88
36.88
36.92
36.95
36.99
36.95
37.02
37.02
37.05
37.05
37.09
37.12
37.16
37.16
37.16
37.22
37.22
37.22
37.26
37.29
37.33
37.33
37.36
37.36
37.39
37.43
37.46
37.46
37.50
37.53
37.53
37.56
37.60
37.60
37.60
37.63
37.63
37.66
37.70
37.70
37.73
37.73
37.77
37.77
37.77
37.83
37.83
37.83
37.87
37.90
37.90
37.90
37.94
37.97
37.97
37.97
38.00
38.00
38.00
38.04
38.07
38.11
38.11
38.11
38.14
38.17
38.17
38.21
38.17
38.21
38.21
38.24
38.24
38.28
38.31
38.31
38.34
38.34
38.34
38.38
38.38
38.38
38.41
38.45
38.45
38.45
38.45
38.48
38.51
38.51
38.48
38.55
38.55
38.58
38.58
38.58
38.62
38.58
38.62
38.65
38.65
38.68
38.68
38.72
38.72
38.72
38.72
38.75
38.79
38.79
38.82
38.82
38.82
38.85
38.85
38.85
38.89
38.89
38.92
38.92
38.92
38.92
38.96
38.96
38.96
38.99
38.99
38.99
39.09
39.16
39.23
39.33
39.43
39.53
39.70
39.84
40.04
40.21
40.45
40.69
40.96
41.27
41.57
41.91
42.25
42.56
42.93
43.31
43.68
44.05
44.46
44.87
45.28
45.76
46.16
46.61
47.08
47.53
48.04
48.51
48.99
49.43
49.94
50.42
50.87
51.34
51.82
52.30
52.77
53.29
53.76
54.21
54.72
55.20
55.68
56.12
56.60
57.08
57.55
58.03
58.48
58.95
59.40
59.88
60.32
60.77
61.21
61.65
62.06
62.48
62.89
63.30
63.71
64.12
64.49
64.91
65.35
65.69
66.07
66.45
66.86
67.23
67.64
68.02
68.36
68.71
69.05
69.43
69.77
70.11
70.42
70.73
71.07
71.38
71.69
71.96
72.27
72.62
72.89
73.20
73.47
73.82
74.09
74.40
74.68
74.98
75.26
75.53
75.84
76.12
76.39
76.67
76.98
77.25
77.53
77.80
78.04
78.32
78.59
78.87
79.21
79.42
79.73
80.00
80.24
80.52
80.79
81.10
81.34
81.62
81.89
82.13
82.41
82.62
82.82
83.06
83.30
83.58
83.79
84.10
84.34
84.61
84.85
85.06
85.30
85.54
85.78
86.03
86.27
86.51
86.75
86.92
87.16
87.37
87.61
87.85
88.02
88.27
88.47
88.68
88.89
89.09
89.33
89.54
89.75
89.99
90.23
90.40
90.65
90.89
91.13
91.37
91.61
91.89
92.13
92.37
92.61
92.85
93.10
93.30
93.51
93.68
93.92
94.10
94.27
94.48
94.65
94.86
95.00
95.17
95.34
95.51
95.69
95.86
96.03
96.14
96.31
96.48
96.69
96.86
97.03
97.24
97.38
97.59
97.83
98.00
98.24
98.42
98.59
98.83
99.04
99.18
99.42
99.66
99.87
100.04
100.25
100.46
100.60
100.80
100.98
101.15
101.32
101.50
101.70
101.91
102.08
102.26
102.43
102.64
102.78
102.98
103.19
103.33
103.44
103.61
103.78
103.92
104.06
104.20
104.37
104.51
104.68
104.82
104.99
105.10
105.31
105.44
105.69
105.86
106.03
106.21
106.31
106.45
106.62
106.76
106.87
107.00
107.14
107.28
107.39
107.49
107.59
107.77
107.87
108.01
108.11
108.18
108.36
108.50
108.63
108.74
108.88
108.98
109.09
109.22
109.36
109.50
109.64
109.81
109.95
110.09
110.23
110.37
110.51
110.65
110.75
110.92
111.03
111.13
111.27
111.38
111.52
111.62
111.76
111.86
112.00
112.11
112.24
112.38
112.52
112.63
112.73
112.87
112.97
113.11
113.22
113.39
113.46
113.56
113.67
113.81
113.98
114.12
114.26
114.36
114.47
114.61
114.71
114.82
114.88
114.99
115.09
115.20
115.34
115.44
115.55
115.65
115.75
115.86
115.96
116.07
116.21
116.34
116.48
116.59
116.73
116.87
117.01
117.11
117.25
117.35
117.49
117.60
117.70
117.84
117.98
118.15
118.26
118.43
118.54
118.71
118.85
118.99
119.13
119.23
119.37
119.51
119.62
119.72
119.86
119.93
120.07
120.14
120.24
120.35
120.45
120.55
120.66
120.73
120.87
120.94
121.01
121.08
121.15
121.22
121.36
121.39
121.46
121.50
121.56
121.60
121.63
121.74
121.77
121.88
121.95
122.05
122.12
122.19
122.26
122.33
122.44
122.51
122.57
122.64
122.71
122.85
122.96
123.03
123.10
123.17
123.27
123.34
123.38
123.38
123.45
123.48
123.48
123.55
123.59
123.59
123.69
123.76
123.83
123.86
123.93
124.04
124.14
124.28
124.39
124.53
124.60
124.70
124.77
124.88
124.94
125.01
125.12
125.22
125.29
125.43
125.47
125.57
125.64
125.75
125.85
125.92
126.03
126.10
126.20
126.34
126.44
126.55
126.65
126.76
126.86
126.97
127.04
127.11
127.25
127.32
127.42
127.53
127.60
127.67
127.70
127.77
127.84
127.91
127.98
128.05
128.08
128.15
128.19
128.19
128.29
128.29
128.33
128.29
128.36
128.36
128.40
128.43
128.47
128.47
128.47
128.50
128.50
128.54
128.50
128.54
128.50
128.54
128.47
128.43
128.47
128.40
128.40
128.33
128.36
128.33
128.36
128.33
128.36
128.36
128.33
128.26
128.22
128.19
128.19
128.22
128.19
128.19
128.22
128.26
128.29
128.36
128.43
128.50
128.50
128.57
128.61
128.64
128.71
128.85
128.89
129.03
129.13
129.20
129.31
129.38
129.52
129.58
129.65
129.79
129.90
129.97
130.07
130.14
130.25
130.28
130.39
130.42
130.49
130.56
130.63
130.70
130.77
130.88
130.95
131.02
131.09
131.16
131.23
131.26
131.37
131.44
131.47
131.54
131.61
131.68
131.79
131.86
131.92
131.99
132.06
132.13
132.24
132.24
132.31
132.34
132.38
132.48
132.52
132.55
132.59
132.66
132.69
132.76
132.80
132.83
132.87
132.90
132.90
133.01
133.08
133.11
133.18
133.22
133.22
133.25
133.29
133.29
133.36
133.39
133.46
133.50
133.57
133.67
133.78
133.88
134.02
134.13
134.27
134.44
134.55
134.69
134.83
134.93
135.04
135.14
135.25
135.32
135.35
135.39
135.46
135.53
135.56
135.60
135.67
135.70
135.77
135.84
135.88
135.95
135.98
136.05
136.09
136.12
136.16
136.19
136.19
136.23
136.23
136.23
136.19
136.23
136.19
136.23
136.26
136.33
136.36
136.36
136.36
136.36
136.40
136.47
136.54
136.58
136.64
136.68
136.71
136.79
136.79
136.86
136.92
136.96
136.99
136.92
136.89
136.86
136.79
136.71
136.71
136.64
136.68
136.71
136.75
136.82
136.82
136.96
137.03
136.99
137.10
137.17
137.13
137.17
137.20
137.24
137.20
137.17
137.13
137.10
137.13
137.20
137.31
137.41
137.48
137.59
137.66
137.80
137.87
137.97
138.05
138.11
138.22
138.25
138.29
138.29
138.33
138.33
138.29
138.29
138.25
138.25
138.29
138.29
138.33
138.33
138.39
138.36
138.36
138.36
138.39
138.33
138.33
138.33
138.29
138.33
138.33
138.33
138.33
138.36
138.36
138.36
138.33
138.25
138.18
138.05
137.90
137.76
137.69
137.66
137.69
137.69
137.76
137.80
137.73
137.66
137.62
137.59
137.62
137.62
137.62
137.62
137.59
137.59
137.59
137.59
137.62
137.62
137.62
137.62
137.62
137.69
137.73
137.83
137.94
138.05
138.18
138.29
138.43
138.54
138.71
138.89
138.99
139.17
139.31
139.41
139.52
139.66
139.73
139.83
139.90
140.04
140.18
140.29
140.43
140.57
140.60
140.74
140.85
140.95
141.06
141.20
141.30
141.34
141.37
141.37
141.37
141.37
141.37
141.48
141.55
141.65
141.79
141.86
141.97
142.11
142.14
142.25
142.28
142.28
142.25
142.25
142.21
142.28
142.32
142.35
142.42
142.42
142.39
142.35
142.42
142.49
142.56
142.63
142.74
142.81
142.88
142.98
143.05
143.16
143.23
143.30
143.37
143.40
143.37
143.37
143.33
143.37
143.40
143.40
143.48
143.48
143.51
143.55
143.58
143.58
143.58
143.58
143.65
143.62
143.65
143.69
143.76
143.79
143.83
143.90
143.93
144.00
144.11
144.21
144.28
144.42
144.49
144.56
144.67
144.74
144.84
144.91
145.02
145.09
145.19
145.23
145.30
145.40
145.44
145.51
145.47
145.47
145.44
145.40
145.44
145.44
145.44
145.47
145.51
145.54
145.58
145.65
145.68
145.72
145.79
145.83
145.93
145.97
146.04
146.07
146.11
146.14
146.14
146.11
146.14
146.14
146.11
146.11
146.14
146.11
146.14
146.11
146.14
146.11
146.14
146.11
146.11
146.11
146.14
146.14
146.14
146.11
146.11
146.11
146.14
146.18
146.21
146.21
146.21
146.28
146.32
146.32
146.35
146.39
146.39
146.42
146.42
146.42
146.42
146.42
146.46
146.46
146.46
146.49
146.49
146.53
146.49
146.49
146.49
146.49
146.46
146.42
146.39
146.32
146.28
146.21
146.11
146.07
146.04
145.97
145.86
145.79
145.72
145.65
145.61
145.54
145.54
145.51
145.54
145.54
145.51
145.51
145.51
145.51
145.58
145.58
145.68
145.72
145.76
145.76
145.65
145.58
145.54
145.54
145.51
145.51
145.54
145.58
145.58
145.61
145.72
145.79
145.90
145.90
145.97
146.04
146.04
146.04
146.04
146.04
145.97
145.93
145.86
145.79
145.72
145.65
145.54
145.44
145.37
145.26
145.16
144.91
144.74
144.53
144.35
144.07
143.83
143.62
143.33
143.05
142.77
142.53
142.21
141.97
141.69
141.44
141.16
140.88
140.60
140.29
140.01
139.66
139.31
138.99
138.57
138.18
137.76
137.38
136.96
136.54
136.12
135.70
135.35
134.97
134.55
134.20
133.81
133.43
133.04
132.62
132.20
131.79
131.37
131.02
130.60
130.25
129.90
129.48
129.13
128.75
128.36
127.98
127.60
127.25
126.83
126.44
126.03
125.64
125.26
124.88
124.49
124.18
123.83
123.55
123.24
122.96
122.61
122.30
121.95
121.63
121.29
121.01
120.69
120.38
120.03
119.75
119.44
119.13
118.85
118.57
118.29
118.08
117.88
117.63
117.32
117.08
116.80
116.59
116.31
116.07
115.79
115.51
115.27
114.99
114.75
114.47
114.19
113.91
113.67
113.39
113.11
112.83
112.52
112.28
112.00
111.76
111.45
111.20
110.92
110.68
110.44
110.20
109.99
109.78
109.61
109.47
109.26
109.19
109.12
109.12
109.12
109.16
109.19
109.22
109.26
109.29
109.33
109.36
109.40
109.43
109.47
109.54
109.61
109.68
109.74
109.81
109.92
110.02
110.23
110.40
110.61
110.82
111.06
111.27
111.52
111.72
111.97
112.21
112.49
112.77
113.04
113.32
113.60
113.88
114.15
114.43
114.71
114.92
115.13
115.30
115.55
115.75
116.00
116.24
116.48
116.73
117.01
117.21
117.46
117.67
117.88
118.05
118.22
118.43
118.68
118.92
119.16
119.37
119.65
119.89
120.10
120.28
120.52
120.73
120.94
121.22
121.43
121.60
121.81
121.95
122.12
122.26
122.44
122.64
122.78
122.99
123.24
123.45
123.66
123.90
124.14
124.35
124.53
124.74
124.94
125.08
125.26
125.43
125.57
125.71
125.89
126.03
126.13
126.27
126.27
126.34
126.37
126.41
126.41
126.41
126.37
126.30
126.23
126.13
126.06
125.92
125.82
125.64
125.54
125.40
125.22
125.05
124.91
124.70
124.49
124.21
124.00
123.76
123.55
123.27
123.03
122.71
122.47
122.23
121.95
121.70
121.46
121.22
120.97
120.76
120.55
120.28
120.03
119.82
119.58
119.37
119.09
118.92
118.71
118.43
118.22
118.01
117.77
117.56
117.35
117.11
116.90
116.69
116.48
116.28
116.07
115.89
115.65
115.44
115.23
115.06
114.88
114.78
114.68
114.54
114.47
114.40
114.29
114.26
114.22
114.22
114.22
114.22
114.26
114.29
114.36
114.40
114.50
114.54
114.64
114.78
114.85
114.99
115.09
115.27
115.37
115.51
115.65
115.82
115.96
116.07
116.24
116.38
116.55
116.66
116.83
116.97
117.18
117.35
117.53
117.67
117.88
118.05
118.26
118.43
118.61
118.78
118.99
119.16
119.30
119.51
119.68
119.82
120.03
120.21
120.35
120.52
120.69
120.83
121.01
121.18
121.36
121.50
121.67
121.81
121.95
122.09
122.23
122.40
122.51
122.64
122.78
122.89
122.99
123.10
123.17
123.27
123.41
123.48
123.66
123.79
123.90
124.07
124.21
124.39
124.53
124.67
124.81
124.91
125.08
125.15
125.26
125.40
125.50
125.64
125.78
125.96
126.17
126.30
126.51
126.65
126.93
127.18
127.42
127.60
127.77
127.87
128.01
128.05
128.12
128.26
128.29
128.33
128.36
128.43
128.47
128.50
128.50
128.61
128.64
128.78
128.89
128.96
129.03
129.13
129.17
129.24
129.27
129.38
129.45
129.48
129.52
129.62
129.69
129.76
129.79
129.83
129.93
130.04
130.07
130.18
130.32
130.42
130.53
130.63
130.77
130.91
130.98
131.09
131.19
131.30
131.37
131.47
131.58
131.68
131.82
131.92
131.99
132.20
132.27
132.45
132.55
132.69
132.83
132.97
133.11
133.22
133.29
133.43
133.53
133.60
133.67
133.74
133.78
133.81
133.85
133.88
133.88
133.92
133.95
134.02
134.02
134.09
134.16
134.23
134.30
134.37
134.48
134.58
134.65
134.76
134.79
134.86
135.00
135.11
135.18
135.25
135.35
135.46
135.53
135.63
135.63
135.67
135.74
135.77
135.88
135.95
135.98
136.05
136.12
136.12
136.12
136.16
136.19
136.23
136.26
136.30
136.30
136.36
136.40
136.51
136.58
136.71
136.82
136.86
136.86
136.92
136.92
136.99
137.03
137.10
137.10
137.24
137.27
137.31
137.34
137.38
137.41
137.38
137.34
137.38
137.38
137.41
137.48
137.55
137.59
137.69
137.76
137.83
137.87
137.90
137.90
137.94
138.01
138.05
138.15
138.22
138.22
138.29
138.36
138.39
138.43
138.50
138.54
138.57
138.61
138.67
138.71
138.71
138.78
138.85
138.89
138.99
139.06
139.17
139.24
139.34
139.45
139.55
139.62
139.73
139.83
139.94
140.01
140.11
140.18
140.22
140.25
140.29
140.29
140.29
140.29
140.29
140.32
140.39
140.46
140.57
140.67
140.78
140.92
141.02
141.06
141.16
141.30
141.44
141.58
141.69
141.83
141.97
142.07
142.11
142.18
142.21
142.28
142.35
142.42
142.53
142.60
142.70
142.74
142.81
142.84
142.91
142.98
143.02
143.12
143.16
143.23
143.26
143.33
143.44
143.51
143.58
143.62
143.69
143.72
143.76
143.83
143.93
144.04
144.11
144.11
144.18
144.21
144.21
144.25
144.21
144.25
144.28
144.25
144.28
144.32
144.32
144.32
144.25
144.21
144.14
144.04
143.93
143.79
143.62
143.51
143.44
143.40
143.44
143.48
143.51
143.58
143.58
143.65
143.69
143.69
143.65
143.69
143.72
143.65
143.69
143.69
143.69
143.65
143.62
143.58
143.44
143.40
143.33
143.33
143.30
143.26
143.23
143.19
143.16
143.12
143.09
143.05
142.98
142.91
142.84
142.84
142.84
142.81
142.81
142.81
142.84
142.91
142.91
142.95
143.05
143.09
143.19
143.26
143.30
143.33
143.40
143.44
143.48
143.48
143.58
143.58
143.58
143.69
143.69
143.76
143.79
143.83
143.90
143.93
143.97
144.00
144.04
144.04
144.04
144.11
144.11
144.07
144.07
144.07
144.11
144.14
144.14
144.14
144.18
144.18
144.18
144.25
144.28
144.35
144.39
144.46
144.49
144.56
144.63
144.67
144.67
144.63
144.67
144.67
144.67
144.67
144.70
144.74
144.77
144.88
144.95
145.02
145.12
145.23
145.37
145.47
145.58
145.68
145.79
145.86
145.97
146.07
146.14
146.28
146.39
146.49
146.60
146.63
146.70
146.77
146.84
146.91
146.98
147.05
147.09
147.16
147.19
147.19
147.19
147.16
147.12
147.05
147.02
146.95
146.91
146.91
146.84
146.84
146.77
146.77
146.74
146.74
146.74
146.81
146.84
146.88
146.91
146.98
146.98
147.02
147.05
147.02
147.05
147.05
147.09
147.09
147.05
147.09
147.02
147.02
147.02
146.98
146.98
146.95
146.98
147.02
147.02
147.05
147.05
147.02
147.09
147.09
147.12
147.09
147.09
147.05
147.09
147.02
147.05
147.05
147.05
147.05
147.05
147.09
147.05
147.09
147.12
147.12
147.12
147.09
147.12
147.12
147.12
147.12
147.16
147.16
147.16
147.16
147.16
147.16
147.16
147.19
147.16
147.19
147.19
147.16
147.19
147.16
147.16
147.12
147.09
147.12
147.09
147.12
147.05
147.02
146.95
146.88
146.91
146.88
146.81
146.81
146.81
146.81
146.81
146.81
146.88
146.84
146.84
146.88
146.91
146.95
146.98
147.02
146.98
146.95
146.95
146.91
146.91
146.88
146.88
146.88
146.84
146.84
146.84
146.84
146.88
146.91
146.95
146.95
146.98
146.98
146.98
146.98
146.95
146.91
146.95
146.95
146.95
147.02
147.05
147.09
147.12
147.12
147.16
147.19
147.19
147.23
147.26
147.26
147.26
147.26
147.23
147.19
147.12
147.09
146.98
146.95
146.88
146.81
146.74
146.63
146.53
146.49
146.42
146.21
145.79
145.30
144.81
144.25
143.69
143.16
142.67
142.07
141.58
141.06
140.60
140.18
139.73
139.41
139.10
138.85
139.06
139.83
140.53
141.06
141.58
142.04
142.49
142.91
143.37
143.65
144.00
144.42
144.84
145.26
145.68
146.00
146.35
146.63
146.91
147.19
147.44
147.65
147.90
148.11
148.32
148.53
148.67
148.84
149.05
149.20
149.30
149.41
149.58
149.69
149.72
149.83
149.97
150.04
150.18
150.28
150.39
150.46
150.53
150.60
150.67
150.71
150.78
150.88
150.92
150.95
150.99
151.06
151.06
151.13
151.16
151.27
151.37
151.51
151.62
151.76
151.90
152.01
152.08
152.15
152.22
152.25
152.32
152.39
152.46
152.46
152.57
152.57
152.64
152.71
152.78
152.85
152.89
152.96
152.99
153.06
153.10
153.17
153.20
153.20
153.24
153.27
153.27
153.31
153.27
153.34
153.34
153.38
153.41
153.41
153.41
153.45
153.48
153.48
153.52
153.48
153.52
153.55
153.55
153.52
153.52
153.45
153.41
153.41
153.34
153.34
153.31
153.27
153.27
153.31
153.27
153.31
153.31
153.34
153.34
153.34
153.34
153.34
153.31
153.34
153.38
153.38
153.41
153.45
153.45
153.45
153.41
153.45
153.41
153.38
153.38
153.38
153.45
153.41
153.38
153.24
153.13
152.99
152.92
152.82
152.74
152.71
152.67
152.60
152.53
152.46
152.50
152.57
152.71
152.74
152.74
152.82
152.89
152.92
152.89
152.92
152.96
153.06
153.10
153.13
153.20
153.24
153.31
153.34
153.41
153.48
153.55
153.66
153.76
153.84
153.94
154.01
154.08
154.19
154.26
154.33
154.47
154.57
154.64
154.89
154.96
155.14
155.21
155.31
155.35
155.38
155.42
155.42
155.45
155.52
155.56
155.59
155.63
155.66
155.70
155.77
155.77
155.88
155.95
156.02
156.05
156.09
156.09
156.09
156.19
156.30
156.44
156.58
156.69
156.76
156.83
156.86
156.83
156.79
156.69
156.62
156.65
156.69
156.72
156.76
156.79
156.86
156.93
157.04
157.18
157.32
157.46
157.57
157.60
157.71
157.81
157.92
158.06
158.09
158.27
158.34
158.38
158.48
158.55
158.66
158.73
158.80
158.87
158.94
159.01
159.05
159.05
159.08
159.05
159.05
159.01
158.97
159.01
158.97
158.97
158.94
159.01
159.05
159.12
159.19
159.22
159.26
159.29
159.33
159.33
159.26
159.15
159.05
158.94
158.80
158.69
158.62
158.48
158.38
158.27
158.13
158.06
158.06
158.06
158.09
158.16
158.09
158.09
158.06
158.13
158.13
158.13
158.13
158.13
158.16
158.09
158.06
158.02
158.02
158.02
157.99
157.99
157.95
157.85
157.78
157.71
157.64
157.60
157.50
157.35
157.21
157.14
157.00
156.93
156.86
156.79
156.72
156.62
156.51
156.40
156.30
156.19
156.09
156.02
155.91
155.77
155.63
155.52
155.42
155.31
155.17
155.10
155.00
154.96
154.93
154.96
155.00
155.00
155.00
154.96
154.86
154.82
154.71
154.68
154.71
154.82
154.93
155.03
155.07
155.10
155.14
155.03
155.03
154.93
154.82
154.75
154.64
154.68
154.75
154.82
154.89
154.96
155.03
155.07
155.14
155.17
155.17
155.17
155.17
155.21
155.14
155.21
155.21
155.17
155.21
155.24
155.24
155.28
155.35
155.35
155.42
155.45
155.45
155.42
155.45
155.45
155.45
155.45
155.49
155.49
155.49
155.49
155.45
155.45
155.45
155.45
155.42
155.38
155.42
155.42
155.45
155.49
155.49
155.56
155.56
155.56
155.56
155.56
155.49
155.52
155.49
155.45
155.49
155.49
155.52
155.56
155.56
155.56
155.59
155.63
155.59
155.63
155.59
155.56
155.56
155.52
155.56
155.52
155.52
155.52
155.56
155.56
155.56
155.56
155.56
155.56
155.59
155.63
155.70
155.74
155.74
155.81
155.81
155.88
155.91
155.91
155.95
155.98
156.02
156.09
156.16
156.23
156.30
156.37
156.47
156.62
156.72
156.83
157.00
157.14
157.25
157.35
157.46
157.53
157.67
157.74
157.85
157.88
157.95
158.02
158.02
158.09
158.13
158.16
158.13
158.13
158.13
158.13
158.20
158.27
158.38
158.45
158.52
158.55
158.62
158.66
158.69
158.66
158.69
158.69
158.73
158.76
158.80
158.76
158.73
158.69
158.69
158.69
158.66
158.62
158.59
158.55
158.55
158.55
158.55
158.55
158.52
158.52
158.52
158.48
158.48
158.45
158.45
158.41
158.38
158.41
158.41
158.41
158.38
158.38
158.41
158.34
158.34
158.34
158.38
158.41
158.45
158.48
158.48
158.48
158.48
158.52
158.55
158.59
158.59
158.62
158.73
158.83
158.90
159.05
159.15
159.33
159.43
159.50
159.50
159.57
159.61
159.71
159.75
159.82
159.82
159.75
159.75
159.68
159.68
159.64
159.54
159.43
159.36
159.40
159.47
159.57
159.68
159.75
159.82
159.93
160.00
160.03
160.03
160.07
159.96
159.86
159.71
159.57
159.40
159.12
158.90
158.59
158.27
157.95
157.60
157.21
156.76
156.37
155.95
155.49
155.03
154.57
154.08
153.62
153.13
152.64
152.18
151.69
151.20
150.71
150.18
149.69
149.16
148.70
148.25
147.76
147.26
146.81
146.32
145.83
145.37
144.88
144.42
143.93
143.48
143.02
142.49
142.00
141.48
141.06
140.60
140.18
139.73
139.31
138.89
138.43
137.97
137.55
137.13
136.79
136.33
135.91
135.49
135.04
134.65
134.20
133.81
133.39
133.04
132.73
132.34
131.99
131.72
131.37
131.02
130.67
130.28
129.90
129.55
129.17
128.75
128.36
128.01
127.67
127.32
126.97
126.58
126.27
125.92
125.61
125.26
124.94
124.60
124.28
123.90
123.59
123.20
122.85
122.51
122.23
121.88
121.53
121.22
120.90
120.55
120.28
119.96
119.65
119.30
118.99
118.68
118.40
118.12
117.81
117.46
117.11
116.80
116.55
116.31
116.03
115.79
115.55
115.27
115.02
114.71
114.43
114.26
114.22
114.50
114.50
114.95
115.51
41.40
116.03
115.61
115.16
114.64
114.22
113.74
113.29
112.83
112.42
112.00
111.58
111.24
110.86
110.51
110.20
109.81
109.47
109.16
108.67
108.91
108.70
81.96
108.95
108.50
108.08
108.08
107.59
645.51
108.81
108.22
107.63
107.11
-224.27
-240.12
-239.92
-232.96
-236.37
-24.67
-24.67
-24.67
99.77
99.66
99.56
99.52
99.42
99.39
99.28
99.18
99.11
99.59
103.26
102.64
101.98
101.32
100.77
100.39
-239.74
-239.92
-239.60
-235.58
-241.44
-238.98
-240.06
-239.42
93.48
93.30
92.96
92.96
92.99
92.75
93.48
94.65
95.38
96.96
96.48
96.48
98.14
99.21
99.77
100.15
100.25
100.32
100.60
100.87
101.12
101.29
101.46
101.57
101.60
101.67
101.67
101.63
101.63
101.63
101.57
101.53
101.46
101.43
101.36
101.29
101.18
101.08
101.01
100.91
100.84
100.70
100.60
100.46
100.35
100.22
100.08
99.90
99.80
99.66
99.49
99.39
99.18
99.04
98.87
98.73
98.62
98.45
98.35
98.21
98.07
97.93
97.83
97.73
97.59
97.45
97.31
97.21
97.07
96.93
96.79
96.65
96.52
96.38
96.24
96.10
96.00
95.86
95.76
95.62
95.51
95.38
95.27
95.13
95.00
94.79
94.65
94.48
94.27
94.10
93.89
93.68
93.51
93.34
93.20
93.10
92.92
92.82
92.72
92.61
92.58
92.54
92.47
92.47
92.51
92.54
92.61
92.72
92.85
92.96
93.06
93.20
93.34
93.58
93.75
93.92
94.17
94.37
94.62
94.89
95.13
95.41
95.69
95.96
96.24
96.55
96.90
97.17
97.24
97.17
97.24
97.35
97.48
97.62
97.76
98.00
98.28
98.59
98.90
99.21
99.56
99.87
100.15
100.53
100.80
101.08
101.43
101.74
102.05
102.36
102.67
103.02
103.33
103.64
103.95
104.23
104.51
104.79
105.03
105.27
105.51
105.72
105.93
106.17
106.38
106.59
106.80
107.00
107.25
107.49
107.66
107.91
108.15
108.36
108.60
108.77
108.91
109.05
109.22
109.36
109.64
109.81
110.02
110.20
110.44
110.65
110.89
111.06
111.27
111.48
111.69
111.90
112.14
112.31
112.52
112.73
112.94
113.18
113.43
113.60
113.84
114.02
114.26
114.43
114.68
114.85
115.06
115.23
115.41
115.55
115.72
115.89
116.07
116.24
116.41
116.59
116.76
116.94
117.08
117.32
117.46
117.63
117.81
117.94
118.08
118.26
118.40
118.54
118.64
118.81
118.92
119.09
119.23
119.37
119.55
119.68
119.86
120.03
120.21
120.38
120.52
120.62
120.73
120.83
120.97
121.08
121.18
121.32
121.39
121.56
121.67
121.77
121.91
122.05
122.19
122.33
122.51
122.64
122.82
122.99
123.13
123.31
123.45
123.59
123.76
123.86
124.04
124.18
124.35
124.49
124.67
124.81
124.91
125.01
125.12
125.22
125.36
125.47
125.54
125.68
125.78
125.89
125.96
126.03
126.13
126.23
126.30
126.44
126.48
126.55
126.62
126.72
126.79
126.90
126.97
127.07
127.14
127.25
127.35
127.46
127.60
127.70
127.84
127.91
128.01
128.05
128.15
128.22
128.33
128.47
128.54
128.61
128.68
128.78
128.85
128.92
129.03
129.13
129.24
129.34
129.48
129.58
129.69
129.76
129.90
130.00
130.07
130.18
130.25
130.32
130.42
130.49
130.56
130.67
130.74
130.81
130.88
130.98
131.05
131.09
131.19
131.26
131.37
131.47
131.58
131.68
131.79
131.86
131.96
132.06
132.13
132.24
132.31
132.38
132.45
132.55
132.66
132.80
132.83
132.97
133.04
133.15
133.22
133.32
133.43
133.57
133.64
133.67
133.78
133.88
133.92
134.02
134.02
134.09
134.20
134.27
134.30
134.37
134.44
134.55
134.62
134.69
134.76
134.90
134.97
135.07
135.18
135.25
135.32
135.39
135.56
135.67
135.81
135.95
136.09
136.16
136.33
136.47
136.51
136.61
136.75
136.82
136.89
136.96
137.10
137.13
137.24
137.31
137.38
137.41
137.48
137.62
137.69
137.76
137.83
137.90
138.01
138.11
138.25
138.36
138.43
138.50
138.54
138.61
138.64
138.75
138.78
138.85
138.92
138.96
138.99
139.06
139.10
139.13
139.13
139.17
139.20
139.27
139.34
139.38
139.41
139.48
139.48
139.55
139.59
139.62
139.69
139.73
139.76
139.80
139.87
139.94
139.97
140.01
140.04
140.11
140.18
140.25
140.29
140.29
140.36
140.39
140.46
140.50
140.53
140.57
140.60
140.64
140.67
140.71
140.74
140.78
140.85
140.95
140.99
141.02
141.02
141.09
141.16
141.20
141.23
141.30
141.37
141.41
141.44
141.48
141.48
141.51
141.55
141.58
141.65
141.65
141.69
141.76
141.72
141.76
141.76
141.79
141.83
141.86
141.86
141.90
141.93
141.97
142.00
142.04
142.04
142.07
142.11
142.14
142.18
142.21
142.28
142.28
142.32
142.35
142.39
142.39
142.42
142.49
142.49
142.49
142.53
142.56
142.53
142.60
142.60
142.56
142.60
142.60
142.67
142.67
142.70
142.74
142.77
142.81
142.81
142.84
142.84
142.84
142.88
142.84
142.81
142.84
142.84
142.88
142.91
142.95
142.95
142.95
142.95
142.98
142.95
142.95
142.95
142.95
142.91
142.91
142.95
142.95
143.02
142.98
142.98
142.98
143.05
143.09
143.09
143.09
143.12
143.12
143.16
143.19
143.19
143.19
143.19
143.19
143.19
143.23
143.23
143.23
143.23
143.23
143.26
143.26
143.33
143.37
143.37
143.48
143.44
143.44
143.44
143.37
143.40
143.40
143.40
143.44
143.44
143.51
143.55
143.51
143.51
143.48
143.44
143.40
143.37
143.37
143.30
143.23
143.12
142.98
142.84
142.67
142.46
142.18
141.97
141.69
141.41
141.09
140.71
140.29
139.83
139.38
138.89
138.29
137.66
137.06
136.47
136.02
135.63
135.28
134.97
134.65
134.37
134.09
133.81
133.57
133.32
133.11
132.87
132.59
132.38
132.10
132.03
131.89
131.68
131.40
131.19
131.12
131.16
131.16
131.16
131.19
131.16
131.12
130.98
131.16
131.51
131.65
131.65
131.68
131.72
131.79
131.99
132.06
132.13
132.27
132.45
132.69
132.83
133.01
133.18
133.29
133.43
133.50
133.57
133.60
133.64
133.67
133.67
133.71
133.67
133.71
133.64
133.60
133.57
133.53
133.57
133.57
133.53
133.53
133.53
133.53
133.53
133.53
133.50
133.46
133.46
133.39
133.36
133.36
133.29
133.25
133.18
133.18
133.15
133.15
133.11
133.11
133.11
133.01
132.83
131.40
129.31
127.60
127.70
128.61
129.13
129.58
129.83
130.32
130.63
135.07
138.78
137.24
136.40
135.28
133.01
131.75
132.13
133.04
132.83
132.03
131.47
130.81
129.72
128.96
128.43
128.08
127.63
127.04
126.34
125.64
124.94
124.42
123.86
817.99
125.19
126.30
127.67
128.89
129.52
129.41
131.65
132.10
132.24
132.45
133.36
133.57
133.39
136.61
135.07
135.60
136.23
135.39
134.72
134.90
135.32
135.91
135.91
135.00
133.88
132.45
130.74
128.54
126.27
124.39
123.72
123.17
122.68
122.30
121.91
121.43
120.90
120.45
120.00
119.51
118.99
118.47
117.98
117.56
117.21
117.04
117.04
116.94
117.01
117.14
117.14
117.25
117.25
117.28
117.21
117.01
116.69
116.14
115.72
115.44
115.09
114.64
114.36
113.63
113.08
112.35
111.41
110.65
109.57
108.57
106.59
106.59
106.59
106.59
106.59
106.59
106.59
106.59
106.59
106.59
106.59
106.59
106.59
106.59
106.59
106.59
106.59
106.59
106.59
106.59
106.59
106.59
106.59
106.59
106.59
106.59
106.59
106.59
106.59
106.59
106.59
106.59
106.59
106.59
106.59
106.59
106.59
106.59
106.59
106.59
106.59
106.59
106.59
106.59
106.59
106.59
106.59
106.59
106.59
106.59
106.59
106.59
106.59
106.59
106.59
106.59
106.59
106.59
106.59
106.59
106.59
106.59
106.59
106.59
106.59
106.59
106.59
106.59
106.59
106.59
106.59
106.59
106.59
106.59
106.59
106.59
106.59
106.59
106.59
106.59
106.59
106.59
106.59
106.59
106.59
106.59
80.96
79.97
78.76
77.39
76.22
74.95
73.75
72.55
71.28
69.98
68.84
67.75
66.69
65.66
64.63
63.67
62.78
61.96
61.00
60.22
59.50
58.61
57.86
57.25
56.46
55.54
54.92
54.24
53.63
52.91
52.26
51.72
51.10
50.42
49.64
49.06
48.41
47.90
47.36
46.85
46.40
