43.37
43.37
43.41
43.44
43.44
43.48
43.54
43.54
43.58
43.58
43.61
43.65
43.68
43.68
43.71
43.75
43.75
43.78
43.82
43.82
43.85
43.85
43.88
43.92
43.92
43.99
43.95
44.02
44.02
44.05
44.05
44.09
44.09
44.09
44.12
44.12
44.16
44.16
44.22
44.22
44.22
44.22
44.33
44.33
44.33
44.33
44.36
44.39
44.39
44.43
44.43
44.46
44.50
44.50
44.53
44.53
44.56
44.56
44.60
44.60
44.63
44.67
44.67
44.67
44.67
44.70
44.70
44.73
44.77
44.73
44.77
44.77
44.80
44.80
44.84
44.84
44.87
44.87
44.91
44.94
44.97
45.04
45.04
45.14
45.18
45.25
45.31
45.45
45.52
45.65
45.79
45.96
46.06
46.23
46.37
46.54
46.74
46.95
47.12
47.29
47.53
47.73
48.04
48.28
48.48
48.75
49.02
49.30
49.54
49.84
50.12
50.42
50.66
50.97
51.27
51.58
51.85
52.16
52.40
52.74
53.05
53.35
53.59
53.93
54.28
54.58
54.89
55.20
55.50
55.85
56.19
56.53
56.80
57.11
57.42
57.72
58.03
58.30
58.58
58.82
59.12
59.36
59.60
59.81
59.95
60.15
60.32
60.53
60.73
60.97
61.14
61.38
61.55
61.83
62.00
62.27
62.54
62.72
62.95
63.16
63.43
63.67
63.91
64.15
64.39
64.60
64.77
65.04
65.32
65.49
65.69
65.93
66.10
66.38
66.51
66.72
66.89
67.10
67.30
67.54
67.71
67.88
68.09
68.30
68.54
68.67
68.91
69.08
69.29
69.46
69.67
69.84
70.01
70.15
70.32
70.42
70.59
70.76
70.94
71.07
71.28
71.45
71.59
71.76
71.93
72.10
72.27
72.41
72.55
72.72
72.89
73.03
73.17
73.30
73.44
73.58
73.78
73.92
74.02
74.23
74.37
74.54
74.71
74.88
75.05
75.19
75.33
75.50
75.67
75.77
75.98
76.12
76.29
76.39
76.53
76.67
76.77
76.98
77.11
77.29
77.46
77.63
77.77
77.94
78.15
78.32
78.45
78.63
78.76
78.97
79.11
79.31
79.42
79.55
79.73
79.86
80.07
80.14
80.35
80.48
80.62
80.76
80.96
81.17
81.41
81.62
81.79
81.96
82.07
82.24
82.38
82.48
82.51
82.62
82.72
82.79
82.86
82.93
82.96
83.03
83.13
83.24
83.37
83.48
83.61
83.68
83.79
83.86
83.96
84.06
84.17
84.23
84.30
84.37
84.48
84.51
84.51
84.58
84.68
84.72
84.79
84.89
84.96
85.10
85.20
85.34
85.51
85.65
85.78
85.89
86.09
86.23
86.47
86.65
86.82
87.02
87.27
87.47
87.68
87.78
87.89
88.02
88.06
88.06
88.13
88.13
88.20
88.30
88.44
88.47
88.58
88.68
88.82
88.96
89.02
89.13
89.30
89.40
89.47
89.65
89.82
89.96
90.20
90.44
90.65
90.92
91.13
91.40
91.61
91.89
92.09
92.37
92.65
92.92
93.27
93.48
93.79
94.06
94.37
94.72
94.96
95.27
95.58
95.93
96.17
96.48
96.83
97.10
97.41
97.69
97.97
98.24
98.49
98.76
99.04
99.28
99.56
99.84
100.15
100.35
100.63
100.87
101.18
101.43
101.67
101.95
102.22
102.50
102.67
102.95
103.23
103.44
103.71
103.92
104.16
104.37
104.58
104.79
105.03
105.24
105.41
105.65
105.83
106.07
106.24
106.45
106.62
106.83
106.97
107.14
107.35
107.59
107.73
107.98
108.15
108.32
108.46
108.70
108.88
109.09
109.26
109.50
109.74
109.95
110.20
110.47
110.72
110.92
111.17
111.34
111.52
111.69
111.83
112.00
112.14
112.35
112.52
112.66
112.87
113.08
113.25
113.43
113.67
113.77
114.05
114.29
114.50
114.75
114.92
115.09
115.34
115.51
115.68
115.86
116.10
116.31
116.45
116.62
116.83
117.04
117.18
117.35
117.53
117.74
117.88
118.05
118.29
118.43
118.61
118.81
118.95
119.13
119.30
119.41
119.62
119.75
119.93
120.10
120.24
120.42
120.55
120.69
120.87
121.01
121.18
121.36
121.53
121.67
121.81
121.95
122.05
122.23
122.33
122.47
122.64
122.75
122.85
122.96
123.06
123.20
123.27
123.48
123.55
123.66
123.76
123.83
123.93
124.07
124.14
124.21
124.32
124.39
124.49
124.60
124.60
124.70
124.81
124.88
124.94
125.08
125.22
125.29
125.43
125.57
125.68
125.85
125.96
126.13
126.30
126.37
126.48
126.62
126.76
126.86
126.97
127.04
127.14
127.25
127.35
127.42
127.53
127.60
127.67
127.73
127.80
127.91
127.94
127.98
128.08
128.15
128.26
128.33
128.36
128.43
128.50
128.57
128.68
128.68
128.71
128.68
128.71
128.64
128.64
128.64
128.64
128.64
128.68
128.75
128.75
128.82
128.89
128.99
129.06
129.06
129.17
129.27
129.34
129.52
129.62
129.79
130.04
130.21
130.35
130.63
130.77
130.98
131.26
131.44
131.65
131.82
132.03
132.20
132.34
132.48
132.66
132.76
132.87
132.97
133.04
133.15
133.25
133.39
133.50
133.60
133.74
133.95
134.13
134.27
134.41
134.58
134.65
134.76
134.86
134.97
135.00
135.14
135.14
135.14
135.18
135.18
135.25
135.25
135.32
135.42
135.60
135.74
135.95
136.09
136.26
136.51
136.58
136.71
136.89
137.10
137.24
137.45
137.69
137.87
138.01
138.11
138.22
138.22
138.29
138.33
138.43
138.50
138.61
138.78
138.92
139.06
139.20
139.31
139.45
139.55
139.73
139.87
139.97
140.08
140.18
140.32
140.46
140.60
140.71
140.81
140.88
140.99
141.13
141.20
141.30
141.41
141.62
141.72
141.83
141.86
141.93
142.00
142.14
142.28
142.39
142.49
142.60
142.70
142.77
142.84
142.98
143.09
143.12
143.16
143.19
143.26
143.26
143.30
143.30
143.26
143.23
143.26
143.26
143.30
143.33
143.44
143.44
143.40
143.37
143.40
143.37
143.37
143.40
143.37
143.44
143.51
143.58
143.65
143.72
143.76
143.83
143.90
144.04
144.07
144.14
144.25
144.35
144.49
144.53
144.56
144.60
144.56
144.56
144.53
144.60
144.53
144.53
144.49
144.56
144.56
144.60
144.60
144.56
144.49
144.39
144.32
144.32
144.28
144.28
144.28
144.28
144.32
144.39
144.42
144.39
144.39
144.39
144.46
144.53
144.63
144.67
144.74
144.84
144.88
144.98
145.02
145.02
145.02
145.02
144.98
144.91
144.95
144.91
144.88
144.84
144.88
144.91
144.98
144.98
145.02
145.12
145.16
145.23
145.37
145.51
145.58
145.65
145.76
145.90
146.00
146.14
146.25
146.42
146.56
146.74
146.84
146.95
147.09
147.19
147.30
147.44
147.51
147.58
147.65
147.76
147.83
147.90
147.93
147.93
148.04
148.11
148.14
148.25
148.32
148.39
148.46
148.49
148.56
148.63
148.67
148.81
148.91
148.98
149.05
149.16
149.27
149.34
149.41
149.48
149.55
149.62
149.69
149.72
149.79
149.93
150.00
150.07
150.21
150.28
150.39
150.50
150.60
150.71
150.78
150.85
150.88
150.92
150.95
150.99
150.92
150.92
150.92
150.95
150.95
151.02
151.02
150.95
150.85
150.81
150.74
150.67
150.60
150.60
150.60
150.60
150.64
150.64
150.67
150.71
150.74
150.81
150.85
150.88
150.92
151.02
151.02
151.13
151.20
151.20
151.23
151.27
151.41
151.58
151.80
151.97
152.22
152.43
152.64
152.85
152.96
153.06
153.10
153.24
153.31
153.45
153.45
153.52
153.52
153.55
153.55
153.55
153.55
153.55
153.52
153.55
153.52
153.52
153.52
153.45
153.41
153.41
153.45
153.45
153.41
153.38
153.31
153.24
153.27
153.27
153.13
152.99
152.82
152.60
152.43
152.29
152.18
152.08
151.97
151.90
151.90
151.90
151.94
151.97
152.01
152.11
152.11
152.08
152.08
152.04
152.08
152.01
151.94
151.90
151.83
151.80
151.83
151.73
151.55
151.51
151.44
151.34
151.30
151.20
151.23
151.23
151.23
151.27
151.16
151.06
150.95
150.85
150.57
149.79
148.98
148.18
147.83
147.44
147.12
146.91
146.49
146.39
146.14
146.04
145.97
145.86
145.83
145.76
145.76
145.83
145.79
145.86
145.97
146.18
146.46
146.67
146.98
147.12
147.47
147.33
147.30
147.23
147.23
147.23
147.16
147.12
147.12
146.91
146.98
146.81
146.67
146.56
146.46
146.21
145.79
145.86
144.81
144.18
144.63
144.32
144.21
145.09
145.51
146.35
147.58
148.46
149.37
150.07
150.71
151.13
151.55
151.94
152.22
152.53
152.78
153.03
153.34
153.59
153.84
154.08
154.33
154.47
154.68
154.82
154.96
155.00
155.14
155.17
155.31
155.45
155.56
155.63
155.74
155.84
155.95
156.12
156.23
156.40
156.54
156.62
156.58
156.51
156.44
156.26
156.12
155.95
155.77
155.66
155.56
155.49
155.42
155.28
155.07
154.79
154.50
154.29
154.08
153.84
153.69
153.45
153.31
153.13
152.99
152.85
152.67
152.53
152.46
152.39
152.25
152.15
152.08
151.97
151.94
151.87
151.80
151.73
151.55
151.44
151.30
151.23
151.16
151.06
151.02
150.95
150.81
150.71
150.53
150.39
150.25
150.11
149.93
149.72
149.55
149.37
149.20
148.98
148.81
148.60
148.39
148.11
147.93
147.62
147.37
147.12
146.91
146.70
146.46
146.25
145.93
145.68
145.37
145.02
144.67
144.32
143.93
143.62
143.30
142.91
142.53
142.18
141.86
141.51
141.23
140.95
140.71
140.43
140.25
140.01
139.76
139.55
139.38
139.17
138.89
138.67
138.50
138.29
138.05
137.83
137.62
137.41
137.13
136.92
136.64
136.40
136.12
135.88
135.56
135.28
135.00
134.69
134.41
134.09
133.85
133.57
133.22
133.01
132.76
132.55
131.82
131.23
130.95
130.74
130.42
129.93
129.03
126.83
124.00
120.66
117.14
114.02
111.48
109.16
106.90
104.68
102.50
100.39
98.31
96.38
94.62
92.79
91.13
89.47
87.78
86.34
84.82
83.34
81.96
80.55
79.21
77.80
76.50
75.12
73.95
72.75
71.66
70.63
69.67
68.74
67.82
66.89
66.10
65.21
64.39
63.47
62.61
61.72
60.94
60.32
59.64
58.99
58.41
57.59
56.94
56.26
55.64
55.06
54.58
54.11
53.63
53.25
52.77
52.40
51.99
51.58
51.17
50.83
41.57
41.61
41.64
41.67
41.78
41.78
41.81
41.91
41.91
41.98
42.01
42.01
42.08
42.12
42.18
42.18
42.22
42.22
42.22
42.29
42.29
42.32
42.32
42.35
42.39
42.42
42.49
42.49
42.52
42.56
42.56
42.63
42.66
42.66
42.73
42.76
42.76
42.80
42.86
42.86
42.93
42.90
42.93
42.97
43.03
43.07
43.10
43.14
43.14
43.14
43.20
43.20
43.24
43.27
43.31
43.34
43.34
43.37
43.41
43.41
43.48
43.48
43.51
43.51
43.54
43.58
43.61
43.58
43.68
43.68
43.71
43.75
43.78
43.78
43.82
43.85
43.88
43.88
43.95
43.95
43.95
44.02
44.02
44.05
44.09
44.12
44.12
44.19
44.19
44.19
44.22
44.26
44.26
44.29
44.29
44.33
44.36
44.39
44.39
44.46
44.50
44.50
44.53
44.60
44.67
44.73
44.84
44.94
45.08
45.18
45.31
45.48
45.62
45.79
45.96
46.16
46.33
46.54
46.74
46.98
47.22
47.42
47.70
47.93
48.21
48.45
48.72
49.02
49.30
49.57
49.88
50.18
50.52
50.76
51.10
51.41
51.72
52.06
52.37
52.71
53.05
53.35
53.70
54.00
54.38
54.65
55.03
55.30
55.68
55.98
56.36
56.60
56.97
57.28
57.59
57.93
58.17
58.34
58.54
58.71
58.92
59.12
59.33
59.57
59.84
60.01
60.32
60.56
60.83
61.11
61.35
61.65
61.96
62.24
62.58
62.89
63.19
63.57
63.91
64.25
64.63
65.01
65.42
65.80
66.17
66.55
66.96
67.34
67.71
68.12
68.43
68.81
69.19
69.53
69.87
70.25
70.59
70.94
71.35
71.69
72.07
72.45
72.75
73.13
73.47
73.82
74.20
74.50
74.88
75.19
75.60
75.95
76.32
76.63
76.94
77.25
77.53
77.80
78.11
78.42
78.70
79.00
79.31
79.59
79.90
80.21
80.52
80.83
81.14
81.45
81.72
82.00
82.27
82.55
82.82
83.10
83.41
83.72
84.03
84.34
84.61
84.96
85.20
85.51
85.82
86.09
86.37
86.65
86.92
87.13
87.44
87.68
87.96
88.23
88.47
88.75
88.99
89.27
89.51
89.75
90.02
90.27
90.51
90.75
90.99
91.23
91.47
91.75
91.99
92.23
92.51
92.72
92.99
93.23
93.44
93.68
93.92
94.10
94.30
94.55
94.72
94.89
95.06
95.27
95.48
95.69
95.89
96.03
96.24
96.41
96.58
96.79
97.00
97.21
97.38
97.62
97.83
98.04
98.17
98.42
98.59
98.80
99.01
99.18
99.39
99.56
99.73
99.94
100.18
100.28
100.49
100.70
100.87
101.12
101.32
101.57
101.70
101.95
102.15
102.36
102.57
102.85
103.09
103.26
103.54
103.75
103.95
104.13
104.34
104.54
104.72
104.92
105.10
105.34
105.55
105.79
106.03
106.31
106.59
106.87
107.11
107.32
107.56
107.77
107.98
108.15
108.36
108.53
108.70
108.84
109.02
109.16
109.33
109.50
109.64
109.81
109.95
110.16
110.30
110.44
110.61
110.82
110.92
111.10
111.27
111.41
111.55
111.76
111.93
112.07
112.21
112.42
112.56
112.73
112.83
112.97
113.11
113.25
113.39
113.49
113.63
113.70
113.84
113.91
114.05
114.19
114.29
114.43
114.54
114.68
114.78
114.88
114.99
115.09
115.27
115.37
115.55
115.68
115.82
115.96
116.10
116.24
116.38
116.55
116.66
116.80
116.90
117.01
117.14
117.21
117.35
117.49
117.53
117.63
117.77
117.84
117.94
118.05
118.19
118.36
118.43
118.57
118.75
118.92
119.06
119.27
119.44
119.65
119.79
119.93
120.14
120.28
120.38
120.49
120.62
120.73
120.83
120.94
121.04
121.18
121.29
121.39
121.53
121.63
121.74
121.84
121.98
122.05
122.16
122.30
122.40
122.47
122.57
122.68
122.78
122.89
122.99
123.10
123.20
123.31
123.41
123.48
123.62
123.69
123.83
123.90
124.00
124.11
124.25
124.35
124.46
124.53
124.67
124.81
124.88
124.98
125.12
125.26
125.43
125.54
125.71
125.85
125.99
126.13
126.30
126.44
126.58
126.72
126.86
127.00
127.14
127.28
127.39
127.63
127.73
127.91
128.05
128.22
128.36
128.54
128.71
128.75
128.92
129.06
129.17
129.27
129.38
129.48
129.58
129.69
129.83
129.93
130.11
130.28
130.39
130.53
130.63
130.70
130.74
130.81
130.81
130.81
130.84
130.84
130.91
130.95
130.98
131.02
131.09
131.19
131.30
131.40
131.51
131.61
131.72
131.86
131.99
132.10
132.24
132.41
132.48
132.66
132.76
132.87
133.04
133.18
133.36
133.50
133.67
133.81
133.99
134.13
134.30
134.44
134.58
134.72
134.86
135.04
135.18
135.32
135.42
135.53
135.63
135.77
135.88
136.02
136.12
136.26
136.36
136.44
136.54
136.64
136.71
136.79
136.86
136.99
137.03
137.13
137.20
137.31
137.34
137.48
137.52
137.66
137.80
137.87
138.01
138.15
138.25
138.33
138.39
138.46
138.50
138.57
138.57
138.57
138.57
138.57
138.57
138.64
138.67
138.71
138.71
138.71
138.78
138.75
138.82
138.85
138.89
138.92
138.96
139.06
139.13
139.20
139.24
139.31
139.34
139.38
139.48
139.55
139.62
139.73
139.83
139.90
140.04
140.11
140.22
140.32
140.39
140.50
140.60
140.71
140.78
140.88
141.02
141.13
141.20
141.30
141.41
141.44
141.48
141.55
141.58
141.65
141.72
141.83
141.90
142.04
142.18
142.25
142.32
142.35
142.42
142.46
142.53
142.60
142.63
142.70
142.81
142.91
142.95
143.05
143.12
143.19
143.26
143.30
143.37
143.48
143.55
143.58
143.72
143.76
143.90
143.97
144.07
144.14
144.21
144.32
144.39
144.46
144.53
144.60
144.67
144.70
144.77
144.77
144.81
144.84
144.91
144.88
144.91
144.88
144.84
144.81
144.77
144.74
144.67
144.60
144.49
144.42
144.32
144.25
144.14
144.04
143.93
143.86
143.72
143.69
143.58
143.51
143.40
143.33
143.23
143.12
143.05
142.98
142.91
142.91
142.88
142.88
142.81
142.74
142.67
142.60
142.46
142.32
142.18
141.97
141.79
141.55
141.37
141.13
140.88
140.71
140.53
140.32
140.15
139.94
139.69
139.45
139.17
138.92
138.64
138.33
138.08
137.76
137.55
137.24
136.96
136.64
136.36
136.09
135.74
135.39
135.07
134.72
134.41
134.09
133.74
133.43
133.11
132.83
132.52
132.24
131.96
131.68
131.33
131.02
130.70
130.39
130.14
129.90
129.62
129.38
129.17
128.96
128.78
128.64
128.47
128.26
128.12
127.98
127.84
127.80
127.56
127.35
127.07
126.93
126.72
126.62
126.48
126.41
126.30
126.34
126.27
126.27
126.23
126.27
126.27
126.30
126.37
126.41
126.51
126.58
126.65
126.69
126.83
126.90
127.04
127.11
127.21
127.28
127.42
127.49
127.63
127.77
127.87
127.98
128.08
128.22
128.33
128.47
128.61
128.68
128.78
128.89
128.99
129.06
129.10
129.13
129.20
129.31
129.31
129.38
129.41
129.45
129.45
129.48
129.52
129.55
129.55
129.52
129.55
129.55
129.55
129.62
129.65
129.65
129.69
129.72
129.76
129.79
129.83
129.90
129.90
129.93
129.97
130.00
130.04
130.07
130.07
130.07
130.11
130.14
130.14
130.18
130.18
130.21
130.21
130.28
130.28
130.35
130.39
130.49
130.56
130.67
130.74
130.74
130.84
130.88
130.95
131.02
131.12
131.12
131.19
131.23
131.26
131.26
131.33
131.33
131.33
131.40
131.40
131.40
131.40
131.44
131.44
131.47
131.47
131.51
131.51
131.51
131.51
131.51
131.58
131.58
131.61
131.61
131.65
131.68
131.72
131.72
131.75
131.75
131.79
131.86
131.86
131.89
131.92
131.96
131.99
132.03
132.06
132.13
132.13
132.17
132.20
132.27
132.27
132.27
132.34
132.38
132.38
132.38
132.38
132.41
132.45
132.48
132.52
132.55
132.59
132.59
132.62
132.69
132.69
132.76
132.80
132.83
132.90
132.90
132.97
133.01
133.11
133.11
133.18
133.25
133.32
133.36
133.36
133.43
133.50
133.53
133.60
133.64
133.67
133.67
133.78
133.74
133.78
133.88
133.88
133.95
134.02
134.02
134.09
134.16
134.20
134.23
134.30
134.37
134.41
134.44
134.48
134.51
134.55
134.58
134.65
134.69
134.69
134.72
134.79
134.83
134.86
134.90
134.93
134.93
135.00
135.04
135.11
135.14
135.21
135.21
135.25
135.35
135.39
135.42
135.49
135.46
135.56
135.56
135.60
135.63
135.63
135.63
135.70
135.70
135.67
135.74
135.74
135.74
135.74
135.77
135.74
135.74
135.74
135.67
135.35
134.97
134.55
134.27
133.99
133.78
133.57
133.46
133.39
133.78
134.16
134.48
134.72
135.00
135.21
135.42
135.60
135.81
136.02
136.30
136.44
136.58
136.75
136.96
137.13
137.34
137.55
137.76
137.97
138.18
138.36
138.57
138.78
138.96
139.10
139.31
139.38
139.55
139.66
139.80
139.90
140.01
140.08
140.22
140.29
140.36
140.43
140.53
140.60
140.67
140.78
140.88
140.95
141.06
141.16
141.27
141.34
141.48
141.58
141.72
141.79
141.90
141.97
142.04
142.07
142.14
142.25
142.32
142.46
142.53
142.63
142.81
142.91
143.02
143.12
143.23
143.37
143.44
143.55
143.65
143.69
143.79
143.83
143.90
143.97
144.04
144.07
144.11
144.21
144.28
144.39
144.53
144.60
144.74
144.84
144.98
145.05
145.23
145.30
145.44
145.58
145.68
145.76
145.86
145.97
146.07
146.18
146.25
146.35
146.39
146.49
146.53
146.60
146.67
146.77
146.84
146.91
146.98
147.09
147.16
147.19
147.26
147.33
147.37
147.47
147.58
147.65
147.76
147.79
147.83
147.79
147.83
147.83
147.76
147.76
147.69
147.62
147.54
147.40
147.30
147.16
147.12
146.98
146.88
146.81
146.77
146.67
146.56
146.49
146.39
146.28
146.21
146.07
146.00
145.97
145.86
145.83
145.79
145.76
145.72
145.76
145.72
145.76
145.68
145.65
145.58
145.51
145.40
145.33
145.26
145.16
145.09
145.02
144.95
144.88
144.81
144.70
144.56
144.53
144.42
144.35
144.25
144.18
144.11
144.04
144.00
144.00
143.97
143.97
143.93
144.00
144.07
144.11
144.11
144.11
144.11
143.97
143.86
143.72
143.62
143.44
143.23
143.02
142.84
142.67
142.46
142.32
142.14
142.00
141.79
141.65
141.51
141.37
141.23
141.06
140.85
140.74
140.53
140.36
140.18
139.94
139.80
139.62
139.41
139.20
139.03
138.85
138.64
138.46
138.22
138.01
137.76
137.45
137.06
136.75
136.36
135.98
135.67
135.35
135.11
134.97
134.65
134.41
134.09
133.78
133.50
133.25
132.97
132.69
132.41
132.13
131.79
131.54
131.33
131.12
130.95
130.70
130.46
130.18
129.93
129.65
129.34
129.10
128.85
128.64
128.50
128.36
128.26
128.15
128.08
128.01
127.87
127.77
127.70
127.56
127.49
127.35
127.25
127.11
127.04
126.93
126.83
126.76
126.65
126.58
126.51
126.44
126.37
126.30
126.30
126.23
126.27
126.27
126.27
126.27
126.30
126.34
126.37
126.41
126.44
126.51
126.58
126.65
126.69
126.79
126.86
126.97
127.04
127.18
127.25
127.35
127.42
127.49
127.56
127.63
127.63
127.67
127.73
127.77
127.84
127.98
128.15
128.33
128.54
128.64
128.85
128.99
129.17
129.34
129.52
129.69
129.86
130.07
130.25
130.39
130.53
130.70
130.88
131.02
131.19
131.37
131.54
131.68
131.82
131.92
132.03
132.17
132.27
132.41
132.52
132.62
132.73
132.87
133.04
133.18
133.32
133.46
133.57
133.71
133.81
133.95
134.06
134.20
134.34
134.44
134.55
134.72
134.93
135.07
135.18
135.35
135.46
135.60
135.74
135.91
136.12
136.33
136.51
136.64
136.89
137.10
137.27
137.52
137.73
137.97
138.15
138.36
138.54
138.67
138.75
138.25
137.55
137.13
136.89
136.68
136.51
136.36
136.30
136.33
136.40
136.44
136.44
136.36
136.44
136.51
136.64
136.71
136.86
136.99
137.13
137.34
137.48
136.58
135.35
134.55
134.20
133.99
133.95
133.85
133.81
133.71
133.64
133.60
133.64
133.64
133.67
133.74
133.81
133.99
134.16
134.34
134.55
134.83
135.04
135.28
135.56
135.84
136.05
136.33
136.47
136.68
136.89
137.03
137.17
137.31
137.45
137.62
137.73
137.87
138.01
138.15
138.22
138.39
138.54
138.71
138.89
138.99
139.13
139.24
139.31
139.38
139.48
139.55
139.62
139.73
139.80
139.87
139.90
139.97
140.04
140.08
140.15
140.15
140.15
140.15
140.18
140.18
140.18
140.11
140.08
140.01
140.01
139.94
139.83
139.76
139.69
139.66
139.55
139.48
139.38
139.31
139.24
139.17
139.06
139.03
138.96
138.89
138.89
138.85
138.89
138.92
138.99
139.06
139.13
139.20
139.27
139.34
139.38
139.41
139.45
139.52
139.62
139.73
139.87
140.01
140.25
140.39
140.53
140.60
140.67
140.64
140.71
140.71
140.78
140.81
140.85
141.02
141.13
141.27
141.48
141.58
141.72
141.90
142.04
142.14
142.25
142.35
142.42
142.46
142.49
142.53
142.56
142.60
142.70
142.77
142.84
142.98
143.05
143.16
143.26
143.40
143.51
143.65
143.76
143.83
143.90
143.93
144.04
144.11
144.25
144.35
144.39
144.49
144.60
144.67
144.67
144.67
144.70
144.70
144.67
144.60
144.53
144.53
144.53
144.49
144.42
144.39
144.35
144.32
144.18
143.97
143.86
143.65
143.55
143.37
143.19
143.12
142.84
142.67
142.42
142.21
142.00
141.72
141.55
141.30
141.13
140.88
140.67
140.46
140.18
139.90
139.66
139.31
138.96
138.61
138.25
137.87
137.59
137.20
136.86
136.51
136.16
135.81
135.46
135.14
134.79
134.48
134.16
133.85
133.57
133.29
133.01
132.76
132.45
132.24
131.96
131.72
131.44
131.19
130.95
130.70
130.42
130.14
129.90
129.62
129.34
129.03
128.71
128.40
128.15
127.80
127.53
127.25
126.97
126.69
126.41
126.17
125.85
125.57
125.29
125.01
124.77
124.49
124.21
123.97
123.76
123.45
123.17
122.89
122.57
122.26
121.95
121.63
121.32
120.97
120.66
120.35
120.03
119.72
119.51
119.27
119.06
118.85
118.64
118.43
118.19
118.01
117.77
117.53
117.32
117.08
116.83
116.59
116.34
116.17
115.89
115.61
115.34
115.09
114.88
114.61
114.29
113.98
113.70
113.39
113.15
112.87
112.66
112.49
112.31
112.17
111.97
111.83
111.65
111.52
111.38
111.24
111.10
110.99
110.86
110.68
110.54
110.40
110.30
110.09
109.95
109.78
109.61
109.43
109.26
109.16
108.98
108.81
108.63
108.46
108.22
108.04
107.84
107.63
107.46
107.25
107.07
106.90
106.69
106.52
106.31
106.07
105.86
105.69
105.44
105.20
105.03
104.82
104.65
104.47
104.34
104.16
104.02
103.89
103.75
103.64
103.47
103.40
103.23
103.12
102.98
102.92
102.81
102.67
102.53
102.43
102.29
102.15
102.02
101.88
101.70
101.57
101.39
101.18
101.08
100.91
100.80
100.70
100.53
100.39
100.22
100.04
99.94
99.73
99.59
99.45
99.28
99.21
99.07
98.94
98.80
98.66
98.56
98.42
98.28
98.17
98.04
97.90
97.73
97.59
97.45
97.24
97.10
96.93
96.76
96.65
96.48
96.27
96.10
95.79
95.48
95.20
94.96
94.62
94.34
94.03
93.86
93.68
93.48
93.10
92.96
93.89
94.96
95.34
95.62
95.82
95.93
96.07
96.17
96.17
96.24
96.24
96.27
96.24
96.20
96.20
96.17
